[31mvoid DBusMenuImporter::slotGetLayoutFinished(QDBusPendingCallWatcher*)[0m: "No such interface 'com.canonical.dbusmenu' on object at path /org/ayatana/bamf/window/79691824"
[31mvoid DBusMenuImporter::slotGetLayoutFinished(QDBusPendingCallWatcher*)[0m: "No such interface 'com.canonical.dbusmenu' on object at path /org/ayatana/bamf/window/79691846"
QCoreApplication::postEvent: Unexpected null receiver
[31mvoid DBusMenuImporter::slotGetLayoutFinished(QDBusPendingCallWatcher*)[0m: "No such interface 'com.canonical.dbusmenu' on object at path /org/ayatana/bamf/window/79692187"
[31mvoid DBusMenuImporter::slotGetLayoutFinished(QDBusPendingCallWatcher*)[0m: "No such interface 'com.canonical.dbusmenu' on object at path /org/ayatana/bamf/window/79691786"
[31mvoid DBusMenuImporter::slotGetLayoutFinished(QDBusPendingCallWatcher*)[0m: "No such interface 'com.canonical.dbusmenu' on object at path /org/ayatana/bamf/window/54526548"
[31mvoid DBusMenuImporter::slotGetLayoutFinished(QDBusPendingCallWatcher*)[0m: "No such interface 'com.canonical.dbusmenu' on object at path /org/ayatana/bamf/window/79696287"
[31mvoid DBusMenuImporter::slotGetLayoutFinished(QDBusPendingCallWatcher*)[0m: "No such interface 'com.canonical.dbusmenu' on object at path /org/ayatana/bamf/window/54525964"
[31mvoid DBusMenuImporter::slotAboutToShowDBusCallFinished(QDBusPendingCallWatcher*)[0m: Call to AboutToShow() failed: "The ID supplied 2620 does not refer to a menu item we have"
[31mbool DBusMenuImporterPrivate::waitForWatcher(QDBusPendingCallWatcher*, int)[0m: "The ID supplied 2620 does not refer to a menu item we have"
[31mvoid DBusMenuImporter::slotMenuAboutToShow()[0m: Application did not answer to AboutToShow() before timeout
[31mvoid DBusMenuImporter::slotAboutToShowDBusCallFinished(QDBusPendingCallWatcher*)[0m: Call to AboutToShow() failed: "The ID supplied 2586 does not refer to a menu item we have"
[31mbool DBusMenuImporterPrivate::waitForWatcher(QDBusPendingCallWatcher*, int)[0m: "The ID supplied 2586 does not refer to a menu item we have"
[31mvoid DBusMenuImporter::slotMenuAboutToShow()[0m: Application did not answer to AboutToShow() before timeout
[31mvoid DBusMenuImporter::slotAboutToShowDBusCallFinished(QDBusPendingCallWatcher*)[0m: Call to AboutToShow() failed: "The ID supplied 2569 does not refer to a menu item we have"
[31mbool DBusMenuImporterPrivate::waitForWatcher(QDBusPendingCallWatcher*, int)[0m: "The ID supplied 2569 does not refer to a menu item we have"
[31mvoid DBusMenuImporter::slotMenuAboutToShow()[0m: Application did not answer to AboutToShow() before timeout
[31mvoid DBusMenuImporter::slotAboutToShowDBusCallFinished(QDBusPendingCallWatcher*)[0m: Call to AboutToShow() failed: "No such interface 'com.canonical.dbusmenu' on object at path /org/ayatana/bamf/window/79691786"
[31mbool DBusMenuImporterPrivate::waitForWatcher(QDBusPendingCallWatcher*, int)[0m: "No such interface 'com.canonical.dbusmenu' on object at path /org/ayatana/bamf/window/79691786"
[31mvoid DBusMenuImporter::slotMenuAboutToShow()[0m: Application did not answer to AboutToShow() before timeout
[31mvoid DBusMenuImporter::slotAboutToShowDBusCallFinished(QDBusPendingCallWatcher*)[0m: Call to AboutToShow() failed: "No such interface 'com.canonical.dbusmenu' on object at path /org/ayatana/bamf/window/79691786"
[31mbool DBusMenuImporterPrivate::waitForWatcher(QDBusPendingCallWatcher*, int)[0m: "No such interface 'com.canonical.dbusmenu' on object at path /org/ayatana/bamf/window/79691786"
[31mvoid DBusMenuImporter::slotMenuAboutToShow()[0m: Application did not answer to AboutToShow() before timeout
