-------------------------------------------------------------------------------
>Log Session: Tuesday, January 29, 2019 6:28:40 PM IST
>System Info: 
  Product Version         = Apache NetBeans IDE 10.0 (Build incubator-netbeans-snap-release-9-on-20181225)
  Operating System        = Linux version 4.15.0-43-generic running on amd64
  Java; VM; Vendor        = 1.8.0_191; OpenJDK 64-Bit Server VM 25.191-b12; Oracle Corporation
  Runtime                 = OpenJDK Runtime Environment 1.8.0_191-8u191-b12-0ubuntu0.16.04.1-b12
  Java Home               = /usr/lib/jvm/java-8-openjdk-amd64/jre
  System Locale; Encoding = en_IN (nb); UTF-8
  Home Directory          = /home/divum
  Current Directory       = /home/divum
  User Directory          = /home/divum/snap/netbeans/common/data/10.0
  Cache Directory         = /home/divum/snap/netbeans/common/cache/10.0
  Installation            = /snap/netbeans/5/netbeans/nb
                            /snap/netbeans/5/netbeans/ergonomics
                            /snap/netbeans/5/netbeans/ide
                            /snap/netbeans/5/netbeans/extide
                            /snap/netbeans/5/netbeans/java
                            /snap/netbeans/5/netbeans/apisupport
                            /snap/netbeans/5/netbeans/webcommon
                            /snap/netbeans/5/netbeans/websvccommon
                            /snap/netbeans/5/netbeans/profiler
                            /snap/netbeans/5/netbeans/php
                            /snap/netbeans/5/netbeans/harness
                            /snap/netbeans/5/netbeans/groovy
                            /snap/netbeans/5/netbeans/javafx
                            /snap/netbeans/5/netbeans/platform
  Boot & Ext. Classpath   = /usr/lib/jvm/java-8-openjdk-amd64/jre/lib/resources.jar:/usr/lib/jvm/java-8-openjdk-amd64/jre/lib/rt.jar:/usr/lib/jvm/java-8-openjdk-amd64/jre/lib/sunrsasign.jar:/usr/lib/jvm/java-8-openjdk-amd64/jre/lib/jsse.jar:/usr/lib/jvm/java-8-openjdk-amd64/jre/lib/jce.jar:/usr/lib/jvm/java-8-openjdk-amd64/jre/lib/charsets.jar:/usr/lib/jvm/java-8-openjdk-amd64/jre/lib/jfr.jar:/usr/lib/jvm/java-8-openjdk-amd64/jre/classes:/usr/lib/jvm/java-8-openjdk-amd64/jre/lib/ext/nashorn.jar:/usr/lib/jvm/java-8-openjdk-amd64/jre/lib/ext/jaccess.jar:/usr/lib/jvm/java-8-openjdk-amd64/jre/lib/ext/sunpkcs11.jar:/usr/lib/jvm/java-8-openjdk-amd64/jre/lib/ext/zipfs.jar:/usr/lib/jvm/java-8-openjdk-amd64/jre/lib/ext/cldrdata.jar:/usr/lib/jvm/java-8-openjdk-amd64/jre/lib/ext/icedtea-sound.jar:/usr/lib/jvm/java-8-openjdk-amd64/jre/lib/ext/sunec.jar:/usr/lib/jvm/java-8-openjdk-amd64/jre/lib/ext/sunjce_provider.jar:/usr/lib/jvm/java-8-openjdk-amd64/jre/lib/ext/dnsns.jar:/usr/lib/jvm/java-8-openjdk-amd64/jre/lib/ext/localedata.jar
  Application Classpath   = /snap/netbeans/5/netbeans/platform/lib/boot.jar:/snap/netbeans/5/netbeans/platform/lib/org-openide-modules.jar:/snap/netbeans/5/netbeans/platform/lib/org-openide-util.jar:/snap/netbeans/5/netbeans/platform/lib/org-openide-util-lookup.jar:/snap/netbeans/5/netbeans/platform/lib/org-openide-util-ui.jar:/usr/lib/jvm/java-8-openjdk-amd64/lib/dt.jar:/usr/lib/jvm/java-8-openjdk-amd64/lib/tools.jar
  Startup Classpath       = /snap/netbeans/5/netbeans/platform/core/asm-all-5.0.1.jar:/snap/netbeans/5/netbeans/platform/core/core-base.jar:/snap/netbeans/5/netbeans/platform/core/core.jar:/snap/netbeans/5/netbeans/platform/core/org-netbeans-libs-asm.jar:/snap/netbeans/5/netbeans/platform/core/org-openide-filesystems-compat8.jar:/snap/netbeans/5/netbeans/platform/core/org-openide-filesystems.jar:/snap/netbeans/5/netbeans/nb/core/org-netbeans-upgrader.jar:/snap/netbeans/5/netbeans/nb/core/locale/core_nb.jar
-------------------------------------------------------------------------------
INFO [org.netbeans.modules.netbinox]: Install area set to file:/snap/netbeans/5/netbeans/
WARNING [org.netbeans.core.modules]: the modules [org.netbeans.modules.xml.text] use org.netbeans.modules.editor.deprecated.pre65formatting which is deprecated.
WARNING [org.netbeans.core.modules]: the modules [org.netbeans.modules.ide.kit, org.netbeans.modules.xml.text] use org.netbeans.modules.editor.structure which is deprecated.
INFO [org.netbeans.core.startup.NbEvents]: Turning on modules:
	org.openide.util.lookup [8.36.1 incubator-netbeans-snap-release-9-on-20181225]
	org.openide.util [9.10.1 incubator-netbeans-snap-release-9-on-20181225]
	org.openide.util.ui [9.11.1 incubator-netbeans-snap-release-9-on-20181225]
	org.openide.modules [7.51.1 incubator-netbeans-snap-release-9-on-20181225]
	org.netbeans.api.annotations.common/1 [1.30.1 incubator-netbeans-snap-release-9-on-20181225]
	org.openide.filesystems [9.13.1 incubator-netbeans-snap-release-9-on-20181225]
	org.openide.awt [7.71.1 incubator-netbeans-snap-release-9-on-20181225]
	org.netbeans.api.progress/1 [1.50.1 incubator-netbeans-snap-release-9-on-20181225]
	org.netbeans.api.progress.nb [1.50.1 incubator-netbeans-snap-release-9-on-20181225]
	org.openide.dialogs [7.45.1 incubator-netbeans-snap-release-9-on-20181225]
	org.openide.nodes [7.48.1 incubator-netbeans-snap-release-9-on-20181225]
	org.openide.windows [6.79.1 incubator-netbeans-snap-release-9-on-20181225]
	org.netbeans.modules.editor.mimelookup/1 [1.43.1 incubator-netbeans-snap-release-9-on-20181225]
	org.openide.text [6.70.1 incubator-netbeans-snap-release-9-on-20181225]
	org.netbeans.swing.tabcontrol [1.59.1 incubator-netbeans-snap-release-9-on-20181225]
	org.netbeans.swing.outline [1.37.1 incubator-netbeans-snap-release-9-on-20181225]
	org.openide.explorer [6.65.1 incubator-netbeans-snap-release-9-on-20181225]
	org.openide.actions [6.42.1 incubator-netbeans-snap-release-9-on-20181225]
	org.netbeans.modules.queries/1 [1.46.1 incubator-netbeans-snap-release-9-on-20181225]
	org.netbeans.api.templates [1.11.1 incubator-netbeans-snap-release-9-on-20181225]
	org.openide.filesystems.nb [9.13.1 incubator-netbeans-snap-release-9-on-20181225]
	org.openide.loaders [7.70.1 incubator-netbeans-snap-release-9-on-20181225]
	org.netbeans.api.intent [1.5.1 incubator-netbeans-snap-release-9-on-20181225]
	org.netbeans.api.io [1.6.1 incubator-netbeans-snap-release-9-on-20181225]
	org.openide.io [1.52.1 incubator-netbeans-snap-release-9-on-20181225]
	org.openide.filesystems.compat8 [9.12.1 incubator-netbeans-snap-release-9-on-20181225]
	org.openide.execution [9.6.1 incubator-netbeans-snap-release-9-on-20181225]
	org.openide.execution.compat8 [9.5.1 incubator-netbeans-snap-release-9-on-20181225]
	org.netbeans.upgrader [4.38.1 incubator-netbeans-snap-release-9-on-20181225]
	org.netbeans.swing.plaf [1.44.1 incubator-netbeans-snap-release-9-on-20181225]
	org.netbeans.modules.projectapi/1 [1.70.1 incubator-netbeans-snap-release-9-on-20181225]
	org.netbeans.swing.dirchooser [1.32.1 incubator-netbeans-snap-release-9-on-20181225]
	org.netbeans.spi.viewmodel/2 [1.54.1 incubator-netbeans-snap-release-9-on-20181225]
	org.netbeans.spi.tasklist/1 [1.38.1.1 1 incubator-netbeans-snap-release-9-on-20181225]
	org.netbeans.spi.quicksearch [1.30.1 incubator-netbeans-snap-release-9-on-20181225]
	org.netbeans.spi.palette/1 [1.49.1 incubator-netbeans-snap-release-9-on-20181225]
	org.netbeans.spi.navigator/1 [1.41.1 incubator-netbeans-snap-release-9-on-20181225]
	org.netbeans.modules.editor.settings/1 [1.60.1 incubator-netbeans-snap-release-9-on-20181225]
	org.netbeans.modules.editor.util/1 [1.68.1 incubator-netbeans-snap-release-9-on-20181225]
	org.netbeans.modules.editor.document [1.12.1.3 3 incubator-netbeans-snap-release-9-on-20181225]
	org.netbeans.modules.lexer/2 [1.66.1.1 1 incubator-netbeans-snap-release-9-on-20181225]
	org.netbeans.modules.editor.lib2/1 [2.21.1.55.3 55 incubator-netbeans-snap-release-9-on-20181225]
	org.netbeans.modules.editor.settings.lib [1.54.1.1 1 incubator-netbeans-snap-release-9-on-20181225]
	org.netbeans.modules.editor.fold/1 [1.48.1 incubator-netbeans-snap-release-9-on-20181225]
	org.netbeans.modules.editor.indent/2 [1.46.1 incubator-netbeans-snap-release-9-on-20181225]
	org.netbeans.modules.editor.guards/1 [1.36.1 incubator-netbeans-snap-release-9-on-20181225]
	org.netbeans.modules.editor.lib/3 [4.10.1.23.3.55 23 incubator-netbeans-snap-release-9-on-20181225]
	org.netbeans.spi.editor.hints/0 [1.45.1.7.55 7 incubator-netbeans-snap-release-9-on-20181225]
	org.netbeans.modules.keyring [1.27.1 incubator-netbeans-snap-release-9-on-20181225]
	org.netbeans.libs.asm [5.6.1 incubator-netbeans-snap-release-9-on-20181225]
	org.netbeans.bootstrap/1 [2.81.1 incubator-netbeans-snap-release-9-on-20181225]
	org.netbeans.core.startup.base [1.65.1.1 1 incubator-netbeans-snap-release-9-on-20181225]
	org.netbeans.core.startup/1 [1.65.1.1 incubator-netbeans-snap-release-9-on-20181225]
	org.netbeans.modules.sampler [1.17.1 incubator-netbeans-snap-release-9-on-20181225]
	org.netbeans.core/2 [3.54.1 incubator-netbeans-snap-release-9-on-20181225]
	org.netbeans.modules.options.api/1 [1.48.1 incubator-netbeans-snap-release-9-on-20181225]
	org.netbeans.modules.projectuiapi.base/1 [1.88.1.9 9 incubator-netbeans-snap-release-9-on-20181225]
	org.netbeans.modules.projectuiapi/1 [1.91.1.8 8 incubator-netbeans-snap-release-9-on-20181225]
	org.netbeans.modules.editor.tools.storage [1.11.1 incubator-netbeans-snap-release-9-on-20181225]
	org.netbeans.modules.options.keymap [1.40.1 incubator-netbeans-snap-release-9-on-20181225]
	org.netbeans.modules.editor.settings.storage/1 [1.54.1.1 incubator-netbeans-snap-release-9-on-20181225]
	org.netbeans.modules.editor.fold.nbui [1.15.1.55 incubator-netbeans-snap-release-9-on-20181225]
	org.netbeans.modules.editor/3 [1.90.1.6.3.23.55 6 incubator-netbeans-snap-release-9-on-20181225]
	org.netbeans.modules.options.editor/1 [1.63.1 incubator-netbeans-snap-release-9-on-20181225]
	org.netbeans.spi.editor.hints.projects [1.14.1.1.7 1 incubator-netbeans-snap-release-9-on-20181225]
	org.netbeans.api.debugger/1 [1.57.1 incubator-netbeans-snap-release-9-on-20181225]
	org.netbeans.spi.debugger.ui/1 [2.57.1 incubator-netbeans-snap-release-9-on-20181225]
	org.netbeans.core.multiview/1 [1.47.1 incubator-netbeans-snap-release-9-on-20181225]
	org.netbeans.api.xml/1 [1.47.1 incubator-netbeans-snap-release-9-on-20181225]
	org.netbeans.modules.xml.core/2 [1.46.1.4 4 incubator-netbeans-snap-release-9-on-20181225]
	org.netbeans.modules.xml.xam/1 [1.35.1.1 1 incubator-netbeans-snap-release-9-on-20181225]
	org.netbeans.api.xml.ui/1 [1.47.1 incubator-netbeans-snap-release-9-on-20181225]
	org.apache.xml.resolver [1.34.1.12 12 incubator-netbeans-snap-release-9-on-20181225]
	org.netbeans.modules.xml.retriever/1 [1.34.1 incubator-netbeans-snap-release-9-on-20181225]
	org.netbeans.modules.xml.schema.model/1 [1.35.1.1 1 incubator-netbeans-snap-release-9-on-20181225]
	org.netbeans.modules.xml.axi [1.36.1 incubator-netbeans-snap-release-9-on-20181225]
	org.netbeans.modules.editor.indent.support [1.45.1 incubator-netbeans-snap-release-9-on-20181225]
	org.netbeans.api.java.classpath/1 [1.56.1 incubator-netbeans-snap-release-9-on-20181225]
	org.netbeans.libs.lucene/3 [3.22.1 incubator-netbeans-snap-release-9-on-20181225]
	org.netbeans.modules.masterfs/2 [2.58.1.2 2 incubator-netbeans-snap-release-9-on-20181225]
	org.netbeans.modules.parsing.lucene/2 [2.38.1.1 1 incubator-netbeans-snap-release-9-on-20181225]
	org.netbeans.modules.parsing.api/1 [9.10.1.8 8 incubator-netbeans-snap-release-9-on-20181225]
	org.netbeans.modules.editor.breadcrumbs/0 [1.20.1 incubator-netbeans-snap-release-9-on-20181225]
	org.netbeans.modules.editor.bracesmatching/0 [1.42.1.55 incubator-netbeans-snap-release-9-on-20181225]
	org.netbeans.modules.editor.deprecated.pre65formatting/0 [1.34.1.1.6.23.55 1 incubator-netbeans-snap-release-9-on-20181225]
	org.netbeans.modules.editor.errorstripe.api/1 [2.35.1.1 1 incubator-netbeans-snap-release-9-on-20181225]
	org.netbeans.modules.editor.errorstripe/2 [2.37.1.1.1 1 incubator-netbeans-snap-release-9-on-20181225]
	org.netbeans.modules.editor.completion/1 [1.47.1.2 2 incubator-netbeans-snap-release-9-on-20181225]
	org.netbeans.modules.editor.codetemplates/1 [1.46.1.1 1 incubator-netbeans-snap-release-9-on-20181225]
	org.netbeans.modules.editor.actions/1 [1.34.1.55 incubator-netbeans-snap-release-9-on-20181225]
	org.netbeans.modules.project.indexingbridge [1.20.1 incubator-netbeans-snap-release-9-on-20181225]
	org.netbeans.modules.parsing.indexing [9.11.1.1.3.8 1 incubator-netbeans-snap-release-9-on-20181225]
	org.netbeans.modules.diff/1 [1.54.1.42.1 42 incubator-netbeans-snap-release-9-on-20181225]
	org.netbeans.modules.refactoring.api [1.50.1.1 1 incubator-netbeans-snap-release-9-on-20181225]
	org.netbeans.modules.csl.types/1 [1.3.1 incubator-netbeans-snap-release-9-on-20181225]
	org.netbeans.core.ui/1 [1.48.1 incubator-netbeans-snap-release-9-on-20181225]
	org.netbeans.api.search [1.24.1 incubator-netbeans-snap-release-9-on-20181225]
	org.netbeans.modules.jumpto/1 [1.57.1.1 1 incubator-netbeans-snap-release-9-on-20181225]
	org.netbeans.modules.csl.api/2 [2.57.1.2.1.1.8.1 2 incubator-netbeans-snap-release-9-on-20181225]
	org.netbeans.modules.editor.structure/1 [1.50.1.1 1 incubator-netbeans-snap-release-9-on-20181225]
	org.netbeans.modules.xml.lexer [1.33.1 incubator-netbeans-snap-release-9-on-20181225]
	org.netbeans.modules.xml.text/2 [1.62.1.1 1 incubator-netbeans-snap-release-9-on-20181225]
	org.netbeans.modules.xml [1.36.1 incubator-netbeans-snap-release-9-on-20181225]
	org.netbeans.modules.servletapi/1 [1.42.1 incubator-netbeans-snap-release-9-on-20181225]
	org.netbeans.modules.httpserver/2 [2.39.1.42 42 incubator-netbeans-snap-release-9-on-20181225]
	org.netbeans.modules.xsl/1 [1.47.1 incubator-netbeans-snap-release-9-on-20181225]
	org.netbeans.modules.xml.xdm/1 [1.37.1.1 1 incubator-netbeans-snap-release-9-on-20181225]
	org.netbeans.libs.xerces/1 [1.41.1.281 281 incubator-netbeans-snap-release-9-on-20181225]
	org.netbeans.modules.xml.tax/2 [1.47.1.281 incubator-netbeans-snap-release-9-on-20181225]
	org.netbeans.modules.xml.tools/2 [1.46.1 incubator-netbeans-snap-release-9-on-20181225]
	org.netbeans.modules.xml.schema.completion [1.34.1 incubator-netbeans-snap-release-9-on-20181225]
	org.netbeans.modules.xml.catalog/2 [3.7.1.4 4 incubator-netbeans-snap-release-9-on-20181225]
	org.netbeans.modules.xml.catalog.ui [2.6.1.4 incubator-netbeans-snap-release-9-on-20181225]
	org.netbeans.core.execution/1 [1.44.1 incubator-netbeans-snap-release-9-on-20181225]
	org.netbeans.modules.sendopts/2 [2.39.1 incubator-netbeans-snap-release-9-on-20181225]
	org.netbeans.modules.favorites/1 [1.49.1 incubator-netbeans-snap-release-9-on-20181225]
	org.netbeans.modules.projectui [1.61.1.8.9 incubator-netbeans-snap-release-9-on-20181225]
	org.netbeans.modules.welcome/1 [1.45.1 incubator-netbeans-snap-release-9-on-20181225]
	org.netbeans.libs.json_simple/1 [0.15.1 incubator-netbeans-snap-release-9-on-20181225]
	org.netbeans.modules.web.common [1.101.1 incubator-netbeans-snap-release-9-on-20181225]
	org.netbeans.modules.web.indent [1.23.1 incubator-netbeans-snap-release-9-on-20181225]
	org.netbeans.modules.extexecution.base/2 [1.7.1 incubator-netbeans-snap-release-9-on-20181225]
	org.netbeans.modules.extexecution/2 [1.51.1 incubator-netbeans-snap-release-9-on-20181225]
	org.netbeans.modules.web.common.ui [1.4.1 incubator-netbeans-snap-release-9-on-20181225]
	org.netbeans.modules.gsf.testrunner/2 [2.12.1 incubator-netbeans-snap-release-9-on-20181225]
	org.netbeans.modules.gsf.testrunner.ui [1.13.1 incubator-netbeans-snap-release-9-on-20181225]
	org.netbeans.modules.gototest/1 [1.36.1 incubator-netbeans-snap-release-9-on-20181225]
	org.netbeans.modules.project.libraries/1 [1.56.1 incubator-netbeans-snap-release-9-on-20181225]
	org.netbeans.modules.project.libraries.ui/1 [1.55.1 incubator-netbeans-snap-release-9-on-20181225]
	org.netbeans.libs.antlr3.runtime [1.24.1.1 1 incubator-netbeans-snap-release-9-on-20181225]
	org.netbeans.modules.css.lib/1 [1.85.1 incubator-netbeans-snap-release-9-on-20181225]
	org.netbeans.modules.html.lexer/1 [1.41.1 incubator-netbeans-snap-release-9-on-20181225]
	org.netbeans.modules.html.editor.lib/3 [3.35.1 incubator-netbeans-snap-release-9-on-20181225]
	org.netbeans.modules.css.model [1.34.1 incubator-netbeans-snap-release-9-on-20181225]
	org.netbeans.modules.css.editor/1 [1.71.1 incubator-netbeans-snap-release-9-on-20181225]
	org.netbeans.modules.extbrowser/1 [1.56.1 incubator-netbeans-snap-release-9-on-20181225]
	org.netbeans.modules.settings/1 [1.52.1 incubator-netbeans-snap-release-9-on-20181225]
	org.netbeans.core.windows/2 [2.85.1 incubator-netbeans-snap-release-9-on-20181225]
	org.netbeans.modules.web.browser.api [1.48.1 incubator-netbeans-snap-release-9-on-20181225]
	org.netbeans.modules.html/1 [1.64.1 incubator-netbeans-snap-release-9-on-20181225]
	org.netbeans.modules.html.editor/2 [2.58.1 incubator-netbeans-snap-release-9-on-20181225]
	org.netbeans.modules.gsf.codecoverage [1.35.1 incubator-netbeans-snap-release-9-on-20181225]
	org.netbeans.modules.project.spi.intern [1.6.1 incubator-netbeans-snap-release-9-on-20181225]
	org.netbeans.modules.project.ant/1 [1.70.1 incubator-netbeans-snap-release-9-on-20181225]
	org.netbeans.modules.web.clientproject.api [1.106.1 incubator-netbeans-snap-release-9-on-20181225]
	org.netbeans.modules.versioning.core/1 [1.34.1.1.42 1 incubator-netbeans-snap-release-9-on-20181225]
	org.netbeans.modules.versioning/1 [1.50.1.1 1 incubator-netbeans-snap-release-9-on-20181225]
	org.netbeans.modules.spellchecker.apimodule [1.28.1 incubator-netbeans-snap-release-9-on-20181225]
	org.netbeans.modules.versioning.util [1.73.1.42.1 incubator-netbeans-snap-release-9-on-20181225]
	org.netbeans.modules.team.commons [1.53.1 incubator-netbeans-snap-release-9-on-20181225]
	org.netbeans.modules.versioning.ui/1 [1.25.1.42.1 incubator-netbeans-snap-release-9-on-20181225]
	org.netbeans.modules.autoupdate.services [1.57.1 incubator-netbeans-snap-release-9-on-20181225]
	org.netbeans.modules.autoupdate.ui [1.48.1 incubator-netbeans-snap-release-9-on-20181225]
	org.netbeans.modules.versioning.system.cvss.installer [1.19.1 incubator-netbeans-snap-release-9-on-20181225]
	org.netbeans.modules.masterfs.ui [2.6.1.2 incubator-netbeans-snap-release-9-on-20181225]
	org.netbeans.modules.versioning.masterfs [1.17.1 incubator-netbeans-snap-release-9-on-20181225]
	org.netbeans.modules.versioning.indexingbridge/0 [1.28.1 incubator-netbeans-snap-release-9-on-20181225]
	org.netbeans.modules.utilities/1 [1.64.1 incubator-netbeans-snap-release-9-on-20181225]
	org.netbeans.modules.utilities.project/1 [1.41.1 incubator-netbeans-snap-release-9-on-20181225]
	org.netbeans.modules.javahelp/1 [2.44.1 incubator-netbeans-snap-release-9-on-20181225]
	org.netbeans.modules.usersguide/1 [1.51.1 incubator-netbeans-snap-release-9-on-20181225]
	org.netbeans.modules.updatecenters/1 [1.43.1 incubator-netbeans-snap-release-9-on-20181225]
	org.netbeans.lib.uihandler [1.48.1 incubator-netbeans-snap-release-9-on-20181225]
	org.netbeans.modules.uihandler [2.38.1 incubator-netbeans-snap-release-9-on-20181225]
	org.netbeans.modules.uihandler.exceptionreporter [1.32.1 incubator-netbeans-snap-release-9-on-20181225]
	org.netbeans.modules.terminal [1.30.1 incubator-netbeans-snap-release-9-on-20181225]
	org.netbeans.lib.terminalemulator [1.40.1 incubator-netbeans-snap-release-9-on-20181225]
	org.netbeans.modules.terminal.nb [1.3.1 incubator-netbeans-snap-release-9-on-20181225]
	org.netbeans.modules.templates/1 [1.10.1 incubator-netbeans-snap-release-9-on-20181225]
	org.netbeans.modules.team.ide [1.16.1 incubator-netbeans-snap-release-9-on-20181225]
	org.netbeans.modules.tasklist.ui/1 [1.34.1.1.1 1 incubator-netbeans-snap-release-9-on-20181225]
	org.netbeans.modules.tasklist.todo/1 [1.34.1.1 1 incubator-netbeans-snap-release-9-on-20181225]
	org.netbeans.modules.tasklist.projectint/1 [1.32.1 incubator-netbeans-snap-release-9-on-20181225]
	org.netbeans.modules.tasklist.kit [1.31.1 incubator-netbeans-snap-release-9-on-20181225]
	org.netbeans.libs.ini4j/1 [1.37.1 incubator-netbeans-snap-release-9-on-20181225]
	org.netbeans.libs.svnClientAdapter/1 [1.43.1 incubator-netbeans-snap-release-9-on-20181225]
	org.netbeans.modules.subversion [1.44.1.42.1 incubator-netbeans-snap-release-9-on-20181225]
	org.netbeans.modules.editor.plain.lib/1 [1.36.1 incubator-netbeans-snap-release-9-on-20181225]
	org.netbeans.modules.spellchecker [1.38.1.1.7 1 incubator-netbeans-snap-release-9-on-20181225]
	org.netbeans.modules.spellchecker.kit [1.28.1 incubator-netbeans-snap-release-9-on-20181225]
	org.netbeans.modules.spellchecker.dictionary_en [1.25.1 incubator-netbeans-snap-release-9-on-20181225]
	org.netbeans.modules.properties/1 [1.58.1 incubator-netbeans-snap-release-9-on-20181225]
	org.netbeans.modules.properties.syntax/1 [1.53.1 incubator-netbeans-snap-release-9-on-20181225]
	org.netbeans.modules.spellchecker.bindings.properties [1.25.1 incubator-netbeans-snap-release-9-on-20181225]
	org.netbeans.modules.spellchecker.bindings.htmlxml [1.30.1 incubator-netbeans-snap-release-9-on-20181225]
	org.netbeans.core.ide/1 [1.44.1 incubator-netbeans-snap-release-9-on-20181225]
	org.netbeans.modules.server/0 [1.36.1 incubator-netbeans-snap-release-9-on-20181225]
	org.netbeans.modules.selenium2.server [1.6.1 incubator-netbeans-snap-release-9-on-20181225]
	org.netbeans.modules.selenium2 [1.8.1 incubator-netbeans-snap-release-9-on-20181225]
	org.netbeans.modules.selenium2.webclient [1.10.1 incubator-netbeans-snap-release-9-on-20181225]
	org.netbeans.modules.projectapi.nb [1.6.1 incubator-netbeans-snap-release-9-on-20181225]
	org.netbeans.modules.project.spi.intern.impl [1.6.1 incubator-netbeans-snap-release-9-on-20181225]
	org.netbeans.modules.project.ant.compat8/1 [1.70.1 incubator-netbeans-snap-release-9-on-20181225]
	org.netbeans.modules.progress.ui [1.36.1 incubator-netbeans-snap-release-9-on-20181225]
	org.netbeans.modules.print.editor [7.29.1 incubator-netbeans-snap-release-9-on-20181225]
	org.netbeans.modules.print [7.29.1 incubator-netbeans-snap-release-9-on-20181225]
	org.netbeans.modules.parsing.ui [1.17.1.1 incubator-netbeans-snap-release-9-on-20181225]
	org.netbeans.modules.parsing.nb [1.6.1.8.1 incubator-netbeans-snap-release-9-on-20181225]
	org.netbeans.modules.notifications [1.11.1 incubator-netbeans-snap-release-9-on-20181225]
	org.netbeans.libs.osgi [1.24.1 incubator-netbeans-snap-release-9-on-20181225]
	org.netbeans.core.netigso [1.34.1 incubator-netbeans-snap-release-9-on-20181225]
	org.netbeans.modules.netbinox [1.44.1 incubator-netbeans-snap-release-9-on-20181225]
	org.eclipse.mylyn.commons.net [3.17.0 3.17.0.v20150706-2057]
	org.eclipse.mylyn.tasks.core [3.17.0 3.17.0.v20150828-2026]
	org.eclipse.core.jobs [3.5.100 3.5.100.v20110404]
	org.eclipse.mylyn.wikitext.core [2.6.0 2.6.0.v20150901-2143]
	org.netbeans.modules.bugtracking [1.112.1 incubator-netbeans-snap-release-9-on-20181225]
	org.eclipse.equinox.common [3.6.0 3.6.0.v20110523]
	org.eclipse.core.runtime [3.7.0 3.7.0.v20110110]
	org.netbeans.modules.mylyn.util [1.39.1 incubator-netbeans-snap-release-9-on-20181225]
	org.netbeans.modules.mercurial [1.45.1.42.1 incubator-netbeans-snap-release-9-on-20181225]
	org.netbeans.modules.masterfs.nio2 [1.18.1 incubator-netbeans-snap-release-9-on-20181225]
	org.netbeans.libs.jna/1 [1.50.1 incubator-netbeans-snap-release-9-on-20181225]
	org.netbeans.modules.masterfs.linux [1.16.1 incubator-netbeans-snap-release-9-on-20181225]
	com.google.gson [2.7.0 2.7.0]
	com.google.guava [15.0.0 15.0.0]
	org.netbeans.modules.lsp.client/0 [1.0.1 incubator-netbeans-snap-release-9-on-20181225]
	org.netbeans.modules.bugtracking.commons [1.11.1 incubator-netbeans-snap-release-9-on-20181225]
	org.netbeans.modules.localtasks [1.28.1 incubator-netbeans-snap-release-9-on-20181225]
	org.netbeans.modules.localhistory [1.37.1 incubator-netbeans-snap-release-9-on-20181225]
	org.netbeans.modules.lexer.nbbridge/1 [1.35.1.1 incubator-netbeans-snap-release-9-on-20181225]
	org.netbeans.libs.bytelist/1 [0.32.1.1 1 incubator-netbeans-snap-release-9-on-20181225]
	org.netbeans.libs.jvyamlb/1 [0.32.1 incubator-netbeans-snap-release-9-on-20181225]
	org.netbeans.modules.languages.yaml [2.35.1 incubator-netbeans-snap-release-9-on-20181225]
	org.netbeans.modules.languages.manifest [1.35.1 incubator-netbeans-snap-release-9-on-20181225]
	org.netbeans.modules.languages.diff [1.36.1 incubator-netbeans-snap-release-9-on-20181225]
	org.netbeans.modules.keyring.fallback [1.11.1 incubator-netbeans-snap-release-9-on-20181225]
	org.netbeans.modules.keyring.impl [1.27.1 incubator-netbeans-snap-release-9-on-20181225]
	org.netbeans.modules.javascript2.debug/1 [1.20.1 incubator-netbeans-snap-release-9-on-20181225]
	org.netbeans.modules.javascript2.debug.ui/1 [1.6.1 incubator-netbeans-snap-release-9-on-20181225]
	org.netbeans.lib.v8debug/1 [1.19.1 incubator-netbeans-snap-release-9-on-20181225]
	org.netbeans.modules.javascript.v8debug/1 [1.13.1.1 1 incubator-netbeans-snap-release-9-on-20181225]
	org.netbeans.modules.javascript.v8debug.ui/1 [1.2.1.1 incubator-netbeans-snap-release-9-on-20181225]
	org.netbeans.modules.image/1 [1.51.1 incubator-netbeans-snap-release-9-on-20181225]
	org.netbeans.core.multitabs/1 [1.15.1.1 1 incubator-netbeans-snap-release-9-on-20181225]
	org.netbeans.modules.editor.bookmarks/1 [1.40.1 incubator-netbeans-snap-release-9-on-20181225]
	com.jcraft.jsch [0.1.54 0.1.54]
	org.netbeans.modules.dlight.nativeexecution [1.42.1.1 1 incubator-netbeans-snap-release-9-on-20181225]
	org.netbeans.modules.dlight.terminal [1.26.1.1 1 incubator-netbeans-snap-release-9-on-20181225]
	org.netbeans.core.multitabs.project [1.13.1.1.1 1 incubator-netbeans-snap-release-9-on-20181225]
	org.netbeans.modules.editor.search [1.28.1.0.55 0 incubator-netbeans-snap-release-9-on-20181225]
	org.apache.commons.logging [1.1.1 1.1.1]
	org.netbeans.modules.html.parser/1 [1.37.1.1 1 incubator-netbeans-snap-release-9-on-20181225]
	org.netbeans.modules.html.validation/1 [1.33.1 incubator-netbeans-snap-release-9-on-20181225]
	org.netbeans.core.output2/1 [1.45.1 incubator-netbeans-snap-release-9-on-20181225]
	org.netbeans.modules.css.visual/3 [3.35.1 incubator-netbeans-snap-release-9-on-20181225]
	org.netbeans.modules.editor.kit [1.36.1 incubator-netbeans-snap-release-9-on-20181225]
	org.netbeans.modules.autoupdate.cli [1.16.1 incubator-netbeans-snap-release-9-on-20181225]
	org.netbeans.libs.felix [2.18.1 incubator-netbeans-snap-release-9-on-20181225]
	org.netbeans.modules.core.kit [1.33.1 incubator-netbeans-snap-release-9-on-20181225]
	org.netbeans.modules.defaults/1 [1.34.1 incubator-netbeans-snap-release-9-on-20181225]
	org.netbeans.modules.editor.macros/0 [1.34.1.1.23 1 incubator-netbeans-snap-release-9-on-20181225]
	org.netbeans.modules.editor.plain/2 [1.38.1 incubator-netbeans-snap-release-9-on-20181225]
	org.netbeans.modules.ide.kit [1.36.1 incubator-netbeans-snap-release-9-on-20181225]
	org.netbeans.modules.ide.ergonomics [1.30.1 incubator-netbeans-snap-release-9-on-20181225]
	org.netbeans.modules.autoupdate.pluginimporter [1.23.1 incubator-netbeans-snap-release-9-on-20181225]
	org.netbeans.modules.deadlock.detector [1.9.1 incubator-netbeans-snap-release-9-on-20181225]
	org.netbeans.modules.ide.branding/1 [1.35.1 incubator-netbeans-snap-release-9-on-20181225]
	org.netbeans.modules.ide.branding.kit [1.31.1 incubator-netbeans-snap-release-9-on-20181225]
	org.netbeans.libs.commons_net/2 [2.25.1.36 36 incubator-netbeans-snap-release-9-on-20181225]
	org.netbeans.modules.hudson [2.16.1 incubator-netbeans-snap-release-9-on-20181225]
	org.netbeans.modules.hudson.ui [1.14.1 incubator-netbeans-snap-release-9-on-20181225]
	org.netbeans.modules.hudson.tasklist [1.20.1 incubator-netbeans-snap-release-9-on-20181225]
	org.netbeans.modules.hudson.subversion [1.32.1 incubator-netbeans-snap-release-9-on-20181225]
	org.netbeans.modules.hudson.mercurial [1.32.1 incubator-netbeans-snap-release-9-on-20181225]
	org.netbeans.modules.hudson.git [1.21.1 incubator-netbeans-snap-release-9-on-20181225]
	org.netbeans.modules.html.custom [1.9.1 incubator-netbeans-snap-release-9-on-20181225]
	org.eclipse.jgit [3.6.2 3.6.2.201501210735-r]
	org.netbeans.libs.jna.platform/1 [1.18.1 incubator-netbeans-snap-release-9-on-20181225]
	org.netbeans.libs.jsch.agentproxy/1 [0.17.1 incubator-netbeans-snap-release-9-on-20181225]
	org.netbeans.libs.git/1 [1.36.1 incubator-netbeans-snap-release-9-on-20181225]
	org.netbeans.modules.git [1.25.1.1 incubator-netbeans-snap-release-9-on-20181225]
	org.apache.commons.io [1.4 1.4]
	org.netbeans.modules.extexecution.process [1.30.1 incubator-netbeans-snap-release-9-on-20181225]
	org.netbeans.modules.extexecution.impl [1.28.1 incubator-netbeans-snap-release-9-on-20181225]
	org.netbeans.modules.editor.mimelookup.impl/1 [1.35.1 incubator-netbeans-snap-release-9-on-20181225]
	org.netbeans.modules.editor.indent.project/0 [1.25.1 incubator-netbeans-snap-release-9-on-20181225]
	org.netbeans.modules.editor.global.format/1 [1.18.1.1 1 incubator-netbeans-snap-release-9-on-20181225]
	org.netbeans.libs.commons_compress/0 [0.9.1.181 181 incubator-netbeans-snap-release-9-on-20181225]
	org.netbeans.modules.docker.api/0 [1.23.1 incubator-netbeans-snap-release-9-on-20181225]
	org.netbeans.modules.docker.ui/0 [1.3.1 incubator-netbeans-snap-release-9-on-20181225]
	org.netbeans.modules.docker.editor/0 [1.3.1 incubator-netbeans-snap-release-9-on-20181225]
	org.netbeans.modules.dlight.nativeexecution.nb [1.3.1 incubator-netbeans-snap-release-9-on-20181225]
	org.netbeans.modules.db.metadata.model/1 [1.14.1 incubator-netbeans-snap-release-9-on-20181225]
	org.netbeans.modules.db/1 [1.69.1.30 30 incubator-netbeans-snap-release-9-on-20181225]
	org.netbeans.modules.dbapi [1.37.1.30 incubator-netbeans-snap-release-9-on-20181225]
	org.netbeans.modules.derby [1.43.1 incubator-netbeans-snap-release-9-on-20181225]
	org.netbeans.api.visual [2.51.1 incubator-netbeans-snap-release-9-on-20181225]
	org.netbeans.modules.db.sql.visualeditor/1 [2.34.1.30 incubator-netbeans-snap-release-9-on-20181225]
	org.netbeans.modules.db.dataview [1.36.1 incubator-netbeans-snap-release-9-on-20181225]
	org.netbeans.modules.db.core [1.40.1 incubator-netbeans-snap-release-9-on-20181225]
	org.netbeans.modules.db.sql.editor [1.39.1.30 incubator-netbeans-snap-release-9-on-20181225]
	org.netbeans.modules.db.mysql [0.31.1.2 2 incubator-netbeans-snap-release-9-on-20181225]
	org.netbeans.modules.db.drivers [1.33.1 incubator-netbeans-snap-release-9-on-20181225]
	org.netbeans.modules.db.kit [1.33.1 incubator-netbeans-snap-release-9-on-20181225]
	org.netbeans.modules.css.prep [1.33.1 incubator-netbeans-snap-release-9-on-20181225]
	org.eclipse.mylyn.bugzilla.core [3.17.0 3.17.0.v20150828-2026]
	org.apache.commons.httpclient [3.1.0 3.1.0]
	org.netbeans.modules.bugzilla [1.80.1 incubator-netbeans-snap-release-9-on-20181225]
	org.netbeans.modules.bugzilla.exceptionreporter [1.27.1 incubator-netbeans-snap-release-9-on-20181225]
	org.netbeans.modules.bugtracking.bridge [1.48.1 incubator-netbeans-snap-release-9-on-20181225]
	org.netbeans.libs.svnClientAdapter.javahl/1 [1.27.1 incubator-netbeans-snap-release-9-on-20181225]
	org.netbeans.libs.freemarker/1 [2.37.1.238 238 incubator-netbeans-snap-release-9-on-20181225]
	org.netbeans.core.network [1.14.1 incubator-netbeans-snap-release-9-on-20181225]
	org.netbeans.core.nativeaccess/1 [1.34.1 incubator-netbeans-snap-release-9-on-20181225]
	org.netbeans.core.io.ui/1 [1.33.1 incubator-netbeans-snap-release-9-on-20181225]
	org.netbeans.core.browser/1 [1.31.1.1 1 incubator-netbeans-snap-release-9-on-20181225]
	org.netbeans.api.progress.compat8 [1.50.1 incubator-netbeans-snap-release-9-on-20181225]
	org.eclipse.mylyn.commons.xmlrpc [3.17.0 3.17.0.v20150625-2042]
	org.eclipse.mylyn.commons.repositories.core [1.9.0 1.9.0.v20150625-2042]
	org.eclipse.mylyn.commons.core [3.17.0 3.17.0.v20150625-2042]
	org.eclipse.equinox.security [1.1.1 1.1.1.R37x_v20110822-1018]
	org.eclipse.equinox.registry [3.5.200 3.5.200.v20120522-1841]
	org.eclipse.equinox.preferences [3.4.2 3.4.2.v20120111-2020]
	org.eclipse.equinox.app [1.3.100 1.3.100.v20110321]
	org.eclipse.core.runtime.compatibility.auth [3.2.200 3.2.200.v20110110]
	org.eclipse.core.net [1.2.100 1.2.100.I20110511-0800]
	org.eclipse.core.contenttype [3.4.100 3.4.100.v20110423-0524]
	org.apache.xmlrpc [3.0.0 3.0.0]
	org.apache.ws.commons.util [1.0.1 1.0.1]
	org.apache.commons.lang [2.6 2.6]
	org.apache.commons.codec [1.3.0 1.3.0]
	com.jcraft.jzlib [1.0.7 1.0.7]
	com.googlecode.javaewah.JavaEWAH [0.7.9 0.7.9]
INFO [org.netbeans.core.netigso.Netigso]: bundle org.eclipse.jgit.java7@3.6.2.201501210735-r resolved
INFO [org.netbeans.core.netigso.Netigso]: bundle net.java.html@1.5.1 resolved
INFO [org.netbeans.core.netigso.Netigso]: bundle net.java.html.json@1.5.1 resolved
INFO [org.netbeans.core.netigso.Netigso]: bundle net.java.html.boot.fx@1.5.1 resolved
INFO [org.netbeans.core.netigso.Netigso]: bundle net.java.html.boot@1.5.1 resolved
INFO [org.netbeans.core.netigso.Netigso]: bundle org.netbeans.html.ko4j@1.5.1 resolved
INFO [org.netbeans.core.netigso.Netigso]: bundle net.java.html.sound@1.5.1 resolved
INFO [org.netbeans.core.netigso.Netigso]: bundle net.java.html.boot.script@1.5.1 resolved
INFO [org.netbeans.core.netigso.Netigso]: bundle org.netbeans.html.xhr4j@1.5.1 resolved
INFO [org.netbeans.core.netigso.Netigso]: bundle net.java.html.geo@1.5.1 resolved
INFO [org.netbeans.core.netigso.Netigso]: bundle org.eclipse.mylyn.wikitext.confluence.core@2.6.0.v20150901-2143 resolved
INFO [org.netbeans.core.netigso.Netigso]: bundle org.eclipse.mylyn.wikitext.markdown.core@2.6.0.v20150901-2143 resolved
INFO [org.netbeans.core.netigso.Netigso]: bundle org.eclipse.mylyn.wikitext.textile.core@2.6.0.v20150901-2143 resolved
INFO [org.netbeans.core.netigso.Netigso]: bundle org.eclipse.osgi@3.9.1.v20140110-1610 started
INFO [org.netbeans.core.network.proxy.NetworkProxyReloader]: System network proxy resolver: Gnome
INFO [org.netbeans.core.network.proxy.gnome.GsettingsNetworkProxy]: GSettings system proxy resolver: direct connection
INFO [org.netbeans.core.network.proxy.NetworkProxyReloader]: System network proxy reloading succeeded.
INFO [org.netbeans.core.network.proxy.NetworkProxyReloader]: System network proxy - mode: direct
INFO [org.netbeans.core.network.proxy.NetworkProxyReloader]: System network proxy: fell to default (correct if direct mode went before)
INFO [org.openide.awt.Toolbar]: Too long AWTTask: 551 ms for org.openide.awt.MenuBar$MenuBarFolder@5fc74bb1(FolderList{MultiFileObject@586fa31e[Menu]})
INFO [org.netbeans.core.windows.persistence]: [PersistenceManager.getTopComponentForID] Problem when deserializing TopComponent for tcID:'MultiView-editorE9CA9DCFtext#002Ehistory#007C'. Reason: Deserialized component is invalid: org.netbeans.core.spi.multiview.text.MultiViewCloneableEditor[NuareportsbackendController.php,0,0,0x0,invalid,alignmentX=0.0,alignmentY=0.0,border=,flags=256,maximumSize=,minimumSize=java.awt.Dimension[width=10,height=10],preferredSize=]

msg
msg
msg
Caused: java.io.InvalidObjectException: Deserialized component is invalid: org.netbeans.core.spi.multiview.text.MultiViewCloneableEditor[NuareportsbackendController.php,0,0,0x0,invalid,alignmentX=0.0,alignmentY=0.0,border=,flags=256,maximumSize=,minimumSize=java.awt.Dimension[width=10,height=10],preferredSize=]
	at org.openide.text.CloneableEditor.readResolve(CloneableEditor.java:606)
	at sun.reflect.NativeMethodAccessorImpl.invoke0(Native Method)
	at sun.reflect.NativeMethodAccessorImpl.invoke(NativeMethodAccessorImpl.java:62)
	at sun.reflect.DelegatingMethodAccessorImpl.invoke(DelegatingMethodAccessorImpl.java:43)
	at java.lang.reflect.Method.invoke(Method.java:498)
	at org.openide.windows.TopComponent$Replacer.readObject(TopComponent.java:1852)
	at sun.reflect.NativeMethodAccessorImpl.invoke0(Native Method)
	at sun.reflect.NativeMethodAccessorImpl.invoke(NativeMethodAccessorImpl.java:62)
	at sun.reflect.DelegatingMethodAccessorImpl.invoke(DelegatingMethodAccessorImpl.java:43)
	at java.lang.reflect.Method.invoke(Method.java:498)
	at java.io.ObjectStreamClass.invokeReadObject(ObjectStreamClass.java:1170)
	at java.io.ObjectInputStream.readSerialData(ObjectInputStream.java:2178)
	at java.io.ObjectInputStream.readOrdinaryObject(ObjectInputStream.java:2069)
	at java.io.ObjectInputStream.readObject0(ObjectInputStream.java:1573)
	at java.io.ObjectInputStream.defaultReadFields(ObjectInputStream.java:2287)
	at java.io.ObjectInputStream.readSerialData(ObjectInputStream.java:2211)
	at java.io.ObjectInputStream.readOrdinaryObject(ObjectInputStream.java:2069)
	at java.io.ObjectInputStream.readObject0(ObjectInputStream.java:1573)
	at java.io.ObjectInputStream.readObject(ObjectInputStream.java:431)
	at org.netbeans.core.multiview.MultiViewPeer.peerReadExternal(MultiViewPeer.java:661)
	at org.netbeans.core.multiview.MultiViewCloneableTopComponent.readExternal(MultiViewCloneableTopComponent.java:251)
	at org.openide.windows.TopComponent$Replacer.readObject(TopComponent.java:1834)
	at sun.reflect.NativeMethodAccessorImpl.invoke0(Native Method)
	at sun.reflect.NativeMethodAccessorImpl.invoke(NativeMethodAccessorImpl.java:62)
	at sun.reflect.DelegatingMethodAccessorImpl.invoke(DelegatingMethodAccessorImpl.java:43)
	at java.lang.reflect.Method.invoke(Method.java:498)
	at java.io.ObjectStreamClass.invokeReadObject(ObjectStreamClass.java:1170)
	at java.io.ObjectInputStream.readSerialData(ObjectInputStream.java:2178)
	at java.io.ObjectInputStream.readOrdinaryObject(ObjectInputStream.java:2069)
	at java.io.ObjectInputStream.readObject0(ObjectInputStream.java:1573)
	at java.io.ObjectInputStream.readObject(ObjectInputStream.java:431)
	at org.netbeans.modules.settings.convertors.XMLSettingsSupport$SettingsRecognizer.readSerial(XMLSettingsSupport.java:546)
	at org.netbeans.modules.settings.convertors.XMLSettingsSupport$SettingsRecognizer.instanceCreate(XMLSettingsSupport.java:578)
	at org.netbeans.modules.settings.convertors.SerialDataConvertor$SettingsInstance.instanceCreate(SerialDataConvertor.java:401)
[catch] at org.netbeans.core.windows.persistence.PersistenceManager.getTopComponentPersistentForID(PersistenceManager.java:546)
	at org.netbeans.core.windows.persistence.PersistenceManager.getTopComponentForID(PersistenceManager.java:656)
	at org.netbeans.core.windows.PersistenceHandler.getTopComponentForID(PersistenceHandler.java:453)
	at org.netbeans.core.windows.LazyLoader.loadNow(LazyLoader.java:135)
	at org.netbeans.core.windows.LazyLoader.access$400(LazyLoader.java:39)
	at org.netbeans.core.windows.LazyLoader$2.run(LazyLoader.java:106)
	at java.awt.event.InvocationEvent.dispatch(InvocationEvent.java:311)
	at java.awt.EventQueue.dispatchEventImpl(EventQueue.java:758)
	at java.awt.EventQueue.access$500(EventQueue.java:97)
	at java.awt.EventQueue$3.run(EventQueue.java:709)
	at java.awt.EventQueue$3.run(EventQueue.java:703)
	at java.security.AccessController.doPrivileged(Native Method)
	at java.security.ProtectionDomain$JavaSecurityAccessImpl.doIntersectionPrivilege(ProtectionDomain.java:74)
	at java.awt.EventQueue.dispatchEvent(EventQueue.java:728)
	at org.netbeans.core.TimableEventQueue.dispatchEvent(TimableEventQueue.java:136)
	at java.awt.EventDispatchThread.pumpOneEventForFilters(EventDispatchThread.java:205)
	at java.awt.EventDispatchThread.pumpEventsForFilter(EventDispatchThread.java:116)
	at java.awt.EventDispatchThread.pumpEventsForFilter(EventDispatchThread.java:109)
	at java.awt.WaitDispatchSupport$2.run(WaitDispatchSupport.java:190)
	at java.awt.WaitDispatchSupport$4.run(WaitDispatchSupport.java:235)
	at java.awt.WaitDispatchSupport$4.run(WaitDispatchSupport.java:233)
	at java.security.AccessController.doPrivileged(Native Method)
	at java.awt.WaitDispatchSupport.enter(WaitDispatchSupport.java:233)
	at java.awt.Dialog.show(Dialog.java:1084)
	at org.netbeans.core.windows.services.NbPresenter.superShow(NbPresenter.java:1060)
	at org.netbeans.core.windows.services.NbPresenter.doShow(NbPresenter.java:1110)
	at org.netbeans.core.windows.services.NbPresenter.run(NbPresenter.java:1082)
	at org.netbeans.core.windows.services.NbPresenter.run(NbPresenter.java:105)
	at org.netbeans.modules.openide.util.NbMutexEventProvider$Event.doEventAccess(NbMutexEventProvider.java:115)
	at org.netbeans.modules.openide.util.NbMutexEventProvider$Event.readAccess(NbMutexEventProvider.java:75)
	at org.netbeans.modules.openide.util.LazyMutexImplementation.readAccess(LazyMutexImplementation.java:71)
	at org.openide.util.Mutex.readAccess(Mutex.java:193)
	at org.netbeans.core.windows.services.NbPresenter.show(NbPresenter.java:1067)
	at java.awt.Component.show(Component.java:1671)
	at java.awt.Component.setVisible(Component.java:1623)
	at java.awt.Window.setVisible(Window.java:1014)
	at java.awt.Dialog.setVisible(Dialog.java:1005)
	at org.netbeans.modules.uihandler.Installer.showDialog(Installer.java:408)
	at org.netbeans.modules.uihandler.Installer.access$300(Installer.java:99)
	at org.netbeans.modules.uihandler.Installer$2.run(Installer.java:350)
	at org.netbeans.core.windows.WindowManagerImpl$Exclusive$1.run(WindowManagerImpl.java:1551)
	at java.awt.event.InvocationEvent.dispatch(InvocationEvent.java:311)
	at java.awt.EventQueue.dispatchEventImpl(EventQueue.java:758)
	at java.awt.EventQueue.access$500(EventQueue.java:97)
	at java.awt.EventQueue$3.run(EventQueue.java:709)
	at java.awt.EventQueue$3.run(EventQueue.java:703)
	at java.security.AccessController.doPrivileged(Native Method)
	at java.security.ProtectionDomain$JavaSecurityAccessImpl.doIntersectionPrivilege(ProtectionDomain.java:74)
	at java.awt.EventQueue.dispatchEvent(EventQueue.java:728)
	at org.netbeans.core.TimableEventQueue.dispatchEvent(TimableEventQueue.java:136)
	at java.awt.EventDispatchThread.pumpOneEventForFilters(EventDispatchThread.java:205)
	at java.awt.EventDispatchThread.pumpEventsForFilter(EventDispatchThread.java:116)
	at java.awt.EventDispatchThread.pumpEventsForHierarchy(EventDispatchThread.java:105)
	at java.awt.EventDispatchThread.pumpEvents(EventDispatchThread.java:101)
	at java.awt.EventDispatchThread.pumpEvents(EventDispatchThread.java:93)
	at java.awt.EventDispatchThread.run(EventDispatchThread.java:82)
Content: 
<?xml version="1.0"?>
<!DOCTYPE settings PUBLIC "-//NetBeans//DTD Session settings 1.0//EN" "http://www.netbeans.org/dtds/sessionsettings-1_0.dtd">
<settings version="1.0">
    <module name="org.netbeans.core.multiview/1" spec="1.47.1"/>
    <instanceof class="java.awt.Component"/>
    <instanceof class="java.awt.Container"/>
    <instanceof class="java.awt.MenuContainer"/>
    <instanceof class="java.awt.image.ImageObserver"/>
    <instanceof class="java.io.Externalizable"/>
    <instanceof class="java.io.Serializable"/>
    <instanceof class="java.lang.Object"/>
    <instanceof class="javax.accessibility.Accessible"/>
    <instanceof class="javax.swing.JComponent"/>
    <instanceof class="javax.swing.TransferHandler$HasGetTransferHandler"/>
    <instanceof class="org.netbeans.core.multiview.MultiViewCloneableTopComponent"/>
    <instanceof class="org.netbeans.core.multiview.MultiViewModel$ActionRequestObserverFactory"/>
    <instanceof class="org.netbeans.core.multiview.Splitable"/>
    <instanceof class="org.openide.text.CloneableEditorSupport$Pane"/>
    <instanceof class="org.openide.util.HelpCtx$Provider"/>
    <instanceof class="org.openide.util.Lookup$Provider"/>
    <instanceof class="org.openide.windows.CloneableTopComponent"/>
    <instanceof class="org.openide.windows.TopComponent"/>
    <instanceof class="org.openide.windows.TopComponent$Cloneable"/>
    <serialdata class="org.netbeans.core.multiview.MultiViewCloneableTopComponent">
        ACED0005737200296F72672E6F70656E6964652E77696E646F77732E546F70436F6D706F6E656E74245265706C6163657284
        874494BDDF6D64030000787074003A6F72672E6E65746265616E732E636F72652E6D756C7469766965772E4D756C74695669
        6577436C6F6E6561626C65546F70436F6D706F6E656E747372000F6A6176612E6C616E672E53686F7274684D37133460DA52
        02000153000576616C7565787200106A6176612E6C616E672E4E756D62657286AC951D0B94E08B0200007870000177040000
        000174001F4E75617265706F7274736261636B656E64436F6E74726F6C6C65722E7068707400852F7661722F7777772F6874
        6D6C2F6D6167656E746F2F6E7561776F6D616E2D636F6E73756D65722D6D6167656E746F2F6170702F636F64652F6C6F6361
        6C2F446976756D2F4E75617265706F7274732F636F6E74726F6C6C6572732F41646D696E68746D6C2F4E75617265706F7274
        736261636B656E64436F6E74726F6C6C65722E70687071007E000670737200316F72672E6F70656E6964652E77696E646F77
        732E436C6F6E6561626C654F70656E537570706F7274244C697374656E6572E525E314060C682D0200014C0003656E767400
        2E4C6F72672F6F70656E6964652F77696E646F77732F436C6F6E6561626C654F70656E537570706F727424456E763B787200
        2D6F72672E6F70656E6964652E77696E646F77732E436C6F6E6561626C65546F70436F6D706F6E656E74245265664CED3888
        AC524ABC0200007870737200296F72672E6F70656E6964652E6C6F61646572732E44656661756C74455324456E7669726F6E
        6D656E744BA762A1D4D7CAE70200014C0005656E74727974002B4C6F72672F6F70656E6964652F6C6F61646572732F4D756C
        7469446174614F626A65637424456E7472793B787200266F72672E6F70656E6964652E746578742E44617461456469746F72
        537570706F727424456E76D720E894A9D2FA27020000787200236F72672E6F70656E6964652E6C6F61646572732E4F70656E
        537570706F727424456E76E525E314060C682D0200014C00036F626A7400204C6F72672F6F70656E6964652F6C6F61646572
        732F446174614F626A6563743B7870737200266F72672E6F70656E6964652E6C6F61646572732E446174614F626A65637424
        5265706C616365F7497413DEEC538E0200014C0002666F7400244C6F72672F6F70656E6964652F66696C6573797374656D73
        2F46696C654F626A6563743B78707372004D6F72672E6E65746265616E732E6D6F64756C65732E6D617374657266732E6669
        6C65626173656466732E66696C656F626A656374732E5265706C616365466F7253657269616C697A6174696F6E98978CE6D3
        E9619F0200014C000C6162736F6C757465506174687400124C6A6176612F6C616E672F537472696E673B78707400852F7661
        722F7777772F68746D6C2F6D6167656E746F2F6E7561776F6D616E2D636F6E73756D65722D6D6167656E746F2F6170702F63
        6F64652F6C6F63616C2F446976756D2F4E75617265706F7274732F636F6E74726F6C6C6572732F41646D696E68746D6C2F4E
        75617265706F7274736261636B656E64436F6E74726F6C6C65722E706870737200306F72672E6F70656E6964652E6C6F6164
        6572732E4D756C7469446174614F626A65637424456E7472795265706C616365EB3332ABDAFB88A20200014C000466696C65
        71007E0013787071007E001774000A746578742F706C61696E71007E0014740006656469746F727372003B6F72672E6E6574
        6265616E732E636F72652E7370692E6D756C7469766965772E746578742E4D756C746956696577456469746F72456C656D65
        6E74000187D8CEF94C9B0200014C0006656469746F7274003F4C6F72672F6E65746265616E732F636F72652F7370692F6D75
        6C7469766965772F746578742F4D756C746956696577436C6F6E6561626C65456469746F723B78707371007E000074003D6F
        72672E6E65746265616E732E636F72652E7370692E6D756C7469766965772E746578742E4D756C746956696577436C6F6E65
        61626C65456469746F727371007E0003000177040000000071007E000671007E000771007E0006707371007E000A71007E00
        11737200116A6176612E6C616E672E496E746567657212E2A0A4F781873802000149000576616C75657871007E0004000000
        007701007871007E001C74000C746578742E686973746F727971007E00267371007E0024000000007371007E002400000000
        7371007E0024FFFFFFFF7400253C68746D6C3E4E75617265706F7274736261636B656E64436F6E74726F6C6C65722E706870
        78
    </serialdata>
</settings>
ALL [null]: Source: MultiFileObject@b67a5c5[Windows2Local/Components/MultiView-editorE9CA9DCFtext#002Ehistory#007C.settings]
ALL [null]: Cannot read class: org.netbeans.core.multiview.MultiViewCloneableTopComponent
Diagnostic information
Input arguments:
	-Djdk.home=/usr/lib/jvm/java-8-openjdk-amd64
	-Dnetbeans.default_userdir_root=/home/divum/snap/netbeans/common/data
	-Dnetbeans.running.environment=gnome
	-Dnetbeans.dirs=/snap/netbeans/5/netbeans/nb:/snap/netbeans/5/netbeans/ergonomics:/snap/netbeans/5/netbeans/ide:/snap/netbeans/5/netbeans/extide:/snap/netbeans/5/netbeans/java:/snap/netbeans/5/netbeans/apisupport:/snap/netbeans/5/netbeans/webcommon:/snap/netbeans/5/netbeans/websvccommon:/snap/netbeans/5/netbeans/enterprise:/snap/netbeans/5/netbeans/mobility:/snap/netbeans/5/netbeans/profiler:/snap/netbeans/5/netbeans/python:/snap/netbeans/5/netbeans/php:/snap/netbeans/5/netbeans/identity:/snap/netbeans/5/netbeans/harness:/snap/netbeans/5/netbeans/cnd:/snap/netbeans/5/netbeans/cndext:/snap/netbeans/5/netbeans/dlight:/snap/netbeans/5/netbeans/groovy:/snap/netbeans/5/netbeans/extra:/snap/netbeans/5/netbeans/javacard:/snap/netbeans/5/netbeans/javafx:
	-Dnetbeans.home=/snap/netbeans/5/netbeans/platform
	-Dnetbeans.importclass=org.netbeans.upgrade.AutoUpgrade
	-Xmx1024m
	-XX:+UseStringDeduplication
	-Xss2m
	-Xms32m
	-Djdk.gtk.version=2.2
	-Dplugin.manager.install.global=false
	-Dawt.useSystemAAFontSettings=on
	-Dapple.awt.graphics.UseQuartz=true
	-Dsun.java2d.noddraw=true
	-Dsun.java2d.dpiaware=true
	-Dsun.zip.disableMemoryMapping=true
	-Dplugin.manager.check.updates=false
	-Dnetbeans.extbrowser.manual_chrome_plugin_install=yes
	--add-opens=java.base/java.net=ALL-UNNAMED
	--add-opens=java.base/java.lang.ref=ALL-UNNAMED
	--add-opens=java.base/java.lang=ALL-UNNAMED
	--add-opens=java.base/java.security=ALL-UNNAMED
	--add-opens=java.base/java.util=ALL-UNNAMED
	--add-opens=java.desktop/javax.swing.plaf.basic=ALL-UNNAMED
	--add-opens=java.desktop/javax.swing.text=ALL-UNNAMED
	--add-opens=java.desktop/javax.swing=ALL-UNNAMED
	--add-opens=java.desktop/java.awt=ALL-UNNAMED
	--add-opens=java.desktop/java.awt.event=ALL-UNNAMED
	--add-opens=java.prefs/java.util.prefs=ALL-UNNAMED
	--add-opens=jdk.jshell/jdk.jshell=ALL-UNNAMED
	--add-modules=jdk.jshell
	--add-exports=java.desktop/sun.awt=ALL-UNNAMED
	--add-exports=java.desktop/java.awt.peer=ALL-UNNAMED
	--add-exports=java.desktop/com.sun.beans.editors=ALL-UNNAMED
	--add-exports=java.desktop/sun.swing=ALL-UNNAMED
	--add-exports=java.desktop/sun.awt.im=ALL-UNNAMED
	--add-exports=jdk.internal.jvmstat/sun.jvmstat.monitor=ALL-UNNAMED
	--add-exports=java.management/sun.management=ALL-UNNAMED
	--add-exports=java.base/sun.reflect.annotation=ALL-UNNAMED
	--add-exports=jdk.javadoc/com.sun.tools.javadoc.main=ALL-UNNAMED
	-XX:+IgnoreUnrecognizedVMOptions
	-XX:+HeapDumpOnOutOfMemoryError
	-XX:HeapDumpPath=/home/divum/snap/netbeans/common/data/10.0/var/log/heapdump.hprof
Compiler: HotSpot 64-Bit Tiered Compilers
Heap memory usage: initial 32.0MB maximum 910.5MB
Non heap memory usage: initial 2.4MB maximum -1b
Garbage collector: PS Scavenge (Collections=30 Total time spent=0s)
Garbage collector: PS MarkSweep (Collections=2 Total time spent=0s)
Classes: loaded=6936 total loaded=6936 unloaded 0
INFO [org.netbeans.core.ui.warmup.DiagnosticTask]: Total memory 8,292,564,992
INFO [org.netbeans.core.netigso.Netigso]: bundle org.eclipse.osgi@3.9.1.v20140110-1610 256
INFO [org.netbeans.core.netigso.Netigso]: bundle org.eclipse.osgi@3.9.1.v20140110-1610 stopped
INFO [null]: Last record repeated again.
