[2019-02-20 12:07:01.678] [exthost] [info] extension host started
[2019-02-20 12:07:01.741] [exthost] [info] ExtensionService#_doActivateExtension vscode.debug-auto-launch {"startup":true,"activationEvent":"*"}
[2019-02-20 12:07:01.741] [exthost] [info] ExtensionService#loadCommonJSModule /usr/share/code/resources/app/extensions/debug-auto-launch/dist/extension
[2019-02-20 12:07:01.746] [exthost] [info] ExtensionService#_doActivateExtension vscode.emmet {"startup":true,"activationEvent":"*"}
[2019-02-20 12:07:01.746] [exthost] [info] ExtensionService#loadCommonJSModule /usr/share/code/resources/app/extensions/emmet/dist/extension
[2019-02-20 12:07:01.753] [exthost] [info] ExtensionService#_doActivateExtension vscode.git {"startup":true,"activationEvent":"*"}
[2019-02-20 12:07:01.753] [exthost] [info] ExtensionService#loadCommonJSModule /usr/share/code/resources/app/extensions/git/dist/main
[2019-02-20 12:07:01.813] [exthost] [info] ExtensionService#_doActivateExtension vscode.merge-conflict {"startup":true,"activationEvent":"*"}
[2019-02-20 12:07:01.813] [exthost] [info] ExtensionService#loadCommonJSModule /usr/share/code/resources/app/extensions/merge-conflict/dist/extension
[2019-02-20 12:07:01.817] [exthost] [info] ExtensionService#_doActivateExtension hbenl.vscode-test-explorer {"startup":true,"activationEvent":"*"}
[2019-02-20 12:07:01.817] [exthost] [info] ExtensionService#loadCommonJSModule /home/divum/.vscode/extensions/hbenl.vscode-test-explorer-2.5.0/out/main.js
[2019-02-20 12:07:01.840] [exthost] [info] ExtensionService#_doActivateExtension vscode.python {"startup":false,"activationEvent":"onLanguage:python"}
[2019-02-20 12:07:01.840] [exthost] [info] ExtensionService#loadCommonJSModule /usr/share/code/resources/app/extensions/python/out/pythonMain
[2019-02-20 12:07:01.841] [exthost] [info] ExtensionService#_doActivateExtension batisteo.vscode-django {"startup":false,"activationEvent":"onLanguage:python"}
[2019-02-20 12:07:01.841] [exthost] [info] ExtensionService#loadCommonJSModule /home/divum/.vscode/extensions/batisteo.vscode-django-0.19.0/out/extension
[2019-02-20 12:07:01.851] [exthost] [info] ExtensionService#_doActivateExtension donjayamanne.jupyter {"startup":false,"activationEvent":"onLanguage:python"}
[2019-02-20 12:07:01.851] [exthost] [info] ExtensionService#loadCommonJSModule /home/divum/.vscode/extensions/donjayamanne.jupyter-1.1.4/out/src/extension
[2019-02-20 12:07:02.213] [exthost] [info] ExtensionService#_doActivateExtension fabioz.vscode-pydev {"startup":false,"activationEvent":"onLanguage:python"}
[2019-02-20 12:07:02.213] [exthost] [info] ExtensionService#loadCommonJSModule /home/divum/.vscode/extensions/fabioz.vscode-pydev-0.1.5/out/extension
[2019-02-20 12:07:02.265] [exthost] [info] ExtensionService#_doActivateExtension hyesun.py-paste-indent {"startup":false,"activationEvent":"onLanguage:python"}
[2019-02-20 12:07:02.265] [exthost] [info] ExtensionService#loadCommonJSModule /home/divum/.vscode/extensions/hyesun.py-paste-indent-0.1.1/out/extension.js
[2019-02-20 12:07:02.267] [exthost] [info] ExtensionService#_doActivateExtension ms-python.python {"startup":false,"activationEvent":"onLanguage:python"}
[2019-02-20 12:07:02.267] [exthost] [info] ExtensionService#loadCommonJSModule /home/divum/.vscode/extensions/ms-python.python-2019.1.0/out/client/extension
[2019-02-20 12:07:02.425] [exthost] [info] ExtensionService#_doActivateExtension tht13.python {"startup":false,"activationEvent":"onLanguage:python"}
[2019-02-20 12:07:02.425] [exthost] [info] ExtensionService#loadCommonJSModule /home/divum/.vscode/extensions/tht13.python-0.2.3/out/client/src/pythonMain
[2019-02-20 12:07:02.450] [exthost] [info] ExtensionService#_doActivateExtension VisualStudioExptTeam.vscodeintellicode {"startup":false,"activationEvent":"onLanguage:python"}
[2019-02-20 12:07:02.450] [exthost] [info] ExtensionService#loadCommonJSModule /home/divum/.vscode/extensions/visualstudioexptteam.vscodeintellicode-1.1.3/out/extension
[2019-02-20 12:07:02.720] [exthost] [info] eager extensions activated
[2019-02-20 12:07:32.694] [exthost] [info] ExtensionService#_doActivateExtension littlefoxteam.vscode-python-test-adapter {"startup":false,"activationEvent":"onView:test-explorer"}
[2019-02-20 12:07:32.694] [exthost] [info] ExtensionService#loadCommonJSModule /home/divum/.vscode/extensions/littlefoxteam.vscode-python-test-adapter-0.3.1/out/src/main.js
[2019-02-20 12:07:40.372] [exthost] [info] ExtensionService#_doActivateExtension vscode.configuration-editing {"startup":false,"activationEvent":"onLanguage:jsonc"}
[2019-02-20 12:07:40.372] [exthost] [info] ExtensionService#loadCommonJSModule /usr/share/code/resources/app/extensions/configuration-editing/dist/extension
[2019-02-20 12:07:40.555] [exthost] [info] ExtensionService#_doActivateExtension vscode.json-language-features {"startup":false,"activationEvent":"onLanguage:jsonc"}
[2019-02-20 12:07:40.555] [exthost] [info] ExtensionService#loadCommonJSModule /usr/share/code/resources/app/extensions/json-language-features/client/dist/jsonMain
[2019-02-20 12:07:41.005] [exthost] [info] ExtensionService#_doActivateExtension vscode.typescript-language-features {"startup":false,"activationEvent":"onLanguage:jsonc"}
[2019-02-20 12:07:41.005] [exthost] [info] ExtensionService#loadCommonJSModule /usr/share/code/resources/app/extensions/typescript-language-features/dist/extension
