{"session":"71d758ebb4db","build":"183.5429.31","bucket":"-1","time":1550571966807,"group":{"id":"system.os.name","version":"9"},"event":{"data":{"created":1550571966824},"id":"Linux"}}
{"session":"71d758ebb4db","build":"183.5429.31","bucket":"-1","time":1550571966845,"group":{"id":"system.os.version","version":"9"},"event":{"data":{"created":1550571966855},"id":"ubuntu_16.04"}}
{"session":"71d758ebb4db","build":"183.5429.31","bucket":"-1","time":1550571966845,"group":{"id":"system.jvm.vendor","version":"9"},"event":{"data":{"created":1550571966909},"id":"JetBrains_s.r.o"}}
{"session":"71d758ebb4db","build":"183.5429.31","bucket":"-1","time":1550571966850,"group":{"id":"system.jvm.version","version":"9"},"event":{"data":{"created":1550571966910},"id":"1.8"}}
{"session":"71d758ebb4db","build":"183.5429.31","bucket":"-1","time":1550571966862,"group":{"id":"settings","version":"9"},"event":{"data":{"created":1550571966911,"name":"activeMruEditorOnClose","value":false},"id":"UISettings"}}
{"session":"71d758ebb4db","build":"183.5429.31","bucket":"-1","time":1550571966863,"group":{"id":"settings","version":"9"},"event":{"data":{"created":1550571966915,"name":"activeRightEditorOnClose","value":false},"id":"UISettings"}}
{"session":"71d758ebb4db","build":"183.5429.31","bucket":"-1","time":1550571966863,"group":{"id":"settings","version":"9"},"event":{"data":{"created":1550571966920,"name":"allowMergeButtons","value":true},"id":"UISettings"}}
{"session":"71d758ebb4db","build":"183.5429.31","bucket":"-1","time":1550571966863,"group":{"id":"settings","version":"9"},"event":{"data":{"created":1550571966921,"name":"alwaysShowWindowsButton","value":false},"id":"UISettings"}}
{"session":"71d758ebb4db","build":"183.5429.31","bucket":"-1","time":1550571966863,"group":{"id":"settings","version":"9"},"event":{"data":{"created":1550571966928,"name":"animateWindows","value":true},"id":"UISettings"}}
{"session":"71d758ebb4db","build":"183.5429.31","bucket":"-1","time":1550571966863,"group":{"id":"settings","version":"9"},"event":{"data":{"created":1550571966933,"name":"closeNonModifiedFilesFirst","value":false},"id":"UISettings"}}
{"session":"71d758ebb4db","build":"183.5429.31","bucket":"-1","time":1550571966863,"group":{"id":"settings","version":"9"},"event":{"data":{"created":1550571966935,"name":"closeTabButtonOnTheRight","value":true},"id":"UISettings"}}
{"session":"71d758ebb4db","build":"183.5429.31","bucket":"-1","time":1550571966863,"group":{"id":"settings","version":"9"},"event":{"data":{"created":1550571966939,"name":"cycleScrolling","value":true},"id":"UISettings"}}
{"session":"71d758ebb4db","build":"183.5429.31","bucket":"-1","time":1550571966863,"group":{"id":"settings","version":"9"},"event":{"data":{"created":1550571966940,"name":"defaultAutoScrollToSource","value":false},"id":"UISettings"}}
{"session":"71d758ebb4db","build":"183.5429.31","bucket":"-1","time":1550571966863,"group":{"id":"settings","version":"9"},"event":{"data":{"created":1550571966945,"name":"disableMnemonics","value":false},"id":"UISettings"}}
{"session":"71d758ebb4db","build":"183.5429.31","bucket":"-1","time":1550571966863,"group":{"id":"settings","version":"9"},"event":{"data":{"created":1550571966947,"name":"disableMnemonicsInControls","value":false},"id":"UISettings"}}
{"session":"71d758ebb4db","build":"183.5429.31","bucket":"-1","time":1550571966863,"group":{"id":"settings","version":"9"},"event":{"data":{"created":1550571966952,"name":"dndWithPressedAltOnly","value":false},"id":"UISettings"}}
{"session":"71d758ebb4db","build":"183.5429.31","bucket":"-1","time":1550571966863,"group":{"id":"settings","version":"9"},"event":{"data":{"created":1550571966959,"name":"enableAlphaMode","value":false},"id":"UISettings"}}
{"session":"71d758ebb4db","build":"183.5429.31","bucket":"-1","time":1550571966863,"group":{"id":"settings","version":"9"},"event":{"data":{"created":1550571966960,"name":"hideKnownExtensionInTabs","value":false},"id":"UISettings"}}
{"session":"71d758ebb4db","build":"183.5429.31","bucket":"-1","time":1550571966863,"group":{"id":"settings","version":"9"},"event":{"data":{"created":1550571966961,"name":"hideNavigationOnFocusLoss","value":true},"id":"UISettings"}}
{"session":"71d758ebb4db","build":"183.5429.31","bucket":"-1","time":1550571966863,"group":{"id":"settings","version":"9"},"event":{"data":{"created":1550571966966,"name":"hideTabsIfNeed","value":true},"id":"UISettings"}}
{"session":"71d758ebb4db","build":"183.5429.31","bucket":"-1","time":1550571966863,"group":{"id":"settings","version":"9"},"event":{"data":{"created":1550571966975,"name":"hideToolStripes","value":false},"id":"UISettings"}}
{"session":"71d758ebb4db","build":"183.5429.31","bucket":"-1","time":1550571966863,"group":{"id":"settings","version":"9"},"event":{"data":{"created":1550571966976,"name":"leftHorizontalSplit","value":false},"id":"UISettings"}}
{"session":"71d758ebb4db","build":"183.5429.31","bucket":"-1","time":1550571966863,"group":{"id":"settings","version":"9"},"event":{"data":{"created":1550571966977,"name":"markModifiedTabsWithAsterisk","value":false},"id":"UISettings"}}
{"session":"71d758ebb4db","build":"183.5429.31","bucket":"-1","time":1550571966863,"group":{"id":"settings","version":"9"},"event":{"data":{"created":1550571966978,"name":"mergeEqualStackTraces","value":true},"id":"UISettings"}}
{"session":"71d758ebb4db","build":"183.5429.31","bucket":"-1","time":1550571966863,"group":{"id":"settings","version":"9"},"event":{"data":{"created":1550571966979,"name":"moveMouseOnDefaultButton","value":false},"id":"UISettings"}}
{"session":"71d758ebb4db","build":"183.5429.31","bucket":"-1","time":1550571966863,"group":{"id":"settings","version":"9"},"event":{"data":{"created":1550571966980,"name":"navigateToPreview","value":false},"id":"UISettings"}}
{"session":"71d758ebb4db","build":"183.5429.31","bucket":"-1","time":1550571966863,"group":{"id":"settings","version":"9"},"event":{"data":{"created":1550571966981,"name":"overrideConsoleCycleBufferSize","value":false},"id":"UISettings"}}
{"session":"71d758ebb4db","build":"183.5429.31","bucket":"-1","time":1550571966863,"group":{"id":"settings","version":"9"},"event":{"data":{"default":false,"created":1550571966982,"name":"overrideLafFonts","value":true},"id":"UISettings"}}
{"session":"71d758ebb4db","build":"183.5429.31","bucket":"-1","time":1550571966863,"group":{"id":"settings","version":"9"},"event":{"data":{"created":1550571966983,"name":"pinFindInPath","value":false},"id":"UISettings"}}
{"session":"71d758ebb4db","build":"183.5429.31","bucket":"-1","time":1550571966863,"group":{"id":"settings","version":"9"},"event":{"data":{"created":1550571967000,"name":"presentationMode","value":false},"id":"UISettings"}}
{"session":"71d758ebb4db","build":"183.5429.31","bucket":"-1","time":1550571966863,"group":{"id":"settings","version":"9"},"event":{"data":{"created":1550571967001,"name":"reuseNotModifiedTabs","value":false},"id":"UISettings"}}
{"session":"71d758ebb4db","build":"183.5429.31","bucket":"-1","time":1550571966863,"group":{"id":"settings","version":"9"},"event":{"data":{"created":1550571967002,"name":"rightHorizontalSplit","value":false},"id":"UISettings"}}
{"session":"71d758ebb4db","build":"183.5429.31","bucket":"-1","time":1550571966863,"group":{"id":"settings","version":"9"},"event":{"data":{"created":1550571967002,"name":"scrollTabLayoutInEditor","value":true},"id":"UISettings"}}
{"session":"71d758ebb4db","build":"183.5429.31","bucket":"-1","time":1550571966863,"group":{"id":"settings","version":"9"},"event":{"data":{"created":1550571967003,"name":"showCloseButton","value":true},"id":"UISettings"}}
{"session":"71d758ebb4db","build":"183.5429.31","bucket":"-1","time":1550571966864,"group":{"id":"settings","version":"9"},"event":{"data":{"created":1550571967004,"name":"showDirectoryForNonUniqueFilenames","value":true},"id":"UISettings"}}
{"session":"71d758ebb4db","build":"183.5429.31","bucket":"-1","time":1550571966864,"group":{"id":"settings","version":"9"},"event":{"data":{"created":1550571967005,"name":"showEditorToolTip","value":true},"id":"UISettings"}}
{"session":"71d758ebb4db","build":"183.5429.31","bucket":"-1","time":1550571966864,"group":{"id":"settings","version":"9"},"event":{"data":{"created":1550571967005,"name":"showIconInQuickNavigation","value":true},"id":"UISettings"}}
{"session":"71d758ebb4db","build":"183.5429.31","bucket":"-1","time":1550571966864,"group":{"id":"settings","version":"9"},"event":{"data":{"created":1550571967006,"name":"showIconsInMenus","value":true},"id":"UISettings"}}
{"session":"71d758ebb4db","build":"183.5429.31","bucket":"-1","time":1550571966864,"group":{"id":"settings","version":"9"},"event":{"data":{"created":1550571967007,"name":"showMainToolbar","value":false},"id":"UISettings"}}
{"session":"71d758ebb4db","build":"183.5429.31","bucket":"-1","time":1550571966864,"group":{"id":"settings","version":"9"},"event":{"data":{"created":1550571967008,"name":"showMemoryIndicator","value":false},"id":"UISettings"}}
{"session":"71d758ebb4db","build":"183.5429.31","bucket":"-1","time":1550571966864,"group":{"id":"settings","version":"9"},"event":{"data":{"created":1550571967009,"name":"showNavigationBar","value":true},"id":"UISettings"}}
{"session":"71d758ebb4db","build":"183.5429.31","bucket":"-1","time":1550571966864,"group":{"id":"settings","version":"9"},"event":{"data":{"created":1550571967009,"name":"showStatusBar","value":true},"id":"UISettings"}}
{"session":"71d758ebb4db","build":"183.5429.31","bucket":"-1","time":1550571966864,"group":{"id":"settings","version":"9"},"event":{"data":{"created":1550571967010,"name":"showTabsTooltips","value":true},"id":"UISettings"}}
{"session":"71d758ebb4db","build":"183.5429.31","bucket":"-1","time":1550571966864,"group":{"id":"settings","version":"9"},"event":{"data":{"created":1550571967011,"name":"showToolWindowsNumbers","value":true},"id":"UISettings"}}
{"session":"71d758ebb4db","build":"183.5429.31","bucket":"-1","time":1550571966864,"group":{"id":"settings","version":"9"},"event":{"data":{"created":1550571967012,"name":"smoothScrolling","value":false},"id":"UISettings"}}
{"session":"71d758ebb4db","build":"183.5429.31","bucket":"-1","time":1550571966864,"group":{"id":"settings","version":"9"},"event":{"data":{"created":1550571967012,"name":"sortBookmarks","value":false},"id":"UISettings"}}
{"session":"71d758ebb4db","build":"183.5429.31","bucket":"-1","time":1550571966864,"group":{"id":"settings","version":"9"},"event":{"data":{"created":1550571967013,"name":"sortLookupElementsLexicographically","value":false},"id":"UISettings"}}
{"session":"71d758ebb4db","build":"183.5429.31","bucket":"-1","time":1550571966864,"group":{"id":"settings","version":"9"},"event":{"data":{"created":1550571967016,"name":"useSmallLabelsOnTabs","value":false},"id":"UISettings"}}
{"session":"71d758ebb4db","build":"183.5429.31","bucket":"-1","time":1550571966864,"group":{"id":"settings","version":"9"},"event":{"data":{"created":1550571967017,"name":"wideScreenSupport","value":false},"id":"UISettings"}}
{"session":"71d758ebb4db","build":"183.5429.31","bucket":"-1","time":1550571968644,"group":{"id":"settings","version":"9"},"event":{"data":{"created":1550571968667,"name":"autoSaveIfInactive","value":false},"id":"GeneralSettings"}}
{"session":"71d758ebb4db","build":"183.5429.31","bucket":"-1","time":1550571968668,"group":{"id":"settings","version":"9"},"event":{"data":{"created":1550571968672,"name":"confirmExit","value":true},"id":"GeneralSettings"}}
{"session":"71d758ebb4db","build":"183.5429.31","bucket":"-1","time":1550571968671,"group":{"id":"settings","version":"9"},"event":{"data":{"created":1550571968672,"name":"reopenLastProject","value":true},"id":"GeneralSettings"}}
{"session":"71d758ebb4db","build":"183.5429.31","bucket":"-1","time":1550571968671,"group":{"id":"settings","version":"9"},"event":{"data":{"created":1550571968672,"name":"saveOnFrameDeactivation","value":true},"id":"GeneralSettings"}}
{"session":"71d758ebb4db","build":"183.5429.31","bucket":"-1","time":1550571968671,"group":{"id":"settings","version":"9"},"event":{"data":{"created":1550571968673,"name":"searchInBackground","value":false},"id":"GeneralSettings"}}
{"session":"71d758ebb4db","build":"183.5429.31","bucket":"-1","time":1550571968671,"group":{"id":"settings","version":"9"},"event":{"data":{"created":1550571968673,"name":"showTipsOnStartup","value":true},"id":"GeneralSettings"}}
{"session":"71d758ebb4db","build":"183.5429.31","bucket":"-1","time":1550571968671,"group":{"id":"settings","version":"9"},"event":{"data":{"created":1550571968674,"name":"showWelcomeScreen","value":true},"id":"GeneralSettings"}}
{"session":"71d758ebb4db","build":"183.5429.31","bucket":"-1","time":1550571968671,"group":{"id":"settings","version":"9"},"event":{"data":{"created":1550571968674,"name":"supportScreenReaders","value":false},"id":"GeneralSettings"}}
{"session":"71d758ebb4db","build":"183.5429.31","bucket":"-1","time":1550571968672,"group":{"id":"settings","version":"9"},"event":{"data":{"created":1550571968675,"name":"syncOnFrameActivation","value":true},"id":"GeneralSettings"}}
{"session":"71d758ebb4db","build":"183.5429.31","bucket":"-1","time":1550571968672,"group":{"id":"settings","version":"9"},"event":{"data":{"created":1550571968676,"name":"useDefaultBrowser","value":true},"id":"GeneralSettings"}}
{"session":"71d758ebb4db","build":"183.5429.31","bucket":"-1","time":1550571968672,"group":{"id":"settings","version":"9"},"event":{"data":{"created":1550571968676,"name":"useSafeWrite","value":true},"id":"GeneralSettings"}}
{"session":"71d758ebb4db","build":"183.5429.31","bucket":"-1","time":1550571974562,"group":{"id":"statistics.lifecycle.project","version":"9"},"event":{"count":1,"data":{"created":1550571974562,"project":"-1947795097"},"id":"project.opened"}}
{"session":"71d758ebb4db","build":"183.5429.31","bucket":"-1","time":1550571974564,"group":{"id":"lifecycle","version":"9"},"event":{"count":1,"data":{"created":1550571974564},"id":"project.opened"}}
{"session":"71d758ebb4db","build":"183.5429.31","bucket":"-1","time":1550571975146,"group":{"id":"statistics.lifecycle.app","version":"9"},"event":{"count":1,"data":{"created":1550571975147,"data_2":"7","data_1":"timeSecondsGrouped"},"id":"ide.freeze"}}
{"session":"71d758ebb4db","build":"183.5429.31","bucket":"-1","time":1550571975147,"group":{"id":"lifecycle","version":"9"},"event":{"count":1,"data":{"durationSeconds":7,"created":1550571975147},"id":"ide.freeze"}}
{"session":"71d758ebb4db","build":"183.5429.31","bucket":"-1","time":1550571975475,"group":{"id":"ui.dialogs","version":"9"},"event":{"count":1,"data":{"created":1550571975475,"type":"show"},"id":"com.intellij.openapi.progress.util.ProgressDialog$MyDialogWrapper"}}
{"session":"71d758ebb4db","build":"183.5429.31","bucket":"-1","time":1550571975860,"group":{"id":"statistics.lifecycle.app","version":"9"},"event":{"count":1,"data":{"created":1550571975860},"id":"ide.start"}}
{"session":"71d758ebb4db","build":"183.5429.31","bucket":"-1","time":1550571975860,"group":{"id":"lifecycle","version":"9"},"event":{"count":1,"data":{"created":1550571975860},"id":"app.started"}}
{"session":"71d758ebb4db","build":"183.5429.31","bucket":"-1","time":1550571976867,"group":{"id":"statistics.ui.tips","version":"9"},"event":{"count":1,"data":{"created":1550571976867},"id":"shown.automatically"}}
{"session":"71d758ebb4db","build":"183.5429.31","bucket":"-1","time":1550571977098,"group":{"id":"ui.dialogs","version":"9"},"event":{"count":1,"data":{"created":1550571977098,"type":"show"},"id":"com.intellij.ide.util.TipDialog"}}
{"session":"71d758ebb4db","build":"183.5429.31","bucket":"-1","time":1550571977899,"group":{"id":"toolwindow.v2","version":"9"},"event":{"count":1,"data":{"created":1550571977899,"data_1":"Linux"},"id":"Project_by_Activation"}}
{"session":"71d758ebb4db","build":"183.5429.31","bucket":"-1","time":1550571978550,"group":{"id":"ui.dialogs","version":"9"},"event":{"count":1,"data":{"code":1,"created":1550571978550,"type":"close"},"id":"com.intellij.openapi.progress.util.ProgressDialog$MyDialogWrapper"}}
{"session":"71d758ebb4db","build":"183.5429.31","bucket":"-1","time":1550571979926,"group":{"id":"statistics.file.types.open","version":"9"},"event":{"count":1,"data":{"created":1550571979926,"project":"-1947795097"},"id":"Python"}}
{"session":"71d758ebb4db","build":"183.5429.31","bucket":"-1","time":1550571979987,"group":{"id":"ui.dialogs","version":"9"},"event":{"count":1,"data":{"code":1,"created":1550571979988,"type":"close"},"id":"com.intellij.ide.util.TipDialog"}}
{"session":"71d758ebb4db","build":"183.5429.31","bucket":"-1","time":1550571980454,"group":{"id":"statistics.lifecycle.project","version":"9"},"event":{"count":1,"data":{"created":1550571980454,"project":"-1947795097"},"id":"project.open.time.9"}}
{"session":"71d758ebb4db","build":"183.5429.31","bucket":"-1","time":1550571980455,"group":{"id":"lifecycle","version":"9"},"event":{"count":1,"data":{"created":1550571980455,"time.ms":9104},"id":"project.opening.finished"}}
{"session":"71d758ebb4db","build":"183.5429.31","bucket":"-1","time":1550571981557,"group":{"id":"ui.dialogs","version":"9"},"event":{"count":2,"data":{"last":1550571985287,"created":1550571981557,"type":"show"},"id":"com.intellij.openapi.ui.messages.MessageDialog"}}
{"session":"71d758ebb4db","build":"183.5429.31","bucket":"-1","time":1550571986521,"group":{"id":"statistics.lifecycle.app","version":"9"},"event":{"count":1,"data":{"created":1550571986523},"id":"ide.close"}}
{"session":"71d758ebb4db","build":"183.5429.31","bucket":"-1","time":1550571986521,"group":{"id":"lifecycle","version":"9"},"event":{"count":1,"data":{"restart":false,"created":1550571986524},"id":"app.closed"}}
{"session":"71d758ebb4db","build":"183.5429.31","bucket":"-1","time":1550571986574,"group":{"id":"statistics.lifecycle.project","version":"9"},"event":{"count":1,"data":{"created":1550571986574,"project":"-1947795097"},"id":"project.closed"}}
{"session":"71d758ebb4db","build":"183.5429.31","bucket":"-1","time":1550571986876,"group":{"id":"lifecycle","version":"9"},"event":{"count":1,"data":{"created":1550571986877},"id":"project.closed"}}
