{"session":"91bc902af0af","build":"183.5429.31","bucket":"-1","time":1550571853047,"group":{"id":"system.os.name","version":"9"},"event":{"data":{"created":1550571853061},"id":"Linux"}}
{"session":"91bc902af0af","build":"183.5429.31","bucket":"-1","time":1550571853084,"group":{"id":"system.os.version","version":"9"},"event":{"data":{"created":1550571853091},"id":"ubuntu_16.04"}}
{"session":"91bc902af0af","build":"183.5429.31","bucket":"-1","time":1550571853084,"group":{"id":"system.jvm.vendor","version":"9"},"event":{"data":{"created":1550571853113},"id":"JetBrains_s.r.o"}}
{"session":"91bc902af0af","build":"183.5429.31","bucket":"-1","time":1550571853084,"group":{"id":"system.jvm.version","version":"9"},"event":{"data":{"created":1550571853114},"id":"1.8"}}
{"session":"91bc902af0af","build":"183.5429.31","bucket":"-1","time":1550571853086,"group":{"id":"settings","version":"9"},"event":{"data":{"created":1550571853115,"name":"activeMruEditorOnClose","value":false},"id":"UISettings"}}
{"session":"91bc902af0af","build":"183.5429.31","bucket":"-1","time":1550571853086,"group":{"id":"settings","version":"9"},"event":{"data":{"created":1550571853117,"name":"activeRightEditorOnClose","value":false},"id":"UISettings"}}
{"session":"91bc902af0af","build":"183.5429.31","bucket":"-1","time":1550571853086,"group":{"id":"settings","version":"9"},"event":{"data":{"created":1550571853119,"name":"allowMergeButtons","value":true},"id":"UISettings"}}
{"session":"91bc902af0af","build":"183.5429.31","bucket":"-1","time":1550571853086,"group":{"id":"settings","version":"9"},"event":{"data":{"created":1550571853120,"name":"alwaysShowWindowsButton","value":false},"id":"UISettings"}}
{"session":"91bc902af0af","build":"183.5429.31","bucket":"-1","time":1550571853086,"group":{"id":"settings","version":"9"},"event":{"data":{"created":1550571853122,"name":"animateWindows","value":true},"id":"UISettings"}}
{"session":"91bc902af0af","build":"183.5429.31","bucket":"-1","time":1550571853086,"group":{"id":"settings","version":"9"},"event":{"data":{"created":1550571853123,"name":"closeNonModifiedFilesFirst","value":false},"id":"UISettings"}}
{"session":"91bc902af0af","build":"183.5429.31","bucket":"-1","time":1550571853086,"group":{"id":"settings","version":"9"},"event":{"data":{"created":1550571853125,"name":"closeTabButtonOnTheRight","value":true},"id":"UISettings"}}
{"session":"91bc902af0af","build":"183.5429.31","bucket":"-1","time":1550571853086,"group":{"id":"settings","version":"9"},"event":{"data":{"created":1550571853127,"name":"cycleScrolling","value":true},"id":"UISettings"}}
{"session":"91bc902af0af","build":"183.5429.31","bucket":"-1","time":1550571853086,"group":{"id":"settings","version":"9"},"event":{"data":{"created":1550571853128,"name":"defaultAutoScrollToSource","value":false},"id":"UISettings"}}
{"session":"91bc902af0af","build":"183.5429.31","bucket":"-1","time":1550571853086,"group":{"id":"settings","version":"9"},"event":{"data":{"created":1550571853130,"name":"disableMnemonics","value":false},"id":"UISettings"}}
{"session":"91bc902af0af","build":"183.5429.31","bucket":"-1","time":1550571853086,"group":{"id":"settings","version":"9"},"event":{"data":{"created":1550571853131,"name":"disableMnemonicsInControls","value":false},"id":"UISettings"}}
{"session":"91bc902af0af","build":"183.5429.31","bucket":"-1","time":1550571853086,"group":{"id":"settings","version":"9"},"event":{"data":{"created":1550571853133,"name":"dndWithPressedAltOnly","value":false},"id":"UISettings"}}
{"session":"91bc902af0af","build":"183.5429.31","bucket":"-1","time":1550571853086,"group":{"id":"settings","version":"9"},"event":{"data":{"created":1550571853134,"name":"enableAlphaMode","value":false},"id":"UISettings"}}
{"session":"91bc902af0af","build":"183.5429.31","bucket":"-1","time":1550571853086,"group":{"id":"settings","version":"9"},"event":{"data":{"created":1550571853135,"name":"hideKnownExtensionInTabs","value":false},"id":"UISettings"}}
{"session":"91bc902af0af","build":"183.5429.31","bucket":"-1","time":1550571853086,"group":{"id":"settings","version":"9"},"event":{"data":{"created":1550571853137,"name":"hideNavigationOnFocusLoss","value":true},"id":"UISettings"}}
{"session":"91bc902af0af","build":"183.5429.31","bucket":"-1","time":1550571853086,"group":{"id":"settings","version":"9"},"event":{"data":{"created":1550571853138,"name":"hideTabsIfNeed","value":true},"id":"UISettings"}}
{"session":"91bc902af0af","build":"183.5429.31","bucket":"-1","time":1550571853086,"group":{"id":"settings","version":"9"},"event":{"data":{"created":1550571853139,"name":"hideToolStripes","value":false},"id":"UISettings"}}
{"session":"91bc902af0af","build":"183.5429.31","bucket":"-1","time":1550571853086,"group":{"id":"settings","version":"9"},"event":{"data":{"created":1550571853141,"name":"leftHorizontalSplit","value":false},"id":"UISettings"}}
{"session":"91bc902af0af","build":"183.5429.31","bucket":"-1","time":1550571853086,"group":{"id":"settings","version":"9"},"event":{"data":{"created":1550571853142,"name":"markModifiedTabsWithAsterisk","value":false},"id":"UISettings"}}
{"session":"91bc902af0af","build":"183.5429.31","bucket":"-1","time":1550571853086,"group":{"id":"settings","version":"9"},"event":{"data":{"created":1550571853143,"name":"mergeEqualStackTraces","value":true},"id":"UISettings"}}
{"session":"91bc902af0af","build":"183.5429.31","bucket":"-1","time":1550571853086,"group":{"id":"settings","version":"9"},"event":{"data":{"created":1550571853144,"name":"moveMouseOnDefaultButton","value":false},"id":"UISettings"}}
{"session":"91bc902af0af","build":"183.5429.31","bucket":"-1","time":1550571853086,"group":{"id":"settings","version":"9"},"event":{"data":{"created":1550571853145,"name":"navigateToPreview","value":false},"id":"UISettings"}}
{"session":"91bc902af0af","build":"183.5429.31","bucket":"-1","time":1550571853086,"group":{"id":"settings","version":"9"},"event":{"data":{"created":1550571853147,"name":"overrideConsoleCycleBufferSize","value":false},"id":"UISettings"}}
{"session":"91bc902af0af","build":"183.5429.31","bucket":"-1","time":1550571853086,"group":{"id":"settings","version":"9"},"event":{"data":{"default":false,"created":1550571853148,"name":"overrideLafFonts","value":true},"id":"UISettings"}}
{"session":"91bc902af0af","build":"183.5429.31","bucket":"-1","time":1550571853086,"group":{"id":"settings","version":"9"},"event":{"data":{"created":1550571853149,"name":"pinFindInPath","value":false},"id":"UISettings"}}
{"session":"91bc902af0af","build":"183.5429.31","bucket":"-1","time":1550571853086,"group":{"id":"settings","version":"9"},"event":{"data":{"created":1550571853150,"name":"presentationMode","value":false},"id":"UISettings"}}
{"session":"91bc902af0af","build":"183.5429.31","bucket":"-1","time":1550571853086,"group":{"id":"settings","version":"9"},"event":{"data":{"created":1550571853151,"name":"reuseNotModifiedTabs","value":false},"id":"UISettings"}}
{"session":"91bc902af0af","build":"183.5429.31","bucket":"-1","time":1550571853086,"group":{"id":"settings","version":"9"},"event":{"data":{"created":1550571853152,"name":"rightHorizontalSplit","value":false},"id":"UISettings"}}
{"session":"91bc902af0af","build":"183.5429.31","bucket":"-1","time":1550571853086,"group":{"id":"settings","version":"9"},"event":{"data":{"created":1550571853153,"name":"scrollTabLayoutInEditor","value":true},"id":"UISettings"}}
{"session":"91bc902af0af","build":"183.5429.31","bucket":"-1","time":1550571853086,"group":{"id":"settings","version":"9"},"event":{"data":{"created":1550571853154,"name":"showCloseButton","value":true},"id":"UISettings"}}
{"session":"91bc902af0af","build":"183.5429.31","bucket":"-1","time":1550571853086,"group":{"id":"settings","version":"9"},"event":{"data":{"created":1550571853155,"name":"showDirectoryForNonUniqueFilenames","value":true},"id":"UISettings"}}
{"session":"91bc902af0af","build":"183.5429.31","bucket":"-1","time":1550571853086,"group":{"id":"settings","version":"9"},"event":{"data":{"created":1550571853156,"name":"showEditorToolTip","value":true},"id":"UISettings"}}
{"session":"91bc902af0af","build":"183.5429.31","bucket":"-1","time":1550571853086,"group":{"id":"settings","version":"9"},"event":{"data":{"created":1550571853158,"name":"showIconInQuickNavigation","value":true},"id":"UISettings"}}
{"session":"91bc902af0af","build":"183.5429.31","bucket":"-1","time":1550571853086,"group":{"id":"settings","version":"9"},"event":{"data":{"created":1550571853159,"name":"showIconsInMenus","value":true},"id":"UISettings"}}
{"session":"91bc902af0af","build":"183.5429.31","bucket":"-1","time":1550571853086,"group":{"id":"settings","version":"9"},"event":{"data":{"created":1550571853160,"name":"showMainToolbar","value":false},"id":"UISettings"}}
{"session":"91bc902af0af","build":"183.5429.31","bucket":"-1","time":1550571853086,"group":{"id":"settings","version":"9"},"event":{"data":{"created":1550571853161,"name":"showMemoryIndicator","value":false},"id":"UISettings"}}
{"session":"91bc902af0af","build":"183.5429.31","bucket":"-1","time":1550571853086,"group":{"id":"settings","version":"9"},"event":{"data":{"created":1550571853162,"name":"showNavigationBar","value":true},"id":"UISettings"}}
{"session":"91bc902af0af","build":"183.5429.31","bucket":"-1","time":1550571853086,"group":{"id":"settings","version":"9"},"event":{"data":{"created":1550571853163,"name":"showStatusBar","value":true},"id":"UISettings"}}
{"session":"91bc902af0af","build":"183.5429.31","bucket":"-1","time":1550571853086,"group":{"id":"settings","version":"9"},"event":{"data":{"created":1550571853164,"name":"showTabsTooltips","value":true},"id":"UISettings"}}
{"session":"91bc902af0af","build":"183.5429.31","bucket":"-1","time":1550571853086,"group":{"id":"settings","version":"9"},"event":{"data":{"created":1550571853165,"name":"showToolWindowsNumbers","value":true},"id":"UISettings"}}
{"session":"91bc902af0af","build":"183.5429.31","bucket":"-1","time":1550571853086,"group":{"id":"settings","version":"9"},"event":{"data":{"created":1550571853166,"name":"smoothScrolling","value":false},"id":"UISettings"}}
{"session":"91bc902af0af","build":"183.5429.31","bucket":"-1","time":1550571853086,"group":{"id":"settings","version":"9"},"event":{"data":{"created":1550571853167,"name":"sortBookmarks","value":false},"id":"UISettings"}}
{"session":"91bc902af0af","build":"183.5429.31","bucket":"-1","time":1550571853086,"group":{"id":"settings","version":"9"},"event":{"data":{"created":1550571853168,"name":"sortLookupElementsLexicographically","value":false},"id":"UISettings"}}
{"session":"91bc902af0af","build":"183.5429.31","bucket":"-1","time":1550571853086,"group":{"id":"settings","version":"9"},"event":{"data":{"created":1550571853169,"name":"useSmallLabelsOnTabs","value":false},"id":"UISettings"}}
{"session":"91bc902af0af","build":"183.5429.31","bucket":"-1","time":1550571853086,"group":{"id":"settings","version":"9"},"event":{"data":{"created":1550571853169,"name":"wideScreenSupport","value":false},"id":"UISettings"}}
{"session":"91bc902af0af","build":"183.5429.31","bucket":"-1","time":1550571854482,"group":{"id":"settings","version":"9"},"event":{"data":{"created":1550571854482,"name":"autoSaveIfInactive","value":false},"id":"GeneralSettings"}}
{"session":"91bc902af0af","build":"183.5429.31","bucket":"-1","time":1550571854482,"group":{"id":"settings","version":"9"},"event":{"data":{"created":1550571854482,"name":"confirmExit","value":true},"id":"GeneralSettings"}}
{"session":"91bc902af0af","build":"183.5429.31","bucket":"-1","time":1550571854482,"group":{"id":"settings","version":"9"},"event":{"data":{"created":1550571854483,"name":"reopenLastProject","value":true},"id":"GeneralSettings"}}
{"session":"91bc902af0af","build":"183.5429.31","bucket":"-1","time":1550571854482,"group":{"id":"settings","version":"9"},"event":{"data":{"created":1550571854484,"name":"saveOnFrameDeactivation","value":true},"id":"GeneralSettings"}}
{"session":"91bc902af0af","build":"183.5429.31","bucket":"-1","time":1550571854482,"group":{"id":"settings","version":"9"},"event":{"data":{"created":1550571854485,"name":"searchInBackground","value":false},"id":"GeneralSettings"}}
{"session":"91bc902af0af","build":"183.5429.31","bucket":"-1","time":1550571854482,"group":{"id":"settings","version":"9"},"event":{"data":{"created":1550571854485,"name":"showTipsOnStartup","value":true},"id":"GeneralSettings"}}
{"session":"91bc902af0af","build":"183.5429.31","bucket":"-1","time":1550571854482,"group":{"id":"settings","version":"9"},"event":{"data":{"created":1550571854486,"name":"showWelcomeScreen","value":true},"id":"GeneralSettings"}}
{"session":"91bc902af0af","build":"183.5429.31","bucket":"-1","time":1550571854482,"group":{"id":"settings","version":"9"},"event":{"data":{"created":1550571854486,"name":"supportScreenReaders","value":false},"id":"GeneralSettings"}}
{"session":"91bc902af0af","build":"183.5429.31","bucket":"-1","time":1550571854482,"group":{"id":"settings","version":"9"},"event":{"data":{"created":1550571854487,"name":"syncOnFrameActivation","value":true},"id":"GeneralSettings"}}
{"session":"91bc902af0af","build":"183.5429.31","bucket":"-1","time":1550571854482,"group":{"id":"settings","version":"9"},"event":{"data":{"created":1550571854487,"name":"useDefaultBrowser","value":true},"id":"GeneralSettings"}}
{"session":"91bc902af0af","build":"183.5429.31","bucket":"-1","time":1550571854482,"group":{"id":"settings","version":"9"},"event":{"data":{"created":1550571854488,"name":"useSafeWrite","value":true},"id":"GeneralSettings"}}
{"session":"91bc902af0af","build":"183.5429.31","bucket":"-1","time":1550571860101,"group":{"id":"statistics.lifecycle.project","version":"9"},"event":{"count":1,"data":{"created":1550571860101,"project":"2035156860"},"id":"project.opened"}}
{"session":"91bc902af0af","build":"183.5429.31","bucket":"-1","time":1550571860103,"group":{"id":"lifecycle","version":"9"},"event":{"count":1,"data":{"created":1550571860103},"id":"project.opened"}}
{"session":"91bc902af0af","build":"183.5429.31","bucket":"-1","time":1550571861092,"group":{"id":"ui.dialogs","version":"9"},"event":{"count":1,"data":{"created":1550571861092,"type":"show"},"id":"com.intellij.openapi.progress.util.ProgressDialog$MyDialogWrapper"}}
{"session":"91bc902af0af","build":"183.5429.31","bucket":"-1","time":1550571861511,"group":{"id":"statistics.lifecycle.app","version":"9"},"event":{"count":1,"data":{"created":1550571861516},"id":"ide.start"}}
{"session":"91bc902af0af","build":"183.5429.31","bucket":"-1","time":1550571861514,"group":{"id":"lifecycle","version":"9"},"event":{"count":1,"data":{"created":1550571861516},"id":"app.started"}}
{"session":"91bc902af0af","build":"183.5429.31","bucket":"-1","time":1550571862379,"group":{"id":"statistics.ui.tips","version":"9"},"event":{"count":1,"data":{"created":1550571862379},"id":"shown.automatically"}}
{"session":"91bc902af0af","build":"183.5429.31","bucket":"-1","time":1550571862507,"group":{"id":"ui.dialogs","version":"9"},"event":{"count":1,"data":{"created":1550571862507,"type":"show"},"id":"com.intellij.ide.util.TipDialog"}}
{"session":"91bc902af0af","build":"183.5429.31","bucket":"-1","time":1550571863263,"group":{"id":"toolwindow.v2","version":"9"},"event":{"count":1,"data":{"created":1550571863264,"data_1":"Linux"},"id":"Project_by_Activation"}}
{"session":"91bc902af0af","build":"183.5429.31","bucket":"-1","time":1550571863530,"group":{"id":"ui.dialogs","version":"9"},"event":{"count":1,"data":{"code":1,"created":1550571863530,"type":"close"},"id":"com.intellij.openapi.progress.util.ProgressDialog$MyDialogWrapper"}}
{"session":"91bc902af0af","build":"183.5429.31","bucket":"-1","time":1550571865164,"group":{"id":"statistics.lifecycle.project","version":"9"},"event":{"count":1,"data":{"created":1550571865164,"project":"2035156860"},"id":"project.open.time.8"}}
{"session":"91bc902af0af","build":"183.5429.31","bucket":"-1","time":1550571865165,"group":{"id":"lifecycle","version":"9"},"event":{"count":1,"data":{"created":1550571865165,"time.ms":8072},"id":"project.opening.finished"}}
{"session":"91bc902af0af","build":"183.5429.31","bucket":"-1","time":1550571869024,"group":{"id":"ui.dialogs","version":"9"},"event":{"count":1,"data":{"code":1,"created":1550571869025,"type":"close"},"id":"com.intellij.ide.util.TipDialog"}}
{"session":"91bc902af0af","build":"183.5429.31","bucket":"-1","time":1550571872613,"group":{"id":"ui.dialogs","version":"9"},"event":{"count":1,"data":{"created":1550571872613,"type":"show"},"id":"com.intellij.openapi.ui.messages.MessageDialog"}}
{"session":"91bc902af0af","build":"183.5429.31","bucket":"-1","time":1550571874174,"group":{"id":"statistics.lifecycle.app","version":"9"},"event":{"count":1,"data":{"created":1550571874174},"id":"ide.close"}}
{"session":"91bc902af0af","build":"183.5429.31","bucket":"-1","time":1550571874174,"group":{"id":"lifecycle","version":"9"},"event":{"count":1,"data":{"restart":false,"created":1550571874175},"id":"app.closed"}}
{"session":"91bc902af0af","build":"183.5429.31","bucket":"-1","time":1550571874231,"group":{"id":"statistics.lifecycle.project","version":"9"},"event":{"count":1,"data":{"created":1550571874231,"project":"2035156860"},"id":"project.closed"}}
{"session":"91bc902af0af","build":"183.5429.31","bucket":"-1","time":1550571874553,"group":{"id":"lifecycle","version":"9"},"event":{"count":1,"data":{"created":1550571874553},"id":"project.closed"}}
