{"session":"42880984bd69","build":"183.5429.31","bucket":"-1","time":1550641933713,"group":{"id":"system.os.name","version":"9"},"event":{"data":{"created":1550641933718},"id":"Linux"}}
{"session":"42880984bd69","build":"183.5429.31","bucket":"-1","time":1550641933732,"group":{"id":"system.os.version","version":"9"},"event":{"data":{"created":1550641933739},"id":"ubuntu_16.04"}}
{"session":"42880984bd69","build":"183.5429.31","bucket":"-1","time":1550641933732,"group":{"id":"system.jvm.vendor","version":"9"},"event":{"data":{"created":1550641933757},"id":"JetBrains_s.r.o"}}
{"session":"42880984bd69","build":"183.5429.31","bucket":"-1","time":1550641933732,"group":{"id":"system.jvm.version","version":"9"},"event":{"data":{"created":1550641933758},"id":"1.8"}}
{"session":"42880984bd69","build":"183.5429.31","bucket":"-1","time":1550641933776,"group":{"id":"settings","version":"9"},"event":{"data":{"created":1550641933776,"name":"activeMruEditorOnClose","value":false},"id":"UISettings"}}
{"session":"42880984bd69","build":"183.5429.31","bucket":"-1","time":1550641933776,"group":{"id":"settings","version":"9"},"event":{"data":{"created":1550641933778,"name":"activeRightEditorOnClose","value":false},"id":"UISettings"}}
{"session":"42880984bd69","build":"183.5429.31","bucket":"-1","time":1550641933776,"group":{"id":"settings","version":"9"},"event":{"data":{"created":1550641933780,"name":"allowMergeButtons","value":true},"id":"UISettings"}}
{"session":"42880984bd69","build":"183.5429.31","bucket":"-1","time":1550641933776,"group":{"id":"settings","version":"9"},"event":{"data":{"created":1550641933781,"name":"alwaysShowWindowsButton","value":false},"id":"UISettings"}}
{"session":"42880984bd69","build":"183.5429.31","bucket":"-1","time":1550641933776,"group":{"id":"settings","version":"9"},"event":{"data":{"created":1550641933782,"name":"animateWindows","value":true},"id":"UISettings"}}
{"session":"42880984bd69","build":"183.5429.31","bucket":"-1","time":1550641933776,"group":{"id":"settings","version":"9"},"event":{"data":{"created":1550641933787,"name":"closeNonModifiedFilesFirst","value":false},"id":"UISettings"}}
{"session":"42880984bd69","build":"183.5429.31","bucket":"-1","time":1550641933776,"group":{"id":"settings","version":"9"},"event":{"data":{"created":1550641933789,"name":"closeTabButtonOnTheRight","value":true},"id":"UISettings"}}
{"session":"42880984bd69","build":"183.5429.31","bucket":"-1","time":1550641933776,"group":{"id":"settings","version":"9"},"event":{"data":{"created":1550641933790,"name":"cycleScrolling","value":true},"id":"UISettings"}}
{"session":"42880984bd69","build":"183.5429.31","bucket":"-1","time":1550641933776,"group":{"id":"settings","version":"9"},"event":{"data":{"created":1550641933791,"name":"defaultAutoScrollToSource","value":false},"id":"UISettings"}}
{"session":"42880984bd69","build":"183.5429.31","bucket":"-1","time":1550641933776,"group":{"id":"settings","version":"9"},"event":{"data":{"created":1550641933792,"name":"disableMnemonics","value":false},"id":"UISettings"}}
{"session":"42880984bd69","build":"183.5429.31","bucket":"-1","time":1550641933776,"group":{"id":"settings","version":"9"},"event":{"data":{"created":1550641933793,"name":"disableMnemonicsInControls","value":false},"id":"UISettings"}}
{"session":"42880984bd69","build":"183.5429.31","bucket":"-1","time":1550641933777,"group":{"id":"settings","version":"9"},"event":{"data":{"created":1550641933794,"name":"dndWithPressedAltOnly","value":false},"id":"UISettings"}}
{"session":"42880984bd69","build":"183.5429.31","bucket":"-1","time":1550641933777,"group":{"id":"settings","version":"9"},"event":{"data":{"created":1550641933796,"name":"enableAlphaMode","value":false},"id":"UISettings"}}
{"session":"42880984bd69","build":"183.5429.31","bucket":"-1","time":1550641933777,"group":{"id":"settings","version":"9"},"event":{"data":{"created":1550641933797,"name":"hideKnownExtensionInTabs","value":false},"id":"UISettings"}}
{"session":"42880984bd69","build":"183.5429.31","bucket":"-1","time":1550641933777,"group":{"id":"settings","version":"9"},"event":{"data":{"created":1550641933798,"name":"hideNavigationOnFocusLoss","value":true},"id":"UISettings"}}
{"session":"42880984bd69","build":"183.5429.31","bucket":"-1","time":1550641933777,"group":{"id":"settings","version":"9"},"event":{"data":{"created":1550641933799,"name":"hideTabsIfNeed","value":true},"id":"UISettings"}}
{"session":"42880984bd69","build":"183.5429.31","bucket":"-1","time":1550641933777,"group":{"id":"settings","version":"9"},"event":{"data":{"created":1550641933800,"name":"hideToolStripes","value":false},"id":"UISettings"}}
{"session":"42880984bd69","build":"183.5429.31","bucket":"-1","time":1550641933777,"group":{"id":"settings","version":"9"},"event":{"data":{"created":1550641933808,"name":"leftHorizontalSplit","value":false},"id":"UISettings"}}
{"session":"42880984bd69","build":"183.5429.31","bucket":"-1","time":1550641933777,"group":{"id":"settings","version":"9"},"event":{"data":{"created":1550641933809,"name":"markModifiedTabsWithAsterisk","value":false},"id":"UISettings"}}
{"session":"42880984bd69","build":"183.5429.31","bucket":"-1","time":1550641933777,"group":{"id":"settings","version":"9"},"event":{"data":{"created":1550641933810,"name":"mergeEqualStackTraces","value":true},"id":"UISettings"}}
{"session":"42880984bd69","build":"183.5429.31","bucket":"-1","time":1550641933777,"group":{"id":"settings","version":"9"},"event":{"data":{"created":1550641933812,"name":"moveMouseOnDefaultButton","value":false},"id":"UISettings"}}
{"session":"42880984bd69","build":"183.5429.31","bucket":"-1","time":1550641933777,"group":{"id":"settings","version":"9"},"event":{"data":{"created":1550641933813,"name":"navigateToPreview","value":false},"id":"UISettings"}}
{"session":"42880984bd69","build":"183.5429.31","bucket":"-1","time":1550641933777,"group":{"id":"settings","version":"9"},"event":{"data":{"created":1550641933814,"name":"overrideConsoleCycleBufferSize","value":false},"id":"UISettings"}}
{"session":"42880984bd69","build":"183.5429.31","bucket":"-1","time":1550641933777,"group":{"id":"settings","version":"9"},"event":{"data":{"default":false,"created":1550641933815,"name":"overrideLafFonts","value":true},"id":"UISettings"}}
{"session":"42880984bd69","build":"183.5429.31","bucket":"-1","time":1550641933777,"group":{"id":"settings","version":"9"},"event":{"data":{"created":1550641933824,"name":"pinFindInPath","value":false},"id":"UISettings"}}
{"session":"42880984bd69","build":"183.5429.31","bucket":"-1","time":1550641933777,"group":{"id":"settings","version":"9"},"event":{"data":{"created":1550641933825,"name":"presentationMode","value":false},"id":"UISettings"}}
{"session":"42880984bd69","build":"183.5429.31","bucket":"-1","time":1550641933777,"group":{"id":"settings","version":"9"},"event":{"data":{"created":1550641933826,"name":"reuseNotModifiedTabs","value":false},"id":"UISettings"}}
{"session":"42880984bd69","build":"183.5429.31","bucket":"-1","time":1550641933777,"group":{"id":"settings","version":"9"},"event":{"data":{"created":1550641933827,"name":"rightHorizontalSplit","value":false},"id":"UISettings"}}
{"session":"42880984bd69","build":"183.5429.31","bucket":"-1","time":1550641933777,"group":{"id":"settings","version":"9"},"event":{"data":{"created":1550641933827,"name":"scrollTabLayoutInEditor","value":true},"id":"UISettings"}}
{"session":"42880984bd69","build":"183.5429.31","bucket":"-1","time":1550641933777,"group":{"id":"settings","version":"9"},"event":{"data":{"created":1550641933828,"name":"showCloseButton","value":true},"id":"UISettings"}}
{"session":"42880984bd69","build":"183.5429.31","bucket":"-1","time":1550641933777,"group":{"id":"settings","version":"9"},"event":{"data":{"created":1550641933829,"name":"showDirectoryForNonUniqueFilenames","value":true},"id":"UISettings"}}
{"session":"42880984bd69","build":"183.5429.31","bucket":"-1","time":1550641933777,"group":{"id":"settings","version":"9"},"event":{"data":{"created":1550641933830,"name":"showEditorToolTip","value":true},"id":"UISettings"}}
{"session":"42880984bd69","build":"183.5429.31","bucket":"-1","time":1550641933777,"group":{"id":"settings","version":"9"},"event":{"data":{"created":1550641933838,"name":"showIconInQuickNavigation","value":true},"id":"UISettings"}}
{"session":"42880984bd69","build":"183.5429.31","bucket":"-1","time":1550641933777,"group":{"id":"settings","version":"9"},"event":{"data":{"created":1550641933839,"name":"showIconsInMenus","value":true},"id":"UISettings"}}
{"session":"42880984bd69","build":"183.5429.31","bucket":"-1","time":1550641933777,"group":{"id":"settings","version":"9"},"event":{"data":{"created":1550641933839,"name":"showMainToolbar","value":false},"id":"UISettings"}}
{"session":"42880984bd69","build":"183.5429.31","bucket":"-1","time":1550641933777,"group":{"id":"settings","version":"9"},"event":{"data":{"created":1550641933840,"name":"showMemoryIndicator","value":false},"id":"UISettings"}}
{"session":"42880984bd69","build":"183.5429.31","bucket":"-1","time":1550641933777,"group":{"id":"settings","version":"9"},"event":{"data":{"created":1550641933841,"name":"showNavigationBar","value":true},"id":"UISettings"}}
{"session":"42880984bd69","build":"183.5429.31","bucket":"-1","time":1550641933778,"group":{"id":"settings","version":"9"},"event":{"data":{"created":1550641933842,"name":"showStatusBar","value":true},"id":"UISettings"}}
{"session":"42880984bd69","build":"183.5429.31","bucket":"-1","time":1550641933778,"group":{"id":"settings","version":"9"},"event":{"data":{"created":1550641933842,"name":"showTabsTooltips","value":true},"id":"UISettings"}}
{"session":"42880984bd69","build":"183.5429.31","bucket":"-1","time":1550641933778,"group":{"id":"settings","version":"9"},"event":{"data":{"created":1550641933843,"name":"showToolWindowsNumbers","value":true},"id":"UISettings"}}
{"session":"42880984bd69","build":"183.5429.31","bucket":"-1","time":1550641933778,"group":{"id":"settings","version":"9"},"event":{"data":{"created":1550641933844,"name":"smoothScrolling","value":false},"id":"UISettings"}}
{"session":"42880984bd69","build":"183.5429.31","bucket":"-1","time":1550641933778,"group":{"id":"settings","version":"9"},"event":{"data":{"created":1550641933844,"name":"sortBookmarks","value":false},"id":"UISettings"}}
{"session":"42880984bd69","build":"183.5429.31","bucket":"-1","time":1550641933778,"group":{"id":"settings","version":"9"},"event":{"data":{"created":1550641933845,"name":"sortLookupElementsLexicographically","value":false},"id":"UISettings"}}
{"session":"42880984bd69","build":"183.5429.31","bucket":"-1","time":1550641933778,"group":{"id":"settings","version":"9"},"event":{"data":{"created":1550641933846,"name":"useSmallLabelsOnTabs","value":false},"id":"UISettings"}}
{"session":"42880984bd69","build":"183.5429.31","bucket":"-1","time":1550641933778,"group":{"id":"settings","version":"9"},"event":{"data":{"created":1550641933846,"name":"wideScreenSupport","value":false},"id":"UISettings"}}
{"session":"42880984bd69","build":"183.5429.31","bucket":"-1","time":1550641936670,"group":{"id":"settings","version":"9"},"event":{"data":{"created":1550641936671,"name":"autoSaveIfInactive","value":false},"id":"GeneralSettings"}}
{"session":"42880984bd69","build":"183.5429.31","bucket":"-1","time":1550641936671,"group":{"id":"settings","version":"9"},"event":{"data":{"created":1550641936671,"name":"confirmExit","value":true},"id":"GeneralSettings"}}
{"session":"42880984bd69","build":"183.5429.31","bucket":"-1","time":1550641936673,"group":{"id":"settings","version":"9"},"event":{"data":{"created":1550641936677,"name":"reopenLastProject","value":true},"id":"GeneralSettings"}}
{"session":"42880984bd69","build":"183.5429.31","bucket":"-1","time":1550641936677,"group":{"id":"settings","version":"9"},"event":{"data":{"created":1550641936677,"name":"saveOnFrameDeactivation","value":true},"id":"GeneralSettings"}}
{"session":"42880984bd69","build":"183.5429.31","bucket":"-1","time":1550641936677,"group":{"id":"settings","version":"9"},"event":{"data":{"created":1550641936678,"name":"searchInBackground","value":false},"id":"GeneralSettings"}}
{"session":"42880984bd69","build":"183.5429.31","bucket":"-1","time":1550641936677,"group":{"id":"settings","version":"9"},"event":{"data":{"created":1550641936678,"name":"showTipsOnStartup","value":true},"id":"GeneralSettings"}}
{"session":"42880984bd69","build":"183.5429.31","bucket":"-1","time":1550641936677,"group":{"id":"settings","version":"9"},"event":{"data":{"created":1550641936679,"name":"showWelcomeScreen","value":true},"id":"GeneralSettings"}}
{"session":"42880984bd69","build":"183.5429.31","bucket":"-1","time":1550641936677,"group":{"id":"settings","version":"9"},"event":{"data":{"created":1550641936679,"name":"supportScreenReaders","value":false},"id":"GeneralSettings"}}
{"session":"42880984bd69","build":"183.5429.31","bucket":"-1","time":1550641936677,"group":{"id":"settings","version":"9"},"event":{"data":{"created":1550641936679,"name":"syncOnFrameActivation","value":true},"id":"GeneralSettings"}}
{"session":"42880984bd69","build":"183.5429.31","bucket":"-1","time":1550641936677,"group":{"id":"settings","version":"9"},"event":{"data":{"created":1550641936680,"name":"useDefaultBrowser","value":true},"id":"GeneralSettings"}}
{"session":"42880984bd69","build":"183.5429.31","bucket":"-1","time":1550641936677,"group":{"id":"settings","version":"9"},"event":{"data":{"created":1550641936680,"name":"useSafeWrite","value":true},"id":"GeneralSettings"}}
{"session":"42880984bd69","build":"183.5429.31","bucket":"-1","time":1550641951778,"group":{"id":"statistics.lifecycle.project","version":"9"},"event":{"count":1,"data":{"created":1550641951779,"project":"-1947795097"},"id":"project.opened"}}
{"session":"42880984bd69","build":"183.5429.31","bucket":"-1","time":1550641951781,"group":{"id":"lifecycle","version":"9"},"event":{"count":1,"data":{"created":1550641951781},"id":"project.opened"}}
{"session":"42880984bd69","build":"183.5429.31","bucket":"-1","time":1550641952615,"group":{"id":"statistics.lifecycle.app","version":"9"},"event":{"count":1,"data":{"created":1550641952615,"data_2":"10+","data_1":"timeSecondsGrouped"},"id":"ide.freeze"}}
{"session":"42880984bd69","build":"183.5429.31","bucket":"-1","time":1550641952615,"group":{"id":"lifecycle","version":"9"},"event":{"count":1,"data":{"durationSeconds":17,"created":1550641952616},"id":"ide.freeze"}}
{"session":"42880984bd69","build":"183.5429.31","bucket":"-1","time":1550641952972,"group":{"id":"ui.dialogs","version":"9"},"event":{"count":1,"data":{"created":1550641952972,"type":"show"},"id":"com.intellij.openapi.progress.util.ProgressDialog$MyDialogWrapper"}}
{"session":"42880984bd69","build":"183.5429.31","bucket":"-1","time":1550641953083,"group":{"id":"statistics.lifecycle.app","version":"9"},"event":{"count":1,"data":{"created":1550641953083},"id":"ide.start"}}
{"session":"42880984bd69","build":"183.5429.31","bucket":"-1","time":1550641953084,"group":{"id":"lifecycle","version":"9"},"event":{"count":1,"data":{"created":1550641953084},"id":"app.started"}}
{"session":"42880984bd69","build":"183.5429.31","bucket":"-1","time":1550641953994,"group":{"id":"statistics.ui.tips","version":"9"},"event":{"count":1,"data":{"created":1550641953994},"id":"shown.automatically"}}
{"session":"42880984bd69","build":"183.5429.31","bucket":"-1","time":1550641954210,"group":{"id":"ui.dialogs","version":"9"},"event":{"count":1,"data":{"created":1550641954210,"type":"show"},"id":"com.intellij.ide.util.TipDialog"}}
{"session":"42880984bd69","build":"183.5429.31","bucket":"-1","time":1550641955059,"group":{"id":"toolwindow.v2","version":"9"},"event":{"count":1,"data":{"created":1550641955060,"data_1":"Linux"},"id":"Project_by_Activation"}}
{"session":"42880984bd69","build":"183.5429.31","bucket":"-1","time":1550641955720,"group":{"id":"ui.dialogs","version":"9"},"event":{"count":1,"data":{"code":1,"created":1550641955720,"type":"close"},"id":"com.intellij.openapi.progress.util.ProgressDialog$MyDialogWrapper"}}
{"session":"42880984bd69","build":"183.5429.31","bucket":"-1","time":1550641957207,"group":{"id":"statistics.file.types.open","version":"9"},"event":{"count":1,"data":{"created":1550641957207,"project":"-1947795097"},"id":"Python"}}
{"session":"42880984bd69","build":"183.5429.31","bucket":"-1","time":1550641957357,"group":{"id":"statistics.lifecycle.project","version":"9"},"event":{"count":1,"data":{"created":1550641957358,"project":"-1947795097"},"id":"project.open.time.15"}}
{"session":"42880984bd69","build":"183.5429.31","bucket":"-1","time":1550641957357,"group":{"id":"lifecycle","version":"9"},"event":{"count":1,"data":{"created":1550641957359,"time.ms":15705},"id":"project.opening.finished"}}
{"session":"42880984bd69","build":"183.5429.31","bucket":"-1","time":1550641957474,"group":{"id":"ui.dialogs","version":"9"},"event":{"count":1,"data":{"code":1,"created":1550641957475,"type":"close"},"id":"com.intellij.ide.util.TipDialog"}}
{"session":"42880984bd69","build":"183.5429.31","bucket":"-1","time":1550641959501,"group":{"id":"ui.dialogs","version":"9"},"event":{"count":1,"data":{"created":1550641959501,"type":"show"},"id":"com.intellij.openapi.ui.messages.MessageDialog"}}
{"session":"42880984bd69","build":"183.5429.31","bucket":"-1","time":1550641960908,"group":{"id":"statistics.lifecycle.app","version":"9"},"event":{"count":1,"data":{"created":1550641960908},"id":"ide.close"}}
{"session":"42880984bd69","build":"183.5429.31","bucket":"-1","time":1550641960908,"group":{"id":"lifecycle","version":"9"},"event":{"count":1,"data":{"restart":false,"created":1550641960909},"id":"app.closed"}}
{"session":"42880984bd69","build":"183.5429.31","bucket":"-1","time":1550641960969,"group":{"id":"statistics.lifecycle.project","version":"9"},"event":{"count":1,"data":{"created":1550641960969,"project":"-1947795097"},"id":"project.closed"}}
{"session":"42880984bd69","build":"183.5429.31","bucket":"-1","time":1550641965826,"group":{"id":"lifecycle","version":"9"},"event":{"count":1,"data":{"created":1550641965826},"id":"project.closed"}}
