{"session":"05b3902bdeed","build":"183.5429.31","bucket":"-1","time":1550582204405,"group":{"id":"system.os.name","version":"9"},"event":{"data":{"created":1550582204408},"id":"Linux"}}
{"session":"05b3902bdeed","build":"183.5429.31","bucket":"-1","time":1550582204431,"group":{"id":"system.os.version","version":"9"},"event":{"data":{"created":1550582204441},"id":"ubuntu_16.04"}}
{"session":"05b3902bdeed","build":"183.5429.31","bucket":"-1","time":1550582204431,"group":{"id":"system.jvm.vendor","version":"9"},"event":{"data":{"created":1550582204485},"id":"JetBrains_s.r.o"}}
{"session":"05b3902bdeed","build":"183.5429.31","bucket":"-1","time":1550582204431,"group":{"id":"system.jvm.version","version":"9"},"event":{"data":{"created":1550582204487},"id":"1.8"}}
{"session":"05b3902bdeed","build":"183.5429.31","bucket":"-1","time":1550582204459,"group":{"id":"settings","version":"9"},"event":{"data":{"created":1550582204488,"name":"activeMruEditorOnClose","value":false},"id":"UISettings"}}
{"session":"05b3902bdeed","build":"183.5429.31","bucket":"-1","time":1550582204459,"group":{"id":"settings","version":"9"},"event":{"data":{"created":1550582204492,"name":"activeRightEditorOnClose","value":false},"id":"UISettings"}}
{"session":"05b3902bdeed","build":"183.5429.31","bucket":"-1","time":1550582204459,"group":{"id":"settings","version":"9"},"event":{"data":{"created":1550582204494,"name":"allowMergeButtons","value":true},"id":"UISettings"}}
{"session":"05b3902bdeed","build":"183.5429.31","bucket":"-1","time":1550582204459,"group":{"id":"settings","version":"9"},"event":{"data":{"created":1550582204495,"name":"alwaysShowWindowsButton","value":false},"id":"UISettings"}}
{"session":"05b3902bdeed","build":"183.5429.31","bucket":"-1","time":1550582204459,"group":{"id":"settings","version":"9"},"event":{"data":{"created":1550582204497,"name":"animateWindows","value":true},"id":"UISettings"}}
{"session":"05b3902bdeed","build":"183.5429.31","bucket":"-1","time":1550582204459,"group":{"id":"settings","version":"9"},"event":{"data":{"created":1550582204498,"name":"closeNonModifiedFilesFirst","value":false},"id":"UISettings"}}
{"session":"05b3902bdeed","build":"183.5429.31","bucket":"-1","time":1550582204459,"group":{"id":"settings","version":"9"},"event":{"data":{"created":1550582204501,"name":"closeTabButtonOnTheRight","value":true},"id":"UISettings"}}
{"session":"05b3902bdeed","build":"183.5429.31","bucket":"-1","time":1550582204459,"group":{"id":"settings","version":"9"},"event":{"data":{"created":1550582204506,"name":"cycleScrolling","value":true},"id":"UISettings"}}
{"session":"05b3902bdeed","build":"183.5429.31","bucket":"-1","time":1550582204459,"group":{"id":"settings","version":"9"},"event":{"data":{"created":1550582204507,"name":"defaultAutoScrollToSource","value":false},"id":"UISettings"}}
{"session":"05b3902bdeed","build":"183.5429.31","bucket":"-1","time":1550582204459,"group":{"id":"settings","version":"9"},"event":{"data":{"created":1550582204508,"name":"disableMnemonics","value":false},"id":"UISettings"}}
{"session":"05b3902bdeed","build":"183.5429.31","bucket":"-1","time":1550582204459,"group":{"id":"settings","version":"9"},"event":{"data":{"created":1550582204510,"name":"disableMnemonicsInControls","value":false},"id":"UISettings"}}
{"session":"05b3902bdeed","build":"183.5429.31","bucket":"-1","time":1550582204459,"group":{"id":"settings","version":"9"},"event":{"data":{"created":1550582204511,"name":"dndWithPressedAltOnly","value":false},"id":"UISettings"}}
{"session":"05b3902bdeed","build":"183.5429.31","bucket":"-1","time":1550582204459,"group":{"id":"settings","version":"9"},"event":{"data":{"created":1550582204512,"name":"enableAlphaMode","value":false},"id":"UISettings"}}
{"session":"05b3902bdeed","build":"183.5429.31","bucket":"-1","time":1550582204459,"group":{"id":"settings","version":"9"},"event":{"data":{"created":1550582204513,"name":"hideKnownExtensionInTabs","value":false},"id":"UISettings"}}
{"session":"05b3902bdeed","build":"183.5429.31","bucket":"-1","time":1550582204459,"group":{"id":"settings","version":"9"},"event":{"data":{"created":1550582204515,"name":"hideNavigationOnFocusLoss","value":true},"id":"UISettings"}}
{"session":"05b3902bdeed","build":"183.5429.31","bucket":"-1","time":1550582204459,"group":{"id":"settings","version":"9"},"event":{"data":{"created":1550582204517,"name":"hideTabsIfNeed","value":true},"id":"UISettings"}}
{"session":"05b3902bdeed","build":"183.5429.31","bucket":"-1","time":1550582204459,"group":{"id":"settings","version":"9"},"event":{"data":{"created":1550582204518,"name":"hideToolStripes","value":false},"id":"UISettings"}}
{"session":"05b3902bdeed","build":"183.5429.31","bucket":"-1","time":1550582204459,"group":{"id":"settings","version":"9"},"event":{"data":{"created":1550582204524,"name":"leftHorizontalSplit","value":false},"id":"UISettings"}}
{"session":"05b3902bdeed","build":"183.5429.31","bucket":"-1","time":1550582204459,"group":{"id":"settings","version":"9"},"event":{"data":{"created":1550582204525,"name":"markModifiedTabsWithAsterisk","value":false},"id":"UISettings"}}
{"session":"05b3902bdeed","build":"183.5429.31","bucket":"-1","time":1550582204459,"group":{"id":"settings","version":"9"},"event":{"data":{"created":1550582204526,"name":"mergeEqualStackTraces","value":true},"id":"UISettings"}}
{"session":"05b3902bdeed","build":"183.5429.31","bucket":"-1","time":1550582204459,"group":{"id":"settings","version":"9"},"event":{"data":{"created":1550582204528,"name":"moveMouseOnDefaultButton","value":false},"id":"UISettings"}}
{"session":"05b3902bdeed","build":"183.5429.31","bucket":"-1","time":1550582204459,"group":{"id":"settings","version":"9"},"event":{"data":{"created":1550582204529,"name":"navigateToPreview","value":false},"id":"UISettings"}}
{"session":"05b3902bdeed","build":"183.5429.31","bucket":"-1","time":1550582204459,"group":{"id":"settings","version":"9"},"event":{"data":{"created":1550582204531,"name":"overrideConsoleCycleBufferSize","value":false},"id":"UISettings"}}
{"session":"05b3902bdeed","build":"183.5429.31","bucket":"-1","time":1550582204459,"group":{"id":"settings","version":"9"},"event":{"data":{"default":false,"created":1550582204533,"name":"overrideLafFonts","value":true},"id":"UISettings"}}
{"session":"05b3902bdeed","build":"183.5429.31","bucket":"-1","time":1550582204459,"group":{"id":"settings","version":"9"},"event":{"data":{"created":1550582204535,"name":"pinFindInPath","value":false},"id":"UISettings"}}
{"session":"05b3902bdeed","build":"183.5429.31","bucket":"-1","time":1550582204459,"group":{"id":"settings","version":"9"},"event":{"data":{"created":1550582204540,"name":"presentationMode","value":false},"id":"UISettings"}}
{"session":"05b3902bdeed","build":"183.5429.31","bucket":"-1","time":1550582204459,"group":{"id":"settings","version":"9"},"event":{"data":{"created":1550582204541,"name":"reuseNotModifiedTabs","value":false},"id":"UISettings"}}
{"session":"05b3902bdeed","build":"183.5429.31","bucket":"-1","time":1550582204459,"group":{"id":"settings","version":"9"},"event":{"data":{"created":1550582204542,"name":"rightHorizontalSplit","value":false},"id":"UISettings"}}
{"session":"05b3902bdeed","build":"183.5429.31","bucket":"-1","time":1550582204459,"group":{"id":"settings","version":"9"},"event":{"data":{"created":1550582204543,"name":"scrollTabLayoutInEditor","value":true},"id":"UISettings"}}
{"session":"05b3902bdeed","build":"183.5429.31","bucket":"-1","time":1550582204459,"group":{"id":"settings","version":"9"},"event":{"data":{"created":1550582204544,"name":"showCloseButton","value":true},"id":"UISettings"}}
{"session":"05b3902bdeed","build":"183.5429.31","bucket":"-1","time":1550582204460,"group":{"id":"settings","version":"9"},"event":{"data":{"created":1550582204545,"name":"showDirectoryForNonUniqueFilenames","value":true},"id":"UISettings"}}
{"session":"05b3902bdeed","build":"183.5429.31","bucket":"-1","time":1550582204460,"group":{"id":"settings","version":"9"},"event":{"data":{"created":1550582204547,"name":"showEditorToolTip","value":true},"id":"UISettings"}}
{"session":"05b3902bdeed","build":"183.5429.31","bucket":"-1","time":1550582204460,"group":{"id":"settings","version":"9"},"event":{"data":{"created":1550582204548,"name":"showIconInQuickNavigation","value":true},"id":"UISettings"}}
{"session":"05b3902bdeed","build":"183.5429.31","bucket":"-1","time":1550582204460,"group":{"id":"settings","version":"9"},"event":{"data":{"created":1550582204550,"name":"showIconsInMenus","value":true},"id":"UISettings"}}
{"session":"05b3902bdeed","build":"183.5429.31","bucket":"-1","time":1550582204460,"group":{"id":"settings","version":"9"},"event":{"data":{"created":1550582204551,"name":"showMainToolbar","value":false},"id":"UISettings"}}
{"session":"05b3902bdeed","build":"183.5429.31","bucket":"-1","time":1550582204460,"group":{"id":"settings","version":"9"},"event":{"data":{"created":1550582204555,"name":"showMemoryIndicator","value":false},"id":"UISettings"}}
{"session":"05b3902bdeed","build":"183.5429.31","bucket":"-1","time":1550582204460,"group":{"id":"settings","version":"9"},"event":{"data":{"created":1550582204557,"name":"showNavigationBar","value":true},"id":"UISettings"}}
{"session":"05b3902bdeed","build":"183.5429.31","bucket":"-1","time":1550582204460,"group":{"id":"settings","version":"9"},"event":{"data":{"created":1550582204558,"name":"showStatusBar","value":true},"id":"UISettings"}}
{"session":"05b3902bdeed","build":"183.5429.31","bucket":"-1","time":1550582204460,"group":{"id":"settings","version":"9"},"event":{"data":{"created":1550582204559,"name":"showTabsTooltips","value":true},"id":"UISettings"}}
{"session":"05b3902bdeed","build":"183.5429.31","bucket":"-1","time":1550582204460,"group":{"id":"settings","version":"9"},"event":{"data":{"created":1550582204560,"name":"showToolWindowsNumbers","value":true},"id":"UISettings"}}
{"session":"05b3902bdeed","build":"183.5429.31","bucket":"-1","time":1550582204460,"group":{"id":"settings","version":"9"},"event":{"data":{"created":1550582204561,"name":"smoothScrolling","value":false},"id":"UISettings"}}
{"session":"05b3902bdeed","build":"183.5429.31","bucket":"-1","time":1550582204460,"group":{"id":"settings","version":"9"},"event":{"data":{"created":1550582204562,"name":"sortBookmarks","value":false},"id":"UISettings"}}
{"session":"05b3902bdeed","build":"183.5429.31","bucket":"-1","time":1550582204460,"group":{"id":"settings","version":"9"},"event":{"data":{"created":1550582204563,"name":"sortLookupElementsLexicographically","value":false},"id":"UISettings"}}
{"session":"05b3902bdeed","build":"183.5429.31","bucket":"-1","time":1550582204460,"group":{"id":"settings","version":"9"},"event":{"data":{"created":1550582204564,"name":"useSmallLabelsOnTabs","value":false},"id":"UISettings"}}
{"session":"05b3902bdeed","build":"183.5429.31","bucket":"-1","time":1550582204460,"group":{"id":"settings","version":"9"},"event":{"data":{"created":1550582204566,"name":"wideScreenSupport","value":false},"id":"UISettings"}}
{"session":"05b3902bdeed","build":"183.5429.31","bucket":"-1","time":1550582206106,"group":{"id":"settings","version":"9"},"event":{"data":{"created":1550582206106,"name":"autoSaveIfInactive","value":false},"id":"GeneralSettings"}}
{"session":"05b3902bdeed","build":"183.5429.31","bucket":"-1","time":1550582206106,"group":{"id":"settings","version":"9"},"event":{"data":{"created":1550582206107,"name":"confirmExit","value":true},"id":"GeneralSettings"}}
{"session":"05b3902bdeed","build":"183.5429.31","bucket":"-1","time":1550582206106,"group":{"id":"settings","version":"9"},"event":{"data":{"created":1550582206108,"name":"reopenLastProject","value":true},"id":"GeneralSettings"}}
{"session":"05b3902bdeed","build":"183.5429.31","bucket":"-1","time":1550582206106,"group":{"id":"settings","version":"9"},"event":{"data":{"created":1550582206108,"name":"saveOnFrameDeactivation","value":true},"id":"GeneralSettings"}}
{"session":"05b3902bdeed","build":"183.5429.31","bucket":"-1","time":1550582206106,"group":{"id":"settings","version":"9"},"event":{"data":{"created":1550582206110,"name":"searchInBackground","value":false},"id":"GeneralSettings"}}
{"session":"05b3902bdeed","build":"183.5429.31","bucket":"-1","time":1550582206106,"group":{"id":"settings","version":"9"},"event":{"data":{"created":1550582206111,"name":"showTipsOnStartup","value":true},"id":"GeneralSettings"}}
{"session":"05b3902bdeed","build":"183.5429.31","bucket":"-1","time":1550582206106,"group":{"id":"settings","version":"9"},"event":{"data":{"created":1550582206111,"name":"showWelcomeScreen","value":true},"id":"GeneralSettings"}}
{"session":"05b3902bdeed","build":"183.5429.31","bucket":"-1","time":1550582206106,"group":{"id":"settings","version":"9"},"event":{"data":{"created":1550582206112,"name":"supportScreenReaders","value":false},"id":"GeneralSettings"}}
{"session":"05b3902bdeed","build":"183.5429.31","bucket":"-1","time":1550582206106,"group":{"id":"settings","version":"9"},"event":{"data":{"created":1550582206113,"name":"syncOnFrameActivation","value":true},"id":"GeneralSettings"}}
{"session":"05b3902bdeed","build":"183.5429.31","bucket":"-1","time":1550582206106,"group":{"id":"settings","version":"9"},"event":{"data":{"created":1550582206114,"name":"useDefaultBrowser","value":true},"id":"GeneralSettings"}}
{"session":"05b3902bdeed","build":"183.5429.31","bucket":"-1","time":1550582206106,"group":{"id":"settings","version":"9"},"event":{"data":{"created":1550582206114,"name":"useSafeWrite","value":true},"id":"GeneralSettings"}}
{"session":"05b3902bdeed","build":"183.5429.31","bucket":"-1","time":1550582212256,"group":{"id":"statistics.lifecycle.project","version":"9"},"event":{"count":1,"data":{"created":1550582212256,"project":"-1785527372"},"id":"project.opened"}}
{"session":"05b3902bdeed","build":"183.5429.31","bucket":"-1","time":1550582212258,"group":{"id":"lifecycle","version":"9"},"event":{"count":1,"data":{"created":1550582212258},"id":"project.opened"}}
{"session":"05b3902bdeed","build":"183.5429.31","bucket":"-1","time":1550582212595,"group":{"id":"statistics.lifecycle.app","version":"9"},"event":{"count":1,"data":{"created":1550582212595,"data_2":"7","data_1":"timeSecondsGrouped"},"id":"ide.freeze"}}
{"session":"05b3902bdeed","build":"183.5429.31","bucket":"-1","time":1550582212596,"group":{"id":"lifecycle","version":"9"},"event":{"count":1,"data":{"durationSeconds":7,"created":1550582212596},"id":"ide.freeze"}}
{"session":"05b3902bdeed","build":"183.5429.31","bucket":"-1","time":1550582213269,"group":{"id":"ui.dialogs","version":"9"},"event":{"count":1,"data":{"created":1550582213269,"type":"show"},"id":"com.intellij.openapi.progress.util.ProgressDialog$MyDialogWrapper"}}
{"session":"05b3902bdeed","build":"183.5429.31","bucket":"-1","time":1550582213684,"group":{"id":"statistics.lifecycle.app","version":"9"},"event":{"count":1,"data":{"created":1550582213684},"id":"ide.start"}}
{"session":"05b3902bdeed","build":"183.5429.31","bucket":"-1","time":1550582213684,"group":{"id":"lifecycle","version":"9"},"event":{"count":1,"data":{"created":1550582213685},"id":"app.started"}}
{"session":"05b3902bdeed","build":"183.5429.31","bucket":"-1","time":1550582214752,"group":{"id":"statistics.ui.tips","version":"9"},"event":{"count":1,"data":{"created":1550582214752},"id":"shown.automatically"}}
{"session":"05b3902bdeed","build":"183.5429.31","bucket":"-1","time":1550582214866,"group":{"id":"ui.dialogs","version":"9"},"event":{"count":1,"data":{"created":1550582214866,"type":"show"},"id":"com.intellij.ide.util.TipDialog"}}
{"session":"05b3902bdeed","build":"183.5429.31","bucket":"-1","time":1550582215544,"group":{"id":"toolwindow.v2","version":"9"},"event":{"count":1,"data":{"created":1550582215544,"data_1":"Linux"},"id":"Project_by_Activation"}}
{"session":"05b3902bdeed","build":"183.5429.31","bucket":"-1","time":1550582215768,"group":{"id":"ui.dialogs","version":"9"},"event":{"count":1,"data":{"code":1,"created":1550582215769,"type":"close"},"id":"com.intellij.openapi.progress.util.ProgressDialog$MyDialogWrapper"}}
{"session":"05b3902bdeed","build":"183.5429.31","bucket":"-1","time":1550582217471,"group":{"id":"statistics.lifecycle.project","version":"9"},"event":{"count":1,"data":{"created":1550582217472,"project":"-1785527372"},"id":"project.open.time.8"}}
{"session":"05b3902bdeed","build":"183.5429.31","bucket":"-1","time":1550582217471,"group":{"id":"lifecycle","version":"9"},"event":{"count":1,"data":{"created":1550582217479,"time.ms":8725},"id":"project.opening.finished"}}
{"session":"05b3902bdeed","build":"183.5429.31","bucket":"-1","time":1550582217499,"group":{"id":"ui.dialogs","version":"9"},"event":{"count":1,"data":{"code":1,"created":1550582217499,"type":"close"},"id":"com.intellij.ide.util.TipDialog"}}
{"session":"05b3902bdeed","build":"183.5429.31","bucket":"-1","time":1550582219272,"group":{"id":"ui.dialogs","version":"9"},"event":{"count":1,"data":{"created":1550582219272,"type":"show"},"id":"com.intellij.openapi.ui.messages.MessageDialog"}}
{"session":"05b3902bdeed","build":"183.5429.31","bucket":"-1","time":1550582220964,"group":{"id":"statistics.lifecycle.app","version":"9"},"event":{"count":1,"data":{"created":1550582220964},"id":"ide.close"}}
{"session":"05b3902bdeed","build":"183.5429.31","bucket":"-1","time":1550582220964,"group":{"id":"lifecycle","version":"9"},"event":{"count":1,"data":{"restart":false,"created":1550582220965},"id":"app.closed"}}
{"session":"05b3902bdeed","build":"183.5429.31","bucket":"-1","time":1550582221067,"group":{"id":"statistics.lifecycle.project","version":"9"},"event":{"count":1,"data":{"created":1550582221067,"project":"-1785527372"},"id":"project.closed"}}
{"session":"05b3902bdeed","build":"183.5429.31","bucket":"-1","time":1550582223086,"group":{"id":"lifecycle","version":"9"},"event":{"count":1,"data":{"created":1550582223086},"id":"project.closed"}}
