{"session":"6c9e77ae0334","build":"183.5429.31","bucket":"-1","time":1550564727322,"group":{"id":"system.os.name","version":"9"},"event":{"data":{"created":1550564727323},"id":"Linux"}}
{"session":"6c9e77ae0334","build":"183.5429.31","bucket":"-1","time":1550564727341,"group":{"id":"system.os.version","version":"9"},"event":{"data":{"created":1550564727345},"id":"ubuntu_16.04"}}
{"session":"6c9e77ae0334","build":"183.5429.31","bucket":"-1","time":1550564727341,"group":{"id":"system.jvm.vendor","version":"9"},"event":{"data":{"created":1550564727378},"id":"JetBrains_s.r.o"}}
{"session":"6c9e77ae0334","build":"183.5429.31","bucket":"-1","time":1550564727341,"group":{"id":"system.jvm.version","version":"9"},"event":{"data":{"created":1550564727379},"id":"1.8"}}
{"session":"6c9e77ae0334","build":"183.5429.31","bucket":"-1","time":1550564727370,"group":{"id":"settings","version":"9"},"event":{"data":{"created":1550564727380,"name":"activeMruEditorOnClose","value":false},"id":"UISettings"}}
{"session":"6c9e77ae0334","build":"183.5429.31","bucket":"-1","time":1550564727370,"group":{"id":"settings","version":"9"},"event":{"data":{"created":1550564727382,"name":"activeRightEditorOnClose","value":false},"id":"UISettings"}}
{"session":"6c9e77ae0334","build":"183.5429.31","bucket":"-1","time":1550564727370,"group":{"id":"settings","version":"9"},"event":{"data":{"created":1550564727383,"name":"allowMergeButtons","value":true},"id":"UISettings"}}
{"session":"6c9e77ae0334","build":"183.5429.31","bucket":"-1","time":1550564727370,"group":{"id":"settings","version":"9"},"event":{"data":{"created":1550564727385,"name":"alwaysShowWindowsButton","value":false},"id":"UISettings"}}
{"session":"6c9e77ae0334","build":"183.5429.31","bucket":"-1","time":1550564727370,"group":{"id":"settings","version":"9"},"event":{"data":{"created":1550564727386,"name":"animateWindows","value":true},"id":"UISettings"}}
{"session":"6c9e77ae0334","build":"183.5429.31","bucket":"-1","time":1550564727371,"group":{"id":"settings","version":"9"},"event":{"data":{"created":1550564727393,"name":"closeNonModifiedFilesFirst","value":false},"id":"UISettings"}}
{"session":"6c9e77ae0334","build":"183.5429.31","bucket":"-1","time":1550564727371,"group":{"id":"settings","version":"9"},"event":{"data":{"created":1550564727398,"name":"closeTabButtonOnTheRight","value":true},"id":"UISettings"}}
{"session":"6c9e77ae0334","build":"183.5429.31","bucket":"-1","time":1550564727371,"group":{"id":"settings","version":"9"},"event":{"data":{"created":1550564727402,"name":"cycleScrolling","value":true},"id":"UISettings"}}
{"session":"6c9e77ae0334","build":"183.5429.31","bucket":"-1","time":1550564727371,"group":{"id":"settings","version":"9"},"event":{"data":{"created":1550564727404,"name":"defaultAutoScrollToSource","value":false},"id":"UISettings"}}
{"session":"6c9e77ae0334","build":"183.5429.31","bucket":"-1","time":1550564727371,"group":{"id":"settings","version":"9"},"event":{"data":{"created":1550564727405,"name":"disableMnemonics","value":false},"id":"UISettings"}}
{"session":"6c9e77ae0334","build":"183.5429.31","bucket":"-1","time":1550564727371,"group":{"id":"settings","version":"9"},"event":{"data":{"created":1550564727406,"name":"disableMnemonicsInControls","value":false},"id":"UISettings"}}
{"session":"6c9e77ae0334","build":"183.5429.31","bucket":"-1","time":1550564727371,"group":{"id":"settings","version":"9"},"event":{"data":{"created":1550564727407,"name":"dndWithPressedAltOnly","value":false},"id":"UISettings"}}
{"session":"6c9e77ae0334","build":"183.5429.31","bucket":"-1","time":1550564727371,"group":{"id":"settings","version":"9"},"event":{"data":{"created":1550564727419,"name":"enableAlphaMode","value":false},"id":"UISettings"}}
{"session":"6c9e77ae0334","build":"183.5429.31","bucket":"-1","time":1550564727371,"group":{"id":"settings","version":"9"},"event":{"data":{"created":1550564727420,"name":"hideKnownExtensionInTabs","value":false},"id":"UISettings"}}
{"session":"6c9e77ae0334","build":"183.5429.31","bucket":"-1","time":1550564727371,"group":{"id":"settings","version":"9"},"event":{"data":{"created":1550564727421,"name":"hideNavigationOnFocusLoss","value":true},"id":"UISettings"}}
{"session":"6c9e77ae0334","build":"183.5429.31","bucket":"-1","time":1550564727371,"group":{"id":"settings","version":"9"},"event":{"data":{"created":1550564727423,"name":"hideTabsIfNeed","value":true},"id":"UISettings"}}
{"session":"6c9e77ae0334","build":"183.5429.31","bucket":"-1","time":1550564727371,"group":{"id":"settings","version":"9"},"event":{"data":{"created":1550564727424,"name":"hideToolStripes","value":false},"id":"UISettings"}}
{"session":"6c9e77ae0334","build":"183.5429.31","bucket":"-1","time":1550564727371,"group":{"id":"settings","version":"9"},"event":{"data":{"created":1550564727424,"name":"leftHorizontalSplit","value":false},"id":"UISettings"}}
{"session":"6c9e77ae0334","build":"183.5429.31","bucket":"-1","time":1550564727371,"group":{"id":"settings","version":"9"},"event":{"data":{"created":1550564727426,"name":"markModifiedTabsWithAsterisk","value":false},"id":"UISettings"}}
{"session":"6c9e77ae0334","build":"183.5429.31","bucket":"-1","time":1550564727371,"group":{"id":"settings","version":"9"},"event":{"data":{"created":1550564727427,"name":"mergeEqualStackTraces","value":true},"id":"UISettings"}}
{"session":"6c9e77ae0334","build":"183.5429.31","bucket":"-1","time":1550564727371,"group":{"id":"settings","version":"9"},"event":{"data":{"created":1550564727436,"name":"moveMouseOnDefaultButton","value":false},"id":"UISettings"}}
{"session":"6c9e77ae0334","build":"183.5429.31","bucket":"-1","time":1550564727371,"group":{"id":"settings","version":"9"},"event":{"data":{"created":1550564727437,"name":"navigateToPreview","value":false},"id":"UISettings"}}
{"session":"6c9e77ae0334","build":"183.5429.31","bucket":"-1","time":1550564727371,"group":{"id":"settings","version":"9"},"event":{"data":{"created":1550564727438,"name":"overrideConsoleCycleBufferSize","value":false},"id":"UISettings"}}
{"session":"6c9e77ae0334","build":"183.5429.31","bucket":"-1","time":1550564727371,"group":{"id":"settings","version":"9"},"event":{"data":{"default":false,"created":1550564727439,"name":"overrideLafFonts","value":true},"id":"UISettings"}}
{"session":"6c9e77ae0334","build":"183.5429.31","bucket":"-1","time":1550564727371,"group":{"id":"settings","version":"9"},"event":{"data":{"created":1550564727440,"name":"pinFindInPath","value":false},"id":"UISettings"}}
{"session":"6c9e77ae0334","build":"183.5429.31","bucket":"-1","time":1550564727371,"group":{"id":"settings","version":"9"},"event":{"data":{"created":1550564727441,"name":"presentationMode","value":false},"id":"UISettings"}}
{"session":"6c9e77ae0334","build":"183.5429.31","bucket":"-1","time":1550564727371,"group":{"id":"settings","version":"9"},"event":{"data":{"created":1550564727442,"name":"reuseNotModifiedTabs","value":false},"id":"UISettings"}}
{"session":"6c9e77ae0334","build":"183.5429.31","bucket":"-1","time":1550564727371,"group":{"id":"settings","version":"9"},"event":{"data":{"created":1550564727443,"name":"rightHorizontalSplit","value":false},"id":"UISettings"}}
{"session":"6c9e77ae0334","build":"183.5429.31","bucket":"-1","time":1550564727371,"group":{"id":"settings","version":"9"},"event":{"data":{"created":1550564727451,"name":"scrollTabLayoutInEditor","value":true},"id":"UISettings"}}
{"session":"6c9e77ae0334","build":"183.5429.31","bucket":"-1","time":1550564727371,"group":{"id":"settings","version":"9"},"event":{"data":{"created":1550564727452,"name":"showCloseButton","value":true},"id":"UISettings"}}
{"session":"6c9e77ae0334","build":"183.5429.31","bucket":"-1","time":1550564727371,"group":{"id":"settings","version":"9"},"event":{"data":{"created":1550564727453,"name":"showDirectoryForNonUniqueFilenames","value":true},"id":"UISettings"}}
{"session":"6c9e77ae0334","build":"183.5429.31","bucket":"-1","time":1550564727371,"group":{"id":"settings","version":"9"},"event":{"data":{"created":1550564727454,"name":"showEditorToolTip","value":true},"id":"UISettings"}}
{"session":"6c9e77ae0334","build":"183.5429.31","bucket":"-1","time":1550564727371,"group":{"id":"settings","version":"9"},"event":{"data":{"created":1550564727455,"name":"showIconInQuickNavigation","value":true},"id":"UISettings"}}
{"session":"6c9e77ae0334","build":"183.5429.31","bucket":"-1","time":1550564727372,"group":{"id":"settings","version":"9"},"event":{"data":{"created":1550564727456,"name":"showIconsInMenus","value":true},"id":"UISettings"}}
{"session":"6c9e77ae0334","build":"183.5429.31","bucket":"-1","time":1550564727372,"group":{"id":"settings","version":"9"},"event":{"data":{"created":1550564727456,"name":"showMainToolbar","value":false},"id":"UISettings"}}
{"session":"6c9e77ae0334","build":"183.5429.31","bucket":"-1","time":1550564727372,"group":{"id":"settings","version":"9"},"event":{"data":{"created":1550564727457,"name":"showMemoryIndicator","value":false},"id":"UISettings"}}
{"session":"6c9e77ae0334","build":"183.5429.31","bucket":"-1","time":1550564727372,"group":{"id":"settings","version":"9"},"event":{"data":{"created":1550564727458,"name":"showNavigationBar","value":true},"id":"UISettings"}}
{"session":"6c9e77ae0334","build":"183.5429.31","bucket":"-1","time":1550564727372,"group":{"id":"settings","version":"9"},"event":{"data":{"created":1550564727460,"name":"showStatusBar","value":true},"id":"UISettings"}}
{"session":"6c9e77ae0334","build":"183.5429.31","bucket":"-1","time":1550564727372,"group":{"id":"settings","version":"9"},"event":{"data":{"created":1550564727467,"name":"showTabsTooltips","value":true},"id":"UISettings"}}
{"session":"6c9e77ae0334","build":"183.5429.31","bucket":"-1","time":1550564727372,"group":{"id":"settings","version":"9"},"event":{"data":{"created":1550564727468,"name":"showToolWindowsNumbers","value":true},"id":"UISettings"}}
{"session":"6c9e77ae0334","build":"183.5429.31","bucket":"-1","time":1550564727372,"group":{"id":"settings","version":"9"},"event":{"data":{"created":1550564727469,"name":"smoothScrolling","value":false},"id":"UISettings"}}
{"session":"6c9e77ae0334","build":"183.5429.31","bucket":"-1","time":1550564727372,"group":{"id":"settings","version":"9"},"event":{"data":{"created":1550564727469,"name":"sortBookmarks","value":false},"id":"UISettings"}}
{"session":"6c9e77ae0334","build":"183.5429.31","bucket":"-1","time":1550564727372,"group":{"id":"settings","version":"9"},"event":{"data":{"created":1550564727470,"name":"sortLookupElementsLexicographically","value":false},"id":"UISettings"}}
{"session":"6c9e77ae0334","build":"183.5429.31","bucket":"-1","time":1550564727372,"group":{"id":"settings","version":"9"},"event":{"data":{"created":1550564727470,"name":"useSmallLabelsOnTabs","value":false},"id":"UISettings"}}
{"session":"6c9e77ae0334","build":"183.5429.31","bucket":"-1","time":1550564727372,"group":{"id":"settings","version":"9"},"event":{"data":{"created":1550564727471,"name":"wideScreenSupport","value":false},"id":"UISettings"}}
{"session":"6c9e77ae0334","build":"183.5429.31","bucket":"-1","time":1550564730644,"group":{"id":"settings","version":"9"},"event":{"data":{"created":1550564730644,"name":"autoSaveIfInactive","value":false},"id":"GeneralSettings"}}
{"session":"6c9e77ae0334","build":"183.5429.31","bucket":"-1","time":1550564730644,"group":{"id":"settings","version":"9"},"event":{"data":{"created":1550564730645,"name":"confirmExit","value":true},"id":"GeneralSettings"}}
{"session":"6c9e77ae0334","build":"183.5429.31","bucket":"-1","time":1550564730644,"group":{"id":"settings","version":"9"},"event":{"data":{"created":1550564730646,"name":"reopenLastProject","value":true},"id":"GeneralSettings"}}
{"session":"6c9e77ae0334","build":"183.5429.31","bucket":"-1","time":1550564730644,"group":{"id":"settings","version":"9"},"event":{"data":{"created":1550564730646,"name":"saveOnFrameDeactivation","value":true},"id":"GeneralSettings"}}
{"session":"6c9e77ae0334","build":"183.5429.31","bucket":"-1","time":1550564730645,"group":{"id":"settings","version":"9"},"event":{"data":{"created":1550564730647,"name":"searchInBackground","value":false},"id":"GeneralSettings"}}
{"session":"6c9e77ae0334","build":"183.5429.31","bucket":"-1","time":1550564730645,"group":{"id":"settings","version":"9"},"event":{"data":{"created":1550564730648,"name":"showTipsOnStartup","value":true},"id":"GeneralSettings"}}
{"session":"6c9e77ae0334","build":"183.5429.31","bucket":"-1","time":1550564730658,"group":{"id":"settings","version":"9"},"event":{"data":{"created":1550564730659,"name":"showWelcomeScreen","value":true},"id":"GeneralSettings"}}
{"session":"6c9e77ae0334","build":"183.5429.31","bucket":"-1","time":1550564730658,"group":{"id":"settings","version":"9"},"event":{"data":{"created":1550564730660,"name":"supportScreenReaders","value":false},"id":"GeneralSettings"}}
{"session":"6c9e77ae0334","build":"183.5429.31","bucket":"-1","time":1550564730658,"group":{"id":"settings","version":"9"},"event":{"data":{"created":1550564730660,"name":"syncOnFrameActivation","value":true},"id":"GeneralSettings"}}
{"session":"6c9e77ae0334","build":"183.5429.31","bucket":"-1","time":1550564730658,"group":{"id":"settings","version":"9"},"event":{"data":{"created":1550564730661,"name":"useDefaultBrowser","value":true},"id":"GeneralSettings"}}
{"session":"6c9e77ae0334","build":"183.5429.31","bucket":"-1","time":1550564730658,"group":{"id":"settings","version":"9"},"event":{"data":{"created":1550564730661,"name":"useSafeWrite","value":true},"id":"GeneralSettings"}}
{"session":"6c9e77ae0334","build":"183.5429.31","bucket":"-1","time":1550564735237,"group":{"id":"statistics.lifecycle.app","version":"9"},"event":{"count":1,"data":{"created":1550564735237},"id":"ide.start"}}
{"session":"6c9e77ae0334","build":"183.5429.31","bucket":"-1","time":1550564735239,"group":{"id":"lifecycle","version":"9"},"event":{"count":1,"data":{"created":1550564735239},"id":"app.started"}}
{"session":"6c9e77ae0334","build":"183.5429.31","bucket":"-1","time":1550564736263,"group":{"id":"statistics.lifecycle.app","version":"9"},"event":{"count":1,"data":{"created":1550564736263,"data_2":"7","data_1":"timeSecondsGrouped"},"id":"ide.freeze"}}
{"session":"6c9e77ae0334","build":"183.5429.31","bucket":"-1","time":1550564736263,"group":{"id":"lifecycle","version":"9"},"event":{"count":1,"data":{"durationSeconds":7,"created":1550564736264},"id":"ide.freeze"}}
{"session":"6c9e77ae0334","build":"183.5429.31","bucket":"-1","time":1550564773175,"group":{"id":"statistics.lifecycle.project","version":"9"},"event":{"count":1,"data":{"created":1550564773175,"project":"-639863880"},"id":"project.opened"}}
{"session":"6c9e77ae0334","build":"183.5429.31","bucket":"-1","time":1550564773175,"group":{"id":"lifecycle","version":"9"},"event":{"count":1,"data":{"created":1550564773175},"id":"project.opened"}}
{"session":"6c9e77ae0334","build":"183.5429.31","bucket":"-1","time":1550564776119,"group":{"id":"toolwindow.v2","version":"9"},"event":{"count":1,"data":{"created":1550564776119,"data_1":"Linux"},"id":"Project_by_Activation"}}
{"session":"6c9e77ae0334","build":"183.5429.31","bucket":"-1","time":1550564776140,"group":{"id":"statistics.ui.tips","version":"9"},"event":{"count":1,"data":{"created":1550564776140},"id":"shown.automatically"}}
{"session":"6c9e77ae0334","build":"183.5429.31","bucket":"-1","time":1550564776294,"group":{"id":"ui.dialogs","version":"9"},"event":{"count":1,"data":{"created":1550564776294,"type":"show"},"id":"com.intellij.ide.util.TipDialog"}}
{"session":"6c9e77ae0334","build":"183.5429.31","bucket":"-1","time":1550564778178,"group":{"id":"statistics.lifecycle.project","version":"9"},"event":{"count":1,"data":{"created":1550564778178,"project":"-639863880"},"id":"project.open.time.8"}}
{"session":"6c9e77ae0334","build":"183.5429.31","bucket":"-1","time":1550564778178,"group":{"id":"lifecycle","version":"9"},"event":{"count":1,"data":{"created":1550564778179,"time.ms":8092},"id":"project.opening.finished"}}
{"session":"6c9e77ae0334","build":"183.5429.31","bucket":"-1","time":1550564778212,"group":{"id":"ui.dialogs","version":"9"},"event":{"count":1,"data":{"code":1,"created":1550564778215,"type":"close"},"id":"com.intellij.ide.util.TipDialog"}}
{"session":"6c9e77ae0334","build":"183.5429.31","bucket":"-1","time":1550564799737,"group":{"id":"actions.v2","version":"9"},"event":{"count":1,"data":{"context_menu":false,"created":1550564799737,"data_1":"Linux","input_event":"Ctrl+V"},"id":"EditorPaste"}}
{"session":"6c9e77ae0334","build":"183.5429.31","bucket":"-1","time":1550564802949,"group":{"id":"statistics.file.types.edit","version":"9"},"event":{"count":1,"data":{"created":1550564802949,"project":"-639863880"},"id":"Python"}}
{"session":"6c9e77ae0334","build":"183.5429.31","bucket":"-1","time":1550564815399,"group":{"id":"actions.v2","version":"9"},"event":{"count":1,"data":{"context_menu":false,"created":1550564815399,"data_1":"Linux","input_event":"Tab"},"id":"EditorTab"}}
{"session":"6c9e77ae0334","build":"183.5429.31","bucket":"-1","time":1550564912300,"group":{"id":"statistics.file.types.open","version":"9"},"event":{"count":1,"data":{"created":1550564912300,"project":"-639863880"},"id":"HTML"}}
{"session":"6c9e77ae0334","build":"183.5429.31","bucket":"-1","time":1550564939827,"group":{"id":"actions.v2","version":"9"},"event":{"count":1,"data":{"context_menu":false,"created":1550564939827,"data_1":"Linux","input_event":"Ctrl+V"},"id":"EditorPaste"}}
{"session":"6c9e77ae0334","build":"183.5429.31","bucket":"-1","time":1550564949305,"group":{"id":"statistics.file.types.edit","version":"9"},"event":{"count":1,"data":{"created":1550564949306,"project":"-639863880"},"id":"HTML"}}
{"session":"6c9e77ae0334","build":"183.5429.31","bucket":"-1","time":1550565579770,"group":{"id":"statistics.file.types.open","version":"9"},"event":{"count":1,"data":{"created":1550565579770,"project":"-639863880"},"id":"Python"}}
{"session":"6c9e77ae0334","build":"183.5429.31","bucket":"-1","time":1550565595684,"group":{"id":"actions.v2","version":"9"},"event":{"count":1,"data":{"context_menu":false,"created":1550565595684,"data_1":"Linux","input_event":"Ctrl+V"},"id":"EditorPaste"}}
{"session":"6c9e77ae0334","build":"183.5429.31","bucket":"-1","time":1550565598898,"group":{"id":"statistics.file.types.edit","version":"9"},"event":{"count":1,"data":{"created":1550565598898,"project":"-639863880"},"id":"Python"}}
{"session":"6c9e77ae0334","build":"183.5429.31","bucket":"-1","time":1550565969215,"group":{"id":"statistics.file.types.open","version":"9"},"event":{"count":1,"data":{"created":1550565969215,"project":"-639863880"},"id":"Python"}}
{"session":"6c9e77ae0334","build":"183.5429.31","bucket":"-1","time":1550565986731,"group":{"id":"statistics.file.types.edit","version":"9"},"event":{"count":1,"data":{"created":1550565986731,"project":"-639863880"},"id":"Python"}}
{"session":"6c9e77ae0334","build":"183.5429.31","bucket":"-1","time":1550565989068,"group":{"id":"actions.v2","version":"9"},"event":{"count":1,"data":{"context_menu":false,"created":1550565989068,"data_1":"Linux","input_event":"Ctrl+V"},"id":"EditorPaste"}}
{"session":"6c9e77ae0334","build":"183.5429.31","bucket":"-1","time":1550566146104,"group":{"id":"statistics.file.types.open","version":"9"},"event":{"count":1,"data":{"created":1550566146104,"project":"-639863880"},"id":"Python"}}
{"session":"6c9e77ae0334","build":"183.5429.31","bucket":"-1","time":1550566151777,"group":{"id":"statistics.file.types.edit","version":"9"},"event":{"count":1,"data":{"created":1550566151777,"project":"-639863880"},"id":"Python"}}
{"session":"6c9e77ae0334","build":"183.5429.31","bucket":"-1","time":1550566154967,"group":{"id":"actions.v2","version":"9"},"event":{"count":1,"data":{"context_menu":false,"created":1550566154967,"data_1":"Linux","input_event":"Ctrl+V"},"id":"EditorPaste"}}
{"session":"6c9e77ae0334","build":"183.5429.31","bucket":"-1","time":1550566190317,"group":{"id":"actions.v2","version":"9"},"event":{"count":1,"data":{"context_menu":false,"created":1550566190317,"data_1":"Linux"},"id":"ToggleLineBreakpoint"}}
{"session":"6c9e77ae0334","build":"183.5429.31","bucket":"-1","time":1550566190336,"group":{"id":"statistics.debugger.breakpoints.usage","version":"9"},"event":{"count":1,"data":{"created":1550566190336,"project":"-639863880"},"id":"new.breakpoint"}}
{"session":"6c9e77ae0334","build":"183.5429.31","bucket":"-1","time":1550566190337,"group":{"id":"statistics.debugger.breakpoints.usage","version":"9"},"event":{"count":1,"data":{"created":1550566190337,"project":"-639863880"},"id":"new.python-line"}}
{"session":"6c9e77ae0334","build":"183.5429.31","bucket":"-1","time":1550566195226,"group":{"id":"actions.v2","version":"9"},"event":{"count":1,"data":{"context_menu":false,"created":1550566195226,"data_1":"Linux"},"id":"ToggleLineBreakpoint"}}
{"session":"6c9e77ae0334","build":"183.5429.31","bucket":"-1","time":1550566195227,"group":{"id":"statistics.debugger.breakpoints.usage","version":"9"},"event":{"count":1,"data":{"created":1550566195227,"project":"-639863880"},"id":"new.breakpoint"}}
{"session":"6c9e77ae0334","build":"183.5429.31","bucket":"-1","time":1550566195228,"group":{"id":"statistics.debugger.breakpoints.usage","version":"9"},"event":{"count":1,"data":{"created":1550566195228,"project":"-639863880"},"id":"new.python-line"}}
{"session":"6c9e77ae0334","build":"183.5429.31","bucket":"-1","time":1550566198635,"group":{"id":"actions.v2","version":"9"},"event":{"count":1,"data":{"context_menu":false,"created":1550566198635,"data_1":"Linux"},"id":"ToggleLineBreakpoint"}}
{"session":"6c9e77ae0334","build":"183.5429.31","bucket":"-1","time":1550566198637,"group":{"id":"statistics.debugger.breakpoints.usage","version":"9"},"event":{"count":1,"data":{"created":1550566198637,"project":"-639863880"},"id":"new.breakpoint"}}
{"session":"6c9e77ae0334","build":"183.5429.31","bucket":"-1","time":1550566198638,"group":{"id":"statistics.debugger.breakpoints.usage","version":"9"},"event":{"count":1,"data":{"created":1550566198638,"project":"-639863880"},"id":"new.python-line"}}
{"session":"6c9e77ae0334","build":"183.5429.31","bucket":"-1","time":1550566199543,"group":{"id":"actions.v2","version":"9"},"event":{"count":1,"data":{"context_menu":false,"created":1550566199544,"data_1":"Linux"},"id":"ToggleLineBreakpoint"}}
{"session":"6c9e77ae0334","build":"183.5429.31","bucket":"-1","time":1550566199545,"group":{"id":"statistics.debugger.breakpoints.usage","version":"9"},"event":{"count":1,"data":{"created":1550566199545,"project":"-639863880"},"id":"new.breakpoint"}}
{"session":"6c9e77ae0334","build":"183.5429.31","bucket":"-1","time":1550566199546,"group":{"id":"statistics.debugger.breakpoints.usage","version":"9"},"event":{"count":1,"data":{"created":1550566199546,"project":"-639863880"},"id":"new.python-line"}}
{"session":"6c9e77ae0334","build":"183.5429.31","bucket":"-1","time":1550566200490,"group":{"id":"actions.v2","version":"9"},"event":{"count":2,"data":{"context_menu":false,"last":1550566201646,"created":1550566200490,"data_1":"Linux"},"id":"ToggleLineBreakpoint"}}
{"session":"6c9e77ae0334","build":"183.5429.31","bucket":"-1","time":1550566201647,"group":{"id":"statistics.debugger.breakpoints.usage","version":"9"},"event":{"count":1,"data":{"created":1550566201647,"project":"-639863880"},"id":"new.breakpoint"}}
{"session":"6c9e77ae0334","build":"183.5429.31","bucket":"-1","time":1550566201648,"group":{"id":"statistics.debugger.breakpoints.usage","version":"9"},"event":{"count":1,"data":{"created":1550566201648,"project":"-639863880"},"id":"new.python-line"}}
{"session":"6c9e77ae0334","build":"183.5429.31","bucket":"-1","time":1550566202344,"group":{"id":"actions.v2","version":"9"},"event":{"count":2,"data":{"context_menu":false,"last":1550566203451,"created":1550566202344,"data_1":"Linux"},"id":"ToggleLineBreakpoint"}}
{"session":"6c9e77ae0334","build":"183.5429.31","bucket":"-1","time":1550566574365,"group":{"id":"statistics.vcs.git.settings","version":"9"},"event":{"data":{"created":1550566574365,"project":"-639863880"},"id":"config.cherry-pick.autocommit.disabled"}}
{"session":"6c9e77ae0334","build":"183.5429.31","bucket":"-1","time":1550566574365,"group":{"id":"statistics.vcs.git.settings","version":"9"},"event":{"data":{"created":1550566574366,"project":"-639863880"},"id":"config.repo.sync.NOT_DECIDED"}}
{"session":"6c9e77ae0334","build":"183.5429.31","bucket":"-1","time":1550566574365,"group":{"id":"statistics.vcs.git.settings","version":"9"},"event":{"data":{"created":1550566574366,"project":"-639863880"},"id":"version.0.0.0-NULL"}}
{"session":"6c9e77ae0334","build":"183.5429.31","bucket":"-1","time":1550566574365,"group":{"id":"statistics.vcs.git.settings","version":"9"},"event":{"data":{"created":1550566574366,"project":"-639863880"},"id":"config.push.autoupdate.disabled"}}
{"session":"6c9e77ae0334","build":"183.5429.31","bucket":"-1","time":1550566574365,"group":{"id":"statistics.vcs.git.settings","version":"9"},"event":{"data":{"created":1550566574366,"project":"-639863880"},"id":"config.ssh.disabled"}}
{"session":"6c9e77ae0334","build":"183.5429.31","bucket":"-1","time":1550566574365,"group":{"id":"statistics.vcs.git.settings","version":"9"},"event":{"data":{"created":1550566574367,"project":"-639863880"},"id":"config.save.policy.STASH"}}
{"session":"6c9e77ae0334","build":"183.5429.31","bucket":"-1","time":1550566574365,"group":{"id":"statistics.vcs.git.settings","version":"9"},"event":{"data":{"created":1550566574367,"project":"-639863880"},"id":"config.update.type.BRANCH_DEFAULT"}}
{"session":"6c9e77ae0334","build":"183.5429.31","bucket":"-1","time":1550566574365,"group":{"id":"statistics.vcs.git.settings","version":"9"},"event":{"data":{"created":1550566574367,"project":"-639863880"},"id":"config.push.update.all.roots.enabled"}}
{"session":"6c9e77ae0334","build":"183.5429.31","bucket":"-1","time":1550566574365,"group":{"id":"statistics.vcs.git.settings","version":"9"},"event":{"data":{"created":1550566574367,"project":"-639863880"},"id":"config.warn.about.crlf.enabled"}}
{"session":"6c9e77ae0334","build":"183.5429.31","bucket":"-1","time":1550566574365,"group":{"id":"statistics.vcs.git.settings","version":"9"},"event":{"data":{"created":1550566574367,"project":"-639863880"},"id":"config.warn.about.detached.enabled"}}
{"session":"6c9e77ae0334","build":"183.5429.31","bucket":"-1","time":1550566574368,"group":{"id":"statistics.vcs.metrics","version":"9"},"event":{"data":{"created":1550566574369,"project":"-639863880"},"id":"ignored.files.count.0"}}
{"session":"6c9e77ae0334","build":"183.5429.31","bucket":"-1","time":1550566574369,"group":{"id":"statistics.vcs.metrics","version":"9"},"event":{"data":{"created":1550566574369,"project":"-639863880"},"id":"vcs.roots.count.0"}}
{"session":"6c9e77ae0334","build":"183.5429.31","bucket":"-1","time":1550566574369,"group":{"id":"statistics.vcs.metrics","version":"9"},"event":{"data":{"created":1550566574369,"project":"-639863880"},"id":"active.changelists.count.1"}}
{"session":"6c9e77ae0334","build":"183.5429.31","bucket":"-1","time":1550566574369,"group":{"id":"statistics.vcs.metrics","version":"9"},"event":{"data":{"created":1550566574369,"project":"-639863880"},"id":"unversioned.files.count.0"}}
{"session":"6c9e77ae0334","build":"183.5429.31","bucket":"-1","time":1550566574369,"group":{"id":"statistics.vcs.metrics","version":"9"},"event":{"data":{"created":1550566574369,"project":"-639863880"},"id":"has.default.vcs.root.mapping.enabled"}}
{"session":"6c9e77ae0334","build":"183.5429.31","bucket":"-1","time":1550566574373,"group":{"id":"statistics.debugger.breakpoints","version":"9"},"event":{"data":{"created":1550566574373,"project":"-639863880"},"id":"total.0"}}
{"session":"6c9e77ae0334","build":"183.5429.31","bucket":"-1","time":1550566574376,"group":{"id":"statistics.run.dashboard","version":"9"},"event":{"data":{"created":1550566574376,"project":"-639863880"},"id":"run.dashboard.disabled"}}
{"session":"6c9e77ae0334","build":"183.5429.31","bucket":"-1","time":1550566574384,"group":{"id":"statistics.platform.registry.project","version":"9"},"event":{"data":{"created":1550566574384,"project":"-639863880"},"id":"inline.browse.button"}}
{"session":"6c9e77ae0334","build":"183.5429.31","bucket":"-1","time":1550566574398,"group":{"id":"statistics.project.structure","version":"9"},"event":{"data":{"created":1550566574398,"project":"-639863880"},"id":"excluded.roots.count.0"}}
{"session":"6c9e77ae0334","build":"183.5429.31","bucket":"-1","time":1550566574398,"group":{"id":"statistics.project.structure","version":"9"},"event":{"data":{"created":1550566574398,"project":"-639863880"},"id":"source.roots.count.0"}}
{"session":"6c9e77ae0334","build":"183.5429.31","bucket":"-1","time":1550566574398,"group":{"id":"statistics.project.structure","version":"9"},"event":{"data":{"created":1550566574398,"project":"-639863880"},"id":"modules.count.1"}}
{"session":"6c9e77ae0334","build":"183.5429.31","bucket":"-1","time":1550566574398,"group":{"id":"statistics.project.structure","version":"9"},"event":{"data":{"created":1550566574399,"project":"-639863880"},"id":"content.roots.count.1"}}
{"session":"6c9e77ae0334","build":"183.5429.31","bucket":"-1","time":1550566574689,"group":{"id":"statistics.file.types","version":"9"},"event":{"data":{"created":1550566574689,"project":"-639863880"},"id":"Python"}}
{"session":"6c9e77ae0334","build":"183.5429.31","bucket":"-1","time":1550567053191,"group":{"id":"statistics.file.types.open","version":"9"},"event":{"count":1,"data":{"created":1550567053192,"project":"-639863880"},"id":"Python"}}
{"session":"6c9e77ae0334","build":"183.5429.31","bucket":"-1","time":1550567092998,"group":{"id":"toolwindow.v2","version":"9"},"event":{"count":1,"data":{"created":1550567092998,"data_1":"Linux"},"id":"Project_by_Activation"}}
{"session":"6c9e77ae0334","build":"183.5429.31","bucket":"-1","time":1550567095225,"group":{"id":"ui.dialogs","version":"9"},"event":{"count":1,"data":{"created":1550567095225,"type":"show"},"id":"com.intellij.openapi.ui.messages.MessageDialog"}}
{"session":"6c9e77ae0334","build":"183.5429.31","bucket":"-1","time":1550567096599,"group":{"id":"statistics.lifecycle.app","version":"9"},"event":{"count":1,"data":{"created":1550567096599},"id":"ide.close"}}
{"session":"6c9e77ae0334","build":"183.5429.31","bucket":"-1","time":1550567096599,"group":{"id":"lifecycle","version":"9"},"event":{"count":1,"data":{"restart":false,"created":1550567096599},"id":"app.closed"}}
{"session":"6c9e77ae0334","build":"183.5429.31","bucket":"-1","time":1550567096616,"group":{"id":"statistics.lifecycle.project","version":"9"},"event":{"count":1,"data":{"created":1550567096616,"project":"-639863880"},"id":"project.closed"}}
{"session":"6c9e77ae0334","build":"183.5429.31","bucket":"-1","time":1550567096698,"group":{"id":"lifecycle","version":"9"},"event":{"count":1,"data":{"created":1550567096698},"id":"project.closed"}}
