{"session":"f20616327864","build":"183.5429.31","bucket":"-1","time":1550567658211,"group":{"id":"system.os.name","version":"9"},"event":{"data":{"created":1550567658220},"id":"Linux"}}
{"session":"f20616327864","build":"183.5429.31","bucket":"-1","time":1550567658240,"group":{"id":"system.os.version","version":"9"},"event":{"data":{"created":1550567658246},"id":"ubuntu_16.04"}}
{"session":"f20616327864","build":"183.5429.31","bucket":"-1","time":1550567658241,"group":{"id":"system.jvm.vendor","version":"9"},"event":{"data":{"created":1550567658271},"id":"JetBrains_s.r.o"}}
{"session":"f20616327864","build":"183.5429.31","bucket":"-1","time":1550567658241,"group":{"id":"system.jvm.version","version":"9"},"event":{"data":{"created":1550567658272},"id":"1.8"}}
{"session":"f20616327864","build":"183.5429.31","bucket":"-1","time":1550567658259,"group":{"id":"settings","version":"9"},"event":{"data":{"created":1550567658273,"name":"activeMruEditorOnClose","value":false},"id":"UISettings"}}
{"session":"f20616327864","build":"183.5429.31","bucket":"-1","time":1550567658259,"group":{"id":"settings","version":"9"},"event":{"data":{"created":1550567658275,"name":"activeRightEditorOnClose","value":false},"id":"UISettings"}}
{"session":"f20616327864","build":"183.5429.31","bucket":"-1","time":1550567658260,"group":{"id":"settings","version":"9"},"event":{"data":{"created":1550567658276,"name":"allowMergeButtons","value":true},"id":"UISettings"}}
{"session":"f20616327864","build":"183.5429.31","bucket":"-1","time":1550567658260,"group":{"id":"settings","version":"9"},"event":{"data":{"created":1550567658277,"name":"alwaysShowWindowsButton","value":false},"id":"UISettings"}}
{"session":"f20616327864","build":"183.5429.31","bucket":"-1","time":1550567658260,"group":{"id":"settings","version":"9"},"event":{"data":{"created":1550567658279,"name":"animateWindows","value":true},"id":"UISettings"}}
{"session":"f20616327864","build":"183.5429.31","bucket":"-1","time":1550567658260,"group":{"id":"settings","version":"9"},"event":{"data":{"created":1550567658280,"name":"closeNonModifiedFilesFirst","value":false},"id":"UISettings"}}
{"session":"f20616327864","build":"183.5429.31","bucket":"-1","time":1550567658260,"group":{"id":"settings","version":"9"},"event":{"data":{"created":1550567658291,"name":"closeTabButtonOnTheRight","value":true},"id":"UISettings"}}
{"session":"f20616327864","build":"183.5429.31","bucket":"-1","time":1550567658260,"group":{"id":"settings","version":"9"},"event":{"data":{"created":1550567658292,"name":"cycleScrolling","value":true},"id":"UISettings"}}
{"session":"f20616327864","build":"183.5429.31","bucket":"-1","time":1550567658260,"group":{"id":"settings","version":"9"},"event":{"data":{"created":1550567658293,"name":"defaultAutoScrollToSource","value":false},"id":"UISettings"}}
{"session":"f20616327864","build":"183.5429.31","bucket":"-1","time":1550567658260,"group":{"id":"settings","version":"9"},"event":{"data":{"created":1550567658294,"name":"disableMnemonics","value":false},"id":"UISettings"}}
{"session":"f20616327864","build":"183.5429.31","bucket":"-1","time":1550567658260,"group":{"id":"settings","version":"9"},"event":{"data":{"created":1550567658301,"name":"disableMnemonicsInControls","value":false},"id":"UISettings"}}
{"session":"f20616327864","build":"183.5429.31","bucket":"-1","time":1550567658260,"group":{"id":"settings","version":"9"},"event":{"data":{"created":1550567658306,"name":"dndWithPressedAltOnly","value":false},"id":"UISettings"}}
{"session":"f20616327864","build":"183.5429.31","bucket":"-1","time":1550567658260,"group":{"id":"settings","version":"9"},"event":{"data":{"created":1550567658307,"name":"enableAlphaMode","value":false},"id":"UISettings"}}
{"session":"f20616327864","build":"183.5429.31","bucket":"-1","time":1550567658260,"group":{"id":"settings","version":"9"},"event":{"data":{"created":1550567658308,"name":"hideKnownExtensionInTabs","value":false},"id":"UISettings"}}
{"session":"f20616327864","build":"183.5429.31","bucket":"-1","time":1550567658260,"group":{"id":"settings","version":"9"},"event":{"data":{"created":1550567658309,"name":"hideNavigationOnFocusLoss","value":true},"id":"UISettings"}}
{"session":"f20616327864","build":"183.5429.31","bucket":"-1","time":1550567658260,"group":{"id":"settings","version":"9"},"event":{"data":{"created":1550567658310,"name":"hideTabsIfNeed","value":true},"id":"UISettings"}}
{"session":"f20616327864","build":"183.5429.31","bucket":"-1","time":1550567658260,"group":{"id":"settings","version":"9"},"event":{"data":{"created":1550567658311,"name":"hideToolStripes","value":false},"id":"UISettings"}}
{"session":"f20616327864","build":"183.5429.31","bucket":"-1","time":1550567658260,"group":{"id":"settings","version":"9"},"event":{"data":{"created":1550567658312,"name":"leftHorizontalSplit","value":false},"id":"UISettings"}}
{"session":"f20616327864","build":"183.5429.31","bucket":"-1","time":1550567658260,"group":{"id":"settings","version":"9"},"event":{"data":{"created":1550567658313,"name":"markModifiedTabsWithAsterisk","value":false},"id":"UISettings"}}
{"session":"f20616327864","build":"183.5429.31","bucket":"-1","time":1550567658260,"group":{"id":"settings","version":"9"},"event":{"data":{"created":1550567658314,"name":"mergeEqualStackTraces","value":true},"id":"UISettings"}}
{"session":"f20616327864","build":"183.5429.31","bucket":"-1","time":1550567658260,"group":{"id":"settings","version":"9"},"event":{"data":{"created":1550567658315,"name":"moveMouseOnDefaultButton","value":false},"id":"UISettings"}}
{"session":"f20616327864","build":"183.5429.31","bucket":"-1","time":1550567658260,"group":{"id":"settings","version":"9"},"event":{"data":{"created":1550567658316,"name":"navigateToPreview","value":false},"id":"UISettings"}}
{"session":"f20616327864","build":"183.5429.31","bucket":"-1","time":1550567658260,"group":{"id":"settings","version":"9"},"event":{"data":{"created":1550567658317,"name":"overrideConsoleCycleBufferSize","value":false},"id":"UISettings"}}
{"session":"f20616327864","build":"183.5429.31","bucket":"-1","time":1550567658260,"group":{"id":"settings","version":"9"},"event":{"data":{"default":false,"created":1550567658318,"name":"overrideLafFonts","value":true},"id":"UISettings"}}
{"session":"f20616327864","build":"183.5429.31","bucket":"-1","time":1550567658260,"group":{"id":"settings","version":"9"},"event":{"data":{"created":1550567658322,"name":"pinFindInPath","value":false},"id":"UISettings"}}
{"session":"f20616327864","build":"183.5429.31","bucket":"-1","time":1550567658260,"group":{"id":"settings","version":"9"},"event":{"data":{"created":1550567658323,"name":"presentationMode","value":false},"id":"UISettings"}}
{"session":"f20616327864","build":"183.5429.31","bucket":"-1","time":1550567658260,"group":{"id":"settings","version":"9"},"event":{"data":{"created":1550567658323,"name":"reuseNotModifiedTabs","value":false},"id":"UISettings"}}
{"session":"f20616327864","build":"183.5429.31","bucket":"-1","time":1550567658260,"group":{"id":"settings","version":"9"},"event":{"data":{"created":1550567658324,"name":"rightHorizontalSplit","value":false},"id":"UISettings"}}
{"session":"f20616327864","build":"183.5429.31","bucket":"-1","time":1550567658260,"group":{"id":"settings","version":"9"},"event":{"data":{"created":1550567658325,"name":"scrollTabLayoutInEditor","value":true},"id":"UISettings"}}
{"session":"f20616327864","build":"183.5429.31","bucket":"-1","time":1550567658260,"group":{"id":"settings","version":"9"},"event":{"data":{"created":1550567658326,"name":"showCloseButton","value":true},"id":"UISettings"}}
{"session":"f20616327864","build":"183.5429.31","bucket":"-1","time":1550567658260,"group":{"id":"settings","version":"9"},"event":{"data":{"created":1550567658327,"name":"showDirectoryForNonUniqueFilenames","value":true},"id":"UISettings"}}
{"session":"f20616327864","build":"183.5429.31","bucket":"-1","time":1550567658260,"group":{"id":"settings","version":"9"},"event":{"data":{"created":1550567658328,"name":"showEditorToolTip","value":true},"id":"UISettings"}}
{"session":"f20616327864","build":"183.5429.31","bucket":"-1","time":1550567658260,"group":{"id":"settings","version":"9"},"event":{"data":{"created":1550567658329,"name":"showIconInQuickNavigation","value":true},"id":"UISettings"}}
{"session":"f20616327864","build":"183.5429.31","bucket":"-1","time":1550567658260,"group":{"id":"settings","version":"9"},"event":{"data":{"created":1550567658330,"name":"showIconsInMenus","value":true},"id":"UISettings"}}
{"session":"f20616327864","build":"183.5429.31","bucket":"-1","time":1550567658260,"group":{"id":"settings","version":"9"},"event":{"data":{"created":1550567658331,"name":"showMainToolbar","value":false},"id":"UISettings"}}
{"session":"f20616327864","build":"183.5429.31","bucket":"-1","time":1550567658260,"group":{"id":"settings","version":"9"},"event":{"data":{"created":1550567658332,"name":"showMemoryIndicator","value":false},"id":"UISettings"}}
{"session":"f20616327864","build":"183.5429.31","bucket":"-1","time":1550567658261,"group":{"id":"settings","version":"9"},"event":{"data":{"created":1550567658333,"name":"showNavigationBar","value":true},"id":"UISettings"}}
{"session":"f20616327864","build":"183.5429.31","bucket":"-1","time":1550567658261,"group":{"id":"settings","version":"9"},"event":{"data":{"created":1550567658334,"name":"showStatusBar","value":true},"id":"UISettings"}}
{"session":"f20616327864","build":"183.5429.31","bucket":"-1","time":1550567658261,"group":{"id":"settings","version":"9"},"event":{"data":{"created":1550567658338,"name":"showTabsTooltips","value":true},"id":"UISettings"}}
{"session":"f20616327864","build":"183.5429.31","bucket":"-1","time":1550567658261,"group":{"id":"settings","version":"9"},"event":{"data":{"created":1550567658339,"name":"showToolWindowsNumbers","value":true},"id":"UISettings"}}
{"session":"f20616327864","build":"183.5429.31","bucket":"-1","time":1550567658261,"group":{"id":"settings","version":"9"},"event":{"data":{"created":1550567658340,"name":"smoothScrolling","value":false},"id":"UISettings"}}
{"session":"f20616327864","build":"183.5429.31","bucket":"-1","time":1550567658261,"group":{"id":"settings","version":"9"},"event":{"data":{"created":1550567658340,"name":"sortBookmarks","value":false},"id":"UISettings"}}
{"session":"f20616327864","build":"183.5429.31","bucket":"-1","time":1550567658261,"group":{"id":"settings","version":"9"},"event":{"data":{"created":1550567658341,"name":"sortLookupElementsLexicographically","value":false},"id":"UISettings"}}
{"session":"f20616327864","build":"183.5429.31","bucket":"-1","time":1550567658261,"group":{"id":"settings","version":"9"},"event":{"data":{"created":1550567658342,"name":"useSmallLabelsOnTabs","value":false},"id":"UISettings"}}
{"session":"f20616327864","build":"183.5429.31","bucket":"-1","time":1550567658261,"group":{"id":"settings","version":"9"},"event":{"data":{"created":1550567658343,"name":"wideScreenSupport","value":false},"id":"UISettings"}}
{"session":"f20616327864","build":"183.5429.31","bucket":"-1","time":1550567659829,"group":{"id":"settings","version":"9"},"event":{"data":{"created":1550567659829,"name":"autoSaveIfInactive","value":false},"id":"GeneralSettings"}}
{"session":"f20616327864","build":"183.5429.31","bucket":"-1","time":1550567659829,"group":{"id":"settings","version":"9"},"event":{"data":{"created":1550567659830,"name":"confirmExit","value":true},"id":"GeneralSettings"}}
{"session":"f20616327864","build":"183.5429.31","bucket":"-1","time":1550567659829,"group":{"id":"settings","version":"9"},"event":{"data":{"created":1550567659831,"name":"reopenLastProject","value":true},"id":"GeneralSettings"}}
{"session":"f20616327864","build":"183.5429.31","bucket":"-1","time":1550567659829,"group":{"id":"settings","version":"9"},"event":{"data":{"created":1550567659832,"name":"saveOnFrameDeactivation","value":true},"id":"GeneralSettings"}}
{"session":"f20616327864","build":"183.5429.31","bucket":"-1","time":1550567659829,"group":{"id":"settings","version":"9"},"event":{"data":{"created":1550567659832,"name":"searchInBackground","value":false},"id":"GeneralSettings"}}
{"session":"f20616327864","build":"183.5429.31","bucket":"-1","time":1550567659829,"group":{"id":"settings","version":"9"},"event":{"data":{"created":1550567659833,"name":"showTipsOnStartup","value":true},"id":"GeneralSettings"}}
{"session":"f20616327864","build":"183.5429.31","bucket":"-1","time":1550567659829,"group":{"id":"settings","version":"9"},"event":{"data":{"created":1550567659833,"name":"showWelcomeScreen","value":true},"id":"GeneralSettings"}}
{"session":"f20616327864","build":"183.5429.31","bucket":"-1","time":1550567659829,"group":{"id":"settings","version":"9"},"event":{"data":{"created":1550567659834,"name":"supportScreenReaders","value":false},"id":"GeneralSettings"}}
{"session":"f20616327864","build":"183.5429.31","bucket":"-1","time":1550567659829,"group":{"id":"settings","version":"9"},"event":{"data":{"created":1550567659834,"name":"syncOnFrameActivation","value":true},"id":"GeneralSettings"}}
{"session":"f20616327864","build":"183.5429.31","bucket":"-1","time":1550567659829,"group":{"id":"settings","version":"9"},"event":{"data":{"created":1550567659835,"name":"useDefaultBrowser","value":true},"id":"GeneralSettings"}}
{"session":"f20616327864","build":"183.5429.31","bucket":"-1","time":1550567659829,"group":{"id":"settings","version":"9"},"event":{"data":{"created":1550567659836,"name":"useSafeWrite","value":true},"id":"GeneralSettings"}}
{"session":"f20616327864","build":"183.5429.31","bucket":"-1","time":1550567665952,"group":{"id":"statistics.lifecycle.project","version":"9"},"event":{"count":1,"data":{"created":1550567665952,"project":"-401173072"},"id":"project.opened"}}
{"session":"f20616327864","build":"183.5429.31","bucket":"-1","time":1550567665954,"group":{"id":"lifecycle","version":"9"},"event":{"count":1,"data":{"created":1550567665954},"id":"project.opened"}}
{"session":"f20616327864","build":"183.5429.31","bucket":"-1","time":1550567666302,"group":{"id":"statistics.lifecycle.app","version":"9"},"event":{"count":1,"data":{"created":1550567666302,"data_2":"7","data_1":"timeSecondsGrouped"},"id":"ide.freeze"}}
{"session":"f20616327864","build":"183.5429.31","bucket":"-1","time":1550567666303,"group":{"id":"lifecycle","version":"9"},"event":{"count":1,"data":{"durationSeconds":7,"created":1550567666303},"id":"ide.freeze"}}
{"session":"f20616327864","build":"183.5429.31","bucket":"-1","time":1550567666793,"group":{"id":"ui.dialogs","version":"9"},"event":{"count":1,"data":{"created":1550567666794,"type":"show"},"id":"com.intellij.openapi.progress.util.ProgressDialog$MyDialogWrapper"}}
{"session":"f20616327864","build":"183.5429.31","bucket":"-1","time":1550567667230,"group":{"id":"statistics.lifecycle.app","version":"9"},"event":{"count":1,"data":{"created":1550567667230},"id":"ide.start"}}
{"session":"f20616327864","build":"183.5429.31","bucket":"-1","time":1550567667230,"group":{"id":"lifecycle","version":"9"},"event":{"count":1,"data":{"created":1550567667231},"id":"app.started"}}
{"session":"f20616327864","build":"183.5429.31","bucket":"-1","time":1550567668317,"group":{"id":"statistics.ui.tips","version":"9"},"event":{"count":1,"data":{"created":1550567668317},"id":"shown.automatically"}}
{"session":"f20616327864","build":"183.5429.31","bucket":"-1","time":1550567668385,"group":{"id":"ui.dialogs","version":"9"},"event":{"count":1,"data":{"created":1550567668385,"type":"show"},"id":"com.intellij.ide.util.TipDialog"}}
{"session":"f20616327864","build":"183.5429.31","bucket":"-1","time":1550567669034,"group":{"id":"toolwindow.v2","version":"9"},"event":{"count":1,"data":{"created":1550567669034,"data_1":"Linux"},"id":"Project_by_Activation"}}
{"session":"f20616327864","build":"183.5429.31","bucket":"-1","time":1550567669272,"group":{"id":"ui.dialogs","version":"9"},"event":{"count":1,"data":{"code":1,"created":1550567669273,"type":"close"},"id":"com.intellij.openapi.progress.util.ProgressDialog$MyDialogWrapper"}}
{"session":"f20616327864","build":"183.5429.31","bucket":"-1","time":1550567670677,"group":{"id":"statistics.lifecycle.project","version":"9"},"event":{"count":1,"data":{"created":1550567670677,"project":"-401173072"},"id":"project.open.time.7"}}
{"session":"f20616327864","build":"183.5429.31","bucket":"-1","time":1550567670677,"group":{"id":"lifecycle","version":"9"},"event":{"count":1,"data":{"created":1550567670677,"time.ms":7481},"id":"project.opening.finished"}}
{"session":"f20616327864","build":"183.5429.31","bucket":"-1","time":1550567670756,"group":{"id":"ui.dialogs","version":"9"},"event":{"count":1,"data":{"code":1,"created":1550567670756,"type":"close"},"id":"com.intellij.ide.util.TipDialog"}}
{"session":"f20616327864","build":"183.5429.31","bucket":"-1","time":1550567672482,"group":{"id":"ui.dialogs","version":"9"},"event":{"count":1,"data":{"created":1550567672482,"type":"show"},"id":"com.intellij.openapi.ui.messages.MessageDialog"}}
{"session":"f20616327864","build":"183.5429.31","bucket":"-1","time":1550567674169,"group":{"id":"statistics.lifecycle.app","version":"9"},"event":{"count":1,"data":{"created":1550567674169},"id":"ide.close"}}
{"session":"f20616327864","build":"183.5429.31","bucket":"-1","time":1550567674169,"group":{"id":"lifecycle","version":"9"},"event":{"count":1,"data":{"restart":false,"created":1550567674170},"id":"app.closed"}}
{"session":"f20616327864","build":"183.5429.31","bucket":"-1","time":1550567674222,"group":{"id":"statistics.lifecycle.project","version":"9"},"event":{"count":1,"data":{"created":1550567674222,"project":"-401173072"},"id":"project.closed"}}
{"session":"f20616327864","build":"183.5429.31","bucket":"-1","time":1550567674717,"group":{"id":"lifecycle","version":"9"},"event":{"count":1,"data":{"created":1550567674717},"id":"project.closed"}}
