{"session":"ca80068f6eb6","build":"183.5429.31","bucket":"-1","time":1550572019411,"group":{"id":"system.os.name","version":"9"},"event":{"data":{"created":1550572019412},"id":"Linux"}}
{"session":"ca80068f6eb6","build":"183.5429.31","bucket":"-1","time":1550572019422,"group":{"id":"system.os.version","version":"9"},"event":{"data":{"created":1550572019446},"id":"ubuntu_16.04"}}
{"session":"ca80068f6eb6","build":"183.5429.31","bucket":"-1","time":1550572019422,"group":{"id":"system.jvm.vendor","version":"9"},"event":{"data":{"created":1550572019469},"id":"JetBrains_s.r.o"}}
{"session":"ca80068f6eb6","build":"183.5429.31","bucket":"-1","time":1550572019422,"group":{"id":"system.jvm.version","version":"9"},"event":{"data":{"created":1550572019470},"id":"1.8"}}
{"session":"ca80068f6eb6","build":"183.5429.31","bucket":"-1","time":1550572019453,"group":{"id":"settings","version":"9"},"event":{"data":{"created":1550572019471,"name":"activeMruEditorOnClose","value":false},"id":"UISettings"}}
{"session":"ca80068f6eb6","build":"183.5429.31","bucket":"-1","time":1550572019453,"group":{"id":"settings","version":"9"},"event":{"data":{"created":1550572019473,"name":"activeRightEditorOnClose","value":false},"id":"UISettings"}}
{"session":"ca80068f6eb6","build":"183.5429.31","bucket":"-1","time":1550572019453,"group":{"id":"settings","version":"9"},"event":{"data":{"created":1550572019475,"name":"allowMergeButtons","value":true},"id":"UISettings"}}
{"session":"ca80068f6eb6","build":"183.5429.31","bucket":"-1","time":1550572019454,"group":{"id":"settings","version":"9"},"event":{"data":{"created":1550572019479,"name":"alwaysShowWindowsButton","value":false},"id":"UISettings"}}
{"session":"ca80068f6eb6","build":"183.5429.31","bucket":"-1","time":1550572019454,"group":{"id":"settings","version":"9"},"event":{"data":{"created":1550572019480,"name":"animateWindows","value":true},"id":"UISettings"}}
{"session":"ca80068f6eb6","build":"183.5429.31","bucket":"-1","time":1550572019454,"group":{"id":"settings","version":"9"},"event":{"data":{"created":1550572019482,"name":"closeNonModifiedFilesFirst","value":false},"id":"UISettings"}}
{"session":"ca80068f6eb6","build":"183.5429.31","bucket":"-1","time":1550572019454,"group":{"id":"settings","version":"9"},"event":{"data":{"created":1550572019483,"name":"closeTabButtonOnTheRight","value":true},"id":"UISettings"}}
{"session":"ca80068f6eb6","build":"183.5429.31","bucket":"-1","time":1550572019454,"group":{"id":"settings","version":"9"},"event":{"data":{"created":1550572019485,"name":"cycleScrolling","value":true},"id":"UISettings"}}
{"session":"ca80068f6eb6","build":"183.5429.31","bucket":"-1","time":1550572019454,"group":{"id":"settings","version":"9"},"event":{"data":{"created":1550572019486,"name":"defaultAutoScrollToSource","value":false},"id":"UISettings"}}
{"session":"ca80068f6eb6","build":"183.5429.31","bucket":"-1","time":1550572019454,"group":{"id":"settings","version":"9"},"event":{"data":{"created":1550572019487,"name":"disableMnemonics","value":false},"id":"UISettings"}}
{"session":"ca80068f6eb6","build":"183.5429.31","bucket":"-1","time":1550572019454,"group":{"id":"settings","version":"9"},"event":{"data":{"created":1550572019489,"name":"disableMnemonicsInControls","value":false},"id":"UISettings"}}
{"session":"ca80068f6eb6","build":"183.5429.31","bucket":"-1","time":1550572019454,"group":{"id":"settings","version":"9"},"event":{"data":{"created":1550572019490,"name":"dndWithPressedAltOnly","value":false},"id":"UISettings"}}
{"session":"ca80068f6eb6","build":"183.5429.31","bucket":"-1","time":1550572019454,"group":{"id":"settings","version":"9"},"event":{"data":{"created":1550572019491,"name":"enableAlphaMode","value":false},"id":"UISettings"}}
{"session":"ca80068f6eb6","build":"183.5429.31","bucket":"-1","time":1550572019454,"group":{"id":"settings","version":"9"},"event":{"data":{"created":1550572019496,"name":"hideKnownExtensionInTabs","value":false},"id":"UISettings"}}
{"session":"ca80068f6eb6","build":"183.5429.31","bucket":"-1","time":1550572019454,"group":{"id":"settings","version":"9"},"event":{"data":{"created":1550572019497,"name":"hideNavigationOnFocusLoss","value":true},"id":"UISettings"}}
{"session":"ca80068f6eb6","build":"183.5429.31","bucket":"-1","time":1550572019454,"group":{"id":"settings","version":"9"},"event":{"data":{"created":1550572019498,"name":"hideTabsIfNeed","value":true},"id":"UISettings"}}
{"session":"ca80068f6eb6","build":"183.5429.31","bucket":"-1","time":1550572019454,"group":{"id":"settings","version":"9"},"event":{"data":{"created":1550572019500,"name":"hideToolStripes","value":false},"id":"UISettings"}}
{"session":"ca80068f6eb6","build":"183.5429.31","bucket":"-1","time":1550572019454,"group":{"id":"settings","version":"9"},"event":{"data":{"created":1550572019501,"name":"leftHorizontalSplit","value":false},"id":"UISettings"}}
{"session":"ca80068f6eb6","build":"183.5429.31","bucket":"-1","time":1550572019454,"group":{"id":"settings","version":"9"},"event":{"data":{"created":1550572019502,"name":"markModifiedTabsWithAsterisk","value":false},"id":"UISettings"}}
{"session":"ca80068f6eb6","build":"183.5429.31","bucket":"-1","time":1550572019454,"group":{"id":"settings","version":"9"},"event":{"data":{"created":1550572019503,"name":"mergeEqualStackTraces","value":true},"id":"UISettings"}}
{"session":"ca80068f6eb6","build":"183.5429.31","bucket":"-1","time":1550572019454,"group":{"id":"settings","version":"9"},"event":{"data":{"created":1550572019504,"name":"moveMouseOnDefaultButton","value":false},"id":"UISettings"}}
{"session":"ca80068f6eb6","build":"183.5429.31","bucket":"-1","time":1550572019454,"group":{"id":"settings","version":"9"},"event":{"data":{"created":1550572019505,"name":"navigateToPreview","value":false},"id":"UISettings"}}
{"session":"ca80068f6eb6","build":"183.5429.31","bucket":"-1","time":1550572019454,"group":{"id":"settings","version":"9"},"event":{"data":{"created":1550572019506,"name":"overrideConsoleCycleBufferSize","value":false},"id":"UISettings"}}
{"session":"ca80068f6eb6","build":"183.5429.31","bucket":"-1","time":1550572019454,"group":{"id":"settings","version":"9"},"event":{"data":{"default":false,"created":1550572019508,"name":"overrideLafFonts","value":true},"id":"UISettings"}}
{"session":"ca80068f6eb6","build":"183.5429.31","bucket":"-1","time":1550572019454,"group":{"id":"settings","version":"9"},"event":{"data":{"created":1550572019512,"name":"pinFindInPath","value":false},"id":"UISettings"}}
{"session":"ca80068f6eb6","build":"183.5429.31","bucket":"-1","time":1550572019454,"group":{"id":"settings","version":"9"},"event":{"data":{"created":1550572019513,"name":"presentationMode","value":false},"id":"UISettings"}}
{"session":"ca80068f6eb6","build":"183.5429.31","bucket":"-1","time":1550572019454,"group":{"id":"settings","version":"9"},"event":{"data":{"created":1550572019514,"name":"reuseNotModifiedTabs","value":false},"id":"UISettings"}}
{"session":"ca80068f6eb6","build":"183.5429.31","bucket":"-1","time":1550572019454,"group":{"id":"settings","version":"9"},"event":{"data":{"created":1550572019516,"name":"rightHorizontalSplit","value":false},"id":"UISettings"}}
{"session":"ca80068f6eb6","build":"183.5429.31","bucket":"-1","time":1550572019454,"group":{"id":"settings","version":"9"},"event":{"data":{"created":1550572019517,"name":"scrollTabLayoutInEditor","value":true},"id":"UISettings"}}
{"session":"ca80068f6eb6","build":"183.5429.31","bucket":"-1","time":1550572019454,"group":{"id":"settings","version":"9"},"event":{"data":{"created":1550572019518,"name":"showCloseButton","value":true},"id":"UISettings"}}
{"session":"ca80068f6eb6","build":"183.5429.31","bucket":"-1","time":1550572019454,"group":{"id":"settings","version":"9"},"event":{"data":{"created":1550572019519,"name":"showDirectoryForNonUniqueFilenames","value":true},"id":"UISettings"}}
{"session":"ca80068f6eb6","build":"183.5429.31","bucket":"-1","time":1550572019454,"group":{"id":"settings","version":"9"},"event":{"data":{"created":1550572019520,"name":"showEditorToolTip","value":true},"id":"UISettings"}}
{"session":"ca80068f6eb6","build":"183.5429.31","bucket":"-1","time":1550572019454,"group":{"id":"settings","version":"9"},"event":{"data":{"created":1550572019521,"name":"showIconInQuickNavigation","value":true},"id":"UISettings"}}
{"session":"ca80068f6eb6","build":"183.5429.31","bucket":"-1","time":1550572019454,"group":{"id":"settings","version":"9"},"event":{"data":{"created":1550572019522,"name":"showIconsInMenus","value":true},"id":"UISettings"}}
{"session":"ca80068f6eb6","build":"183.5429.31","bucket":"-1","time":1550572019454,"group":{"id":"settings","version":"9"},"event":{"data":{"created":1550572019523,"name":"showMainToolbar","value":false},"id":"UISettings"}}
{"session":"ca80068f6eb6","build":"183.5429.31","bucket":"-1","time":1550572019454,"group":{"id":"settings","version":"9"},"event":{"data":{"created":1550572019527,"name":"showMemoryIndicator","value":false},"id":"UISettings"}}
{"session":"ca80068f6eb6","build":"183.5429.31","bucket":"-1","time":1550572019454,"group":{"id":"settings","version":"9"},"event":{"data":{"created":1550572019529,"name":"showNavigationBar","value":true},"id":"UISettings"}}
{"session":"ca80068f6eb6","build":"183.5429.31","bucket":"-1","time":1550572019455,"group":{"id":"settings","version":"9"},"event":{"data":{"created":1550572019530,"name":"showStatusBar","value":true},"id":"UISettings"}}
{"session":"ca80068f6eb6","build":"183.5429.31","bucket":"-1","time":1550572019455,"group":{"id":"settings","version":"9"},"event":{"data":{"created":1550572019531,"name":"showTabsTooltips","value":true},"id":"UISettings"}}
{"session":"ca80068f6eb6","build":"183.5429.31","bucket":"-1","time":1550572019455,"group":{"id":"settings","version":"9"},"event":{"data":{"created":1550572019532,"name":"showToolWindowsNumbers","value":true},"id":"UISettings"}}
{"session":"ca80068f6eb6","build":"183.5429.31","bucket":"-1","time":1550572019455,"group":{"id":"settings","version":"9"},"event":{"data":{"created":1550572019533,"name":"smoothScrolling","value":false},"id":"UISettings"}}
{"session":"ca80068f6eb6","build":"183.5429.31","bucket":"-1","time":1550572019455,"group":{"id":"settings","version":"9"},"event":{"data":{"created":1550572019534,"name":"sortBookmarks","value":false},"id":"UISettings"}}
{"session":"ca80068f6eb6","build":"183.5429.31","bucket":"-1","time":1550572019455,"group":{"id":"settings","version":"9"},"event":{"data":{"created":1550572019535,"name":"sortLookupElementsLexicographically","value":false},"id":"UISettings"}}
{"session":"ca80068f6eb6","build":"183.5429.31","bucket":"-1","time":1550572019455,"group":{"id":"settings","version":"9"},"event":{"data":{"created":1550572019536,"name":"useSmallLabelsOnTabs","value":false},"id":"UISettings"}}
{"session":"ca80068f6eb6","build":"183.5429.31","bucket":"-1","time":1550572019455,"group":{"id":"settings","version":"9"},"event":{"data":{"created":1550572019537,"name":"wideScreenSupport","value":false},"id":"UISettings"}}
{"session":"ca80068f6eb6","build":"183.5429.31","bucket":"-1","time":1550572020982,"group":{"id":"settings","version":"9"},"event":{"data":{"created":1550572020982,"name":"autoSaveIfInactive","value":false},"id":"GeneralSettings"}}
{"session":"ca80068f6eb6","build":"183.5429.31","bucket":"-1","time":1550572020982,"group":{"id":"settings","version":"9"},"event":{"data":{"created":1550572020983,"name":"confirmExit","value":true},"id":"GeneralSettings"}}
{"session":"ca80068f6eb6","build":"183.5429.31","bucket":"-1","time":1550572020982,"group":{"id":"settings","version":"9"},"event":{"data":{"created":1550572020984,"name":"reopenLastProject","value":true},"id":"GeneralSettings"}}
{"session":"ca80068f6eb6","build":"183.5429.31","bucket":"-1","time":1550572020982,"group":{"id":"settings","version":"9"},"event":{"data":{"created":1550572020984,"name":"saveOnFrameDeactivation","value":true},"id":"GeneralSettings"}}
{"session":"ca80068f6eb6","build":"183.5429.31","bucket":"-1","time":1550572020982,"group":{"id":"settings","version":"9"},"event":{"data":{"created":1550572020985,"name":"searchInBackground","value":false},"id":"GeneralSettings"}}
{"session":"ca80068f6eb6","build":"183.5429.31","bucket":"-1","time":1550572020982,"group":{"id":"settings","version":"9"},"event":{"data":{"created":1550572020985,"name":"showTipsOnStartup","value":true},"id":"GeneralSettings"}}
{"session":"ca80068f6eb6","build":"183.5429.31","bucket":"-1","time":1550572020982,"group":{"id":"settings","version":"9"},"event":{"data":{"created":1550572020985,"name":"showWelcomeScreen","value":true},"id":"GeneralSettings"}}
{"session":"ca80068f6eb6","build":"183.5429.31","bucket":"-1","time":1550572020982,"group":{"id":"settings","version":"9"},"event":{"data":{"created":1550572020986,"name":"supportScreenReaders","value":false},"id":"GeneralSettings"}}
{"session":"ca80068f6eb6","build":"183.5429.31","bucket":"-1","time":1550572020982,"group":{"id":"settings","version":"9"},"event":{"data":{"created":1550572020986,"name":"syncOnFrameActivation","value":true},"id":"GeneralSettings"}}
{"session":"ca80068f6eb6","build":"183.5429.31","bucket":"-1","time":1550572020982,"group":{"id":"settings","version":"9"},"event":{"data":{"created":1550572020987,"name":"useDefaultBrowser","value":true},"id":"GeneralSettings"}}
{"session":"ca80068f6eb6","build":"183.5429.31","bucket":"-1","time":1550572020982,"group":{"id":"settings","version":"9"},"event":{"data":{"created":1550572020988,"name":"useSafeWrite","value":true},"id":"GeneralSettings"}}
{"session":"ca80068f6eb6","build":"183.5429.31","bucket":"-1","time":1550572028538,"group":{"id":"statistics.lifecycle.project","version":"9"},"event":{"count":1,"data":{"created":1550572028547,"project":"-1947795097"},"id":"project.opened"}}
{"session":"ca80068f6eb6","build":"183.5429.31","bucket":"-1","time":1550572028551,"group":{"id":"lifecycle","version":"9"},"event":{"count":1,"data":{"created":1550572028552},"id":"project.opened"}}
{"session":"ca80068f6eb6","build":"183.5429.31","bucket":"-1","time":1550572028614,"group":{"id":"statistics.lifecycle.app","version":"9"},"event":{"count":1,"data":{"created":1550572028614,"data_2":"8","data_1":"timeSecondsGrouped"},"id":"ide.freeze"}}
{"session":"ca80068f6eb6","build":"183.5429.31","bucket":"-1","time":1550572028616,"group":{"id":"lifecycle","version":"9"},"event":{"count":1,"data":{"durationSeconds":8,"created":1550572028616},"id":"ide.freeze"}}
{"session":"ca80068f6eb6","build":"183.5429.31","bucket":"-1","time":1550572030438,"group":{"id":"ui.dialogs","version":"9"},"event":{"count":1,"data":{"created":1550572030438,"type":"show"},"id":"com.intellij.openapi.progress.util.ProgressDialog$MyDialogWrapper"}}
{"session":"ca80068f6eb6","build":"183.5429.31","bucket":"-1","time":1550572031089,"group":{"id":"statistics.lifecycle.app","version":"9"},"event":{"count":1,"data":{"created":1550572031092},"id":"ide.start"}}
{"session":"ca80068f6eb6","build":"183.5429.31","bucket":"-1","time":1550572031089,"group":{"id":"lifecycle","version":"9"},"event":{"count":1,"data":{"created":1550572031093},"id":"app.started"}}
{"session":"ca80068f6eb6","build":"183.5429.31","bucket":"-1","time":1550572033483,"group":{"id":"statistics.ui.tips","version":"9"},"event":{"count":1,"data":{"created":1550572033483},"id":"shown.automatically"}}
{"session":"ca80068f6eb6","build":"183.5429.31","bucket":"-1","time":1550572033575,"group":{"id":"ui.dialogs","version":"9"},"event":{"count":1,"data":{"created":1550572033575,"type":"show"},"id":"com.intellij.ide.util.TipDialog"}}
{"session":"ca80068f6eb6","build":"183.5429.31","bucket":"-1","time":1550572034953,"group":{"id":"toolwindow.v2","version":"9"},"event":{"count":1,"data":{"created":1550572034953,"data_1":"Linux"},"id":"Project_by_Activation"}}
{"session":"ca80068f6eb6","build":"183.5429.31","bucket":"-1","time":1550572035464,"group":{"id":"ui.dialogs","version":"9"},"event":{"count":1,"data":{"code":1,"created":1550572035464,"type":"close"},"id":"com.intellij.openapi.progress.util.ProgressDialog$MyDialogWrapper"}}
{"session":"ca80068f6eb6","build":"183.5429.31","bucket":"-1","time":1550572037528,"group":{"id":"ui.dialogs","version":"9"},"event":{"count":1,"data":{"code":1,"created":1550572037528,"type":"close"},"id":"com.intellij.ide.util.TipDialog"}}
{"session":"ca80068f6eb6","build":"183.5429.31","bucket":"-1","time":1550572037550,"group":{"id":"statistics.lifecycle.project","version":"9"},"event":{"count":1,"data":{"created":1550572037552,"project":"-1947795097"},"id":"project.open.time.13"}}
{"session":"ca80068f6eb6","build":"183.5429.31","bucket":"-1","time":1550572037550,"group":{"id":"lifecycle","version":"9"},"event":{"count":1,"data":{"created":1550572037552,"time.ms":13539},"id":"project.opening.finished"}}
{"session":"ca80068f6eb6","build":"183.5429.31","bucket":"-1","time":1550572039256,"group":{"id":"ui.dialogs","version":"9"},"event":{"count":1,"data":{"created":1550572039256,"type":"show"},"id":"com.intellij.openapi.ui.messages.MessageDialog"}}
{"session":"ca80068f6eb6","build":"183.5429.31","bucket":"-1","time":1550572040998,"group":{"id":"statistics.lifecycle.app","version":"9"},"event":{"count":1,"data":{"created":1550572040998},"id":"ide.close"}}
{"session":"ca80068f6eb6","build":"183.5429.31","bucket":"-1","time":1550572040998,"group":{"id":"lifecycle","version":"9"},"event":{"count":1,"data":{"restart":false,"created":1550572040999},"id":"app.closed"}}
{"session":"ca80068f6eb6","build":"183.5429.31","bucket":"-1","time":1550572041088,"group":{"id":"statistics.lifecycle.project","version":"9"},"event":{"count":1,"data":{"created":1550572041090,"project":"-1947795097"},"id":"project.closed"}}
{"session":"ca80068f6eb6","build":"183.5429.31","bucket":"-1","time":1550572041535,"group":{"id":"lifecycle","version":"9"},"event":{"count":1,"data":{"created":1550572041535},"id":"project.closed"}}
