{"session":"8bd80b8816ee","build":"183.5429.31","bucket":"-1","time":1550568020378,"group":{"id":"system.os.name","version":"9"},"event":{"data":{"created":1550568020387},"id":"Linux"}}
{"session":"8bd80b8816ee","build":"183.5429.31","bucket":"-1","time":1550568020400,"group":{"id":"system.os.version","version":"9"},"event":{"data":{"created":1550568020417},"id":"ubuntu_16.04"}}
{"session":"8bd80b8816ee","build":"183.5429.31","bucket":"-1","time":1550568020401,"group":{"id":"system.jvm.vendor","version":"9"},"event":{"data":{"created":1550568020442},"id":"JetBrains_s.r.o"}}
{"session":"8bd80b8816ee","build":"183.5429.31","bucket":"-1","time":1550568020401,"group":{"id":"system.jvm.version","version":"9"},"event":{"data":{"created":1550568020444},"id":"1.8"}}
{"session":"8bd80b8816ee","build":"183.5429.31","bucket":"-1","time":1550568020430,"group":{"id":"settings","version":"9"},"event":{"data":{"created":1550568020445,"name":"activeMruEditorOnClose","value":false},"id":"UISettings"}}
{"session":"8bd80b8816ee","build":"183.5429.31","bucket":"-1","time":1550568020430,"group":{"id":"settings","version":"9"},"event":{"data":{"created":1550568020446,"name":"activeRightEditorOnClose","value":false},"id":"UISettings"}}
{"session":"8bd80b8816ee","build":"183.5429.31","bucket":"-1","time":1550568020430,"group":{"id":"settings","version":"9"},"event":{"data":{"created":1550568020449,"name":"allowMergeButtons","value":true},"id":"UISettings"}}
{"session":"8bd80b8816ee","build":"183.5429.31","bucket":"-1","time":1550568020430,"group":{"id":"settings","version":"9"},"event":{"data":{"created":1550568020450,"name":"alwaysShowWindowsButton","value":false},"id":"UISettings"}}
{"session":"8bd80b8816ee","build":"183.5429.31","bucket":"-1","time":1550568020430,"group":{"id":"settings","version":"9"},"event":{"data":{"created":1550568020453,"name":"animateWindows","value":true},"id":"UISettings"}}
{"session":"8bd80b8816ee","build":"183.5429.31","bucket":"-1","time":1550568020430,"group":{"id":"settings","version":"9"},"event":{"data":{"created":1550568020454,"name":"closeNonModifiedFilesFirst","value":false},"id":"UISettings"}}
{"session":"8bd80b8816ee","build":"183.5429.31","bucket":"-1","time":1550568020430,"group":{"id":"settings","version":"9"},"event":{"data":{"created":1550568020455,"name":"closeTabButtonOnTheRight","value":true},"id":"UISettings"}}
{"session":"8bd80b8816ee","build":"183.5429.31","bucket":"-1","time":1550568020430,"group":{"id":"settings","version":"9"},"event":{"data":{"created":1550568020456,"name":"cycleScrolling","value":true},"id":"UISettings"}}
{"session":"8bd80b8816ee","build":"183.5429.31","bucket":"-1","time":1550568020430,"group":{"id":"settings","version":"9"},"event":{"data":{"created":1550568020458,"name":"defaultAutoScrollToSource","value":false},"id":"UISettings"}}
{"session":"8bd80b8816ee","build":"183.5429.31","bucket":"-1","time":1550568020430,"group":{"id":"settings","version":"9"},"event":{"data":{"created":1550568020459,"name":"disableMnemonics","value":false},"id":"UISettings"}}
{"session":"8bd80b8816ee","build":"183.5429.31","bucket":"-1","time":1550568020430,"group":{"id":"settings","version":"9"},"event":{"data":{"created":1550568020460,"name":"disableMnemonicsInControls","value":false},"id":"UISettings"}}
{"session":"8bd80b8816ee","build":"183.5429.31","bucket":"-1","time":1550568020430,"group":{"id":"settings","version":"9"},"event":{"data":{"created":1550568020462,"name":"dndWithPressedAltOnly","value":false},"id":"UISettings"}}
{"session":"8bd80b8816ee","build":"183.5429.31","bucket":"-1","time":1550568020430,"group":{"id":"settings","version":"9"},"event":{"data":{"created":1550568020463,"name":"enableAlphaMode","value":false},"id":"UISettings"}}
{"session":"8bd80b8816ee","build":"183.5429.31","bucket":"-1","time":1550568020430,"group":{"id":"settings","version":"9"},"event":{"data":{"created":1550568020464,"name":"hideKnownExtensionInTabs","value":false},"id":"UISettings"}}
{"session":"8bd80b8816ee","build":"183.5429.31","bucket":"-1","time":1550568020430,"group":{"id":"settings","version":"9"},"event":{"data":{"created":1550568020466,"name":"hideNavigationOnFocusLoss","value":true},"id":"UISettings"}}
{"session":"8bd80b8816ee","build":"183.5429.31","bucket":"-1","time":1550568020430,"group":{"id":"settings","version":"9"},"event":{"data":{"created":1550568020467,"name":"hideTabsIfNeed","value":true},"id":"UISettings"}}
{"session":"8bd80b8816ee","build":"183.5429.31","bucket":"-1","time":1550568020430,"group":{"id":"settings","version":"9"},"event":{"data":{"created":1550568020468,"name":"hideToolStripes","value":false},"id":"UISettings"}}
{"session":"8bd80b8816ee","build":"183.5429.31","bucket":"-1","time":1550568020430,"group":{"id":"settings","version":"9"},"event":{"data":{"created":1550568020470,"name":"leftHorizontalSplit","value":false},"id":"UISettings"}}
{"session":"8bd80b8816ee","build":"183.5429.31","bucket":"-1","time":1550568020430,"group":{"id":"settings","version":"9"},"event":{"data":{"created":1550568020472,"name":"markModifiedTabsWithAsterisk","value":false},"id":"UISettings"}}
{"session":"8bd80b8816ee","build":"183.5429.31","bucket":"-1","time":1550568020430,"group":{"id":"settings","version":"9"},"event":{"data":{"created":1550568020473,"name":"mergeEqualStackTraces","value":true},"id":"UISettings"}}
{"session":"8bd80b8816ee","build":"183.5429.31","bucket":"-1","time":1550568020431,"group":{"id":"settings","version":"9"},"event":{"data":{"created":1550568020474,"name":"moveMouseOnDefaultButton","value":false},"id":"UISettings"}}
{"session":"8bd80b8816ee","build":"183.5429.31","bucket":"-1","time":1550568020431,"group":{"id":"settings","version":"9"},"event":{"data":{"created":1550568020476,"name":"navigateToPreview","value":false},"id":"UISettings"}}
{"session":"8bd80b8816ee","build":"183.5429.31","bucket":"-1","time":1550568020431,"group":{"id":"settings","version":"9"},"event":{"data":{"created":1550568020477,"name":"overrideConsoleCycleBufferSize","value":false},"id":"UISettings"}}
{"session":"8bd80b8816ee","build":"183.5429.31","bucket":"-1","time":1550568020431,"group":{"id":"settings","version":"9"},"event":{"data":{"default":false,"created":1550568020478,"name":"overrideLafFonts","value":true},"id":"UISettings"}}
{"session":"8bd80b8816ee","build":"183.5429.31","bucket":"-1","time":1550568020431,"group":{"id":"settings","version":"9"},"event":{"data":{"created":1550568020479,"name":"pinFindInPath","value":false},"id":"UISettings"}}
{"session":"8bd80b8816ee","build":"183.5429.31","bucket":"-1","time":1550568020431,"group":{"id":"settings","version":"9"},"event":{"data":{"created":1550568020480,"name":"presentationMode","value":false},"id":"UISettings"}}
{"session":"8bd80b8816ee","build":"183.5429.31","bucket":"-1","time":1550568020431,"group":{"id":"settings","version":"9"},"event":{"data":{"created":1550568020481,"name":"reuseNotModifiedTabs","value":false},"id":"UISettings"}}
{"session":"8bd80b8816ee","build":"183.5429.31","bucket":"-1","time":1550568020431,"group":{"id":"settings","version":"9"},"event":{"data":{"created":1550568020483,"name":"rightHorizontalSplit","value":false},"id":"UISettings"}}
{"session":"8bd80b8816ee","build":"183.5429.31","bucket":"-1","time":1550568020431,"group":{"id":"settings","version":"9"},"event":{"data":{"created":1550568020484,"name":"scrollTabLayoutInEditor","value":true},"id":"UISettings"}}
{"session":"8bd80b8816ee","build":"183.5429.31","bucket":"-1","time":1550568020431,"group":{"id":"settings","version":"9"},"event":{"data":{"created":1550568020485,"name":"showCloseButton","value":true},"id":"UISettings"}}
{"session":"8bd80b8816ee","build":"183.5429.31","bucket":"-1","time":1550568020431,"group":{"id":"settings","version":"9"},"event":{"data":{"created":1550568020486,"name":"showDirectoryForNonUniqueFilenames","value":true},"id":"UISettings"}}
{"session":"8bd80b8816ee","build":"183.5429.31","bucket":"-1","time":1550568020431,"group":{"id":"settings","version":"9"},"event":{"data":{"created":1550568020488,"name":"showEditorToolTip","value":true},"id":"UISettings"}}
{"session":"8bd80b8816ee","build":"183.5429.31","bucket":"-1","time":1550568020431,"group":{"id":"settings","version":"9"},"event":{"data":{"created":1550568020489,"name":"showIconInQuickNavigation","value":true},"id":"UISettings"}}
{"session":"8bd80b8816ee","build":"183.5429.31","bucket":"-1","time":1550568020431,"group":{"id":"settings","version":"9"},"event":{"data":{"created":1550568020490,"name":"showIconsInMenus","value":true},"id":"UISettings"}}
{"session":"8bd80b8816ee","build":"183.5429.31","bucket":"-1","time":1550568020431,"group":{"id":"settings","version":"9"},"event":{"data":{"created":1550568020491,"name":"showMainToolbar","value":false},"id":"UISettings"}}
{"session":"8bd80b8816ee","build":"183.5429.31","bucket":"-1","time":1550568020431,"group":{"id":"settings","version":"9"},"event":{"data":{"created":1550568020492,"name":"showMemoryIndicator","value":false},"id":"UISettings"}}
{"session":"8bd80b8816ee","build":"183.5429.31","bucket":"-1","time":1550568020431,"group":{"id":"settings","version":"9"},"event":{"data":{"created":1550568020493,"name":"showNavigationBar","value":true},"id":"UISettings"}}
{"session":"8bd80b8816ee","build":"183.5429.31","bucket":"-1","time":1550568020431,"group":{"id":"settings","version":"9"},"event":{"data":{"created":1550568020494,"name":"showStatusBar","value":true},"id":"UISettings"}}
{"session":"8bd80b8816ee","build":"183.5429.31","bucket":"-1","time":1550568020431,"group":{"id":"settings","version":"9"},"event":{"data":{"created":1550568020495,"name":"showTabsTooltips","value":true},"id":"UISettings"}}
{"session":"8bd80b8816ee","build":"183.5429.31","bucket":"-1","time":1550568020431,"group":{"id":"settings","version":"9"},"event":{"data":{"created":1550568020496,"name":"showToolWindowsNumbers","value":true},"id":"UISettings"}}
{"session":"8bd80b8816ee","build":"183.5429.31","bucket":"-1","time":1550568020431,"group":{"id":"settings","version":"9"},"event":{"data":{"created":1550568020497,"name":"smoothScrolling","value":false},"id":"UISettings"}}
{"session":"8bd80b8816ee","build":"183.5429.31","bucket":"-1","time":1550568020431,"group":{"id":"settings","version":"9"},"event":{"data":{"created":1550568020499,"name":"sortBookmarks","value":false},"id":"UISettings"}}
{"session":"8bd80b8816ee","build":"183.5429.31","bucket":"-1","time":1550568020431,"group":{"id":"settings","version":"9"},"event":{"data":{"created":1550568020500,"name":"sortLookupElementsLexicographically","value":false},"id":"UISettings"}}
{"session":"8bd80b8816ee","build":"183.5429.31","bucket":"-1","time":1550568020431,"group":{"id":"settings","version":"9"},"event":{"data":{"created":1550568020501,"name":"useSmallLabelsOnTabs","value":false},"id":"UISettings"}}
{"session":"8bd80b8816ee","build":"183.5429.31","bucket":"-1","time":1550568020431,"group":{"id":"settings","version":"9"},"event":{"data":{"created":1550568020502,"name":"wideScreenSupport","value":false},"id":"UISettings"}}
{"session":"8bd80b8816ee","build":"183.5429.31","bucket":"-1","time":1550568022025,"group":{"id":"settings","version":"9"},"event":{"data":{"created":1550568022025,"name":"autoSaveIfInactive","value":false},"id":"GeneralSettings"}}
{"session":"8bd80b8816ee","build":"183.5429.31","bucket":"-1","time":1550568022025,"group":{"id":"settings","version":"9"},"event":{"data":{"created":1550568022028,"name":"confirmExit","value":true},"id":"GeneralSettings"}}
{"session":"8bd80b8816ee","build":"183.5429.31","bucket":"-1","time":1550568022025,"group":{"id":"settings","version":"9"},"event":{"data":{"created":1550568022028,"name":"reopenLastProject","value":true},"id":"GeneralSettings"}}
{"session":"8bd80b8816ee","build":"183.5429.31","bucket":"-1","time":1550568022025,"group":{"id":"settings","version":"9"},"event":{"data":{"created":1550568022029,"name":"saveOnFrameDeactivation","value":true},"id":"GeneralSettings"}}
{"session":"8bd80b8816ee","build":"183.5429.31","bucket":"-1","time":1550568022025,"group":{"id":"settings","version":"9"},"event":{"data":{"created":1550568022030,"name":"searchInBackground","value":false},"id":"GeneralSettings"}}
{"session":"8bd80b8816ee","build":"183.5429.31","bucket":"-1","time":1550568022025,"group":{"id":"settings","version":"9"},"event":{"data":{"created":1550568022030,"name":"showTipsOnStartup","value":true},"id":"GeneralSettings"}}
{"session":"8bd80b8816ee","build":"183.5429.31","bucket":"-1","time":1550568022025,"group":{"id":"settings","version":"9"},"event":{"data":{"created":1550568022032,"name":"showWelcomeScreen","value":true},"id":"GeneralSettings"}}
{"session":"8bd80b8816ee","build":"183.5429.31","bucket":"-1","time":1550568022025,"group":{"id":"settings","version":"9"},"event":{"data":{"created":1550568022033,"name":"supportScreenReaders","value":false},"id":"GeneralSettings"}}
{"session":"8bd80b8816ee","build":"183.5429.31","bucket":"-1","time":1550568022025,"group":{"id":"settings","version":"9"},"event":{"data":{"created":1550568022033,"name":"syncOnFrameActivation","value":true},"id":"GeneralSettings"}}
{"session":"8bd80b8816ee","build":"183.5429.31","bucket":"-1","time":1550568022025,"group":{"id":"settings","version":"9"},"event":{"data":{"created":1550568022034,"name":"useDefaultBrowser","value":true},"id":"GeneralSettings"}}
{"session":"8bd80b8816ee","build":"183.5429.31","bucket":"-1","time":1550568022025,"group":{"id":"settings","version":"9"},"event":{"data":{"created":1550568022040,"name":"useSafeWrite","value":true},"id":"GeneralSettings"}}
{"session":"8bd80b8816ee","build":"183.5429.31","bucket":"-1","time":1550568027790,"group":{"id":"statistics.lifecycle.project","version":"9"},"event":{"count":1,"data":{"created":1550568027790,"project":"206695144"},"id":"project.opened"}}
{"session":"8bd80b8816ee","build":"183.5429.31","bucket":"-1","time":1550568027792,"group":{"id":"lifecycle","version":"9"},"event":{"count":1,"data":{"created":1550568027792},"id":"project.opened"}}
{"session":"8bd80b8816ee","build":"183.5429.31","bucket":"-1","time":1550568028559,"group":{"id":"statistics.lifecycle.app","version":"9"},"event":{"count":1,"data":{"created":1550568028559,"data_2":"7","data_1":"timeSecondsGrouped"},"id":"ide.freeze"}}
{"session":"8bd80b8816ee","build":"183.5429.31","bucket":"-1","time":1550568028560,"group":{"id":"lifecycle","version":"9"},"event":{"count":1,"data":{"durationSeconds":7,"created":1550568028560},"id":"ide.freeze"}}
{"session":"8bd80b8816ee","build":"183.5429.31","bucket":"-1","time":1550568028771,"group":{"id":"ui.dialogs","version":"9"},"event":{"count":1,"data":{"created":1550568028771,"type":"show"},"id":"com.intellij.openapi.progress.util.ProgressDialog$MyDialogWrapper"}}
{"session":"8bd80b8816ee","build":"183.5429.31","bucket":"-1","time":1550568029047,"group":{"id":"statistics.lifecycle.app","version":"9"},"event":{"count":1,"data":{"created":1550568029047},"id":"ide.start"}}
{"session":"8bd80b8816ee","build":"183.5429.31","bucket":"-1","time":1550568029048,"group":{"id":"lifecycle","version":"9"},"event":{"count":1,"data":{"created":1550568029048},"id":"app.started"}}
{"session":"8bd80b8816ee","build":"183.5429.31","bucket":"-1","time":1550568030160,"group":{"id":"statistics.ui.tips","version":"9"},"event":{"count":1,"data":{"created":1550568030160},"id":"shown.automatically"}}
{"session":"8bd80b8816ee","build":"183.5429.31","bucket":"-1","time":1550568030224,"group":{"id":"ui.dialogs","version":"9"},"event":{"count":1,"data":{"created":1550568030224,"type":"show"},"id":"com.intellij.ide.util.TipDialog"}}
{"session":"8bd80b8816ee","build":"183.5429.31","bucket":"-1","time":1550568030997,"group":{"id":"toolwindow.v2","version":"9"},"event":{"count":1,"data":{"created":1550568030998,"data_1":"Linux"},"id":"Project_by_Activation"}}
{"session":"8bd80b8816ee","build":"183.5429.31","bucket":"-1","time":1550568031297,"group":{"id":"ui.dialogs","version":"9"},"event":{"count":1,"data":{"code":1,"created":1550568031297,"type":"close"},"id":"com.intellij.openapi.progress.util.ProgressDialog$MyDialogWrapper"}}
{"session":"8bd80b8816ee","build":"183.5429.31","bucket":"-1","time":1550568032948,"group":{"id":"statistics.lifecycle.project","version":"9"},"event":{"count":1,"data":{"created":1550568032949,"project":"206695144"},"id":"project.open.time.8"}}
{"session":"8bd80b8816ee","build":"183.5429.31","bucket":"-1","time":1550568032949,"group":{"id":"lifecycle","version":"9"},"event":{"count":1,"data":{"created":1550568032949,"time.ms":8260},"id":"project.opening.finished"}}
{"session":"8bd80b8816ee","build":"183.5429.31","bucket":"-1","time":1550568046891,"group":{"id":"ui.dialogs","version":"9"},"event":{"count":1,"data":{"code":1,"created":1550568046893,"type":"close"},"id":"com.intellij.ide.util.TipDialog"}}
{"session":"8bd80b8816ee","build":"183.5429.31","bucket":"-1","time":1550568055456,"group":{"id":"ui.dialogs","version":"9"},"event":{"count":1,"data":{"created":1550568055456,"type":"show"},"id":"com.intellij.openapi.ui.messages.MessageDialog"}}
{"session":"8bd80b8816ee","build":"183.5429.31","bucket":"-1","time":1550568057175,"group":{"id":"statistics.lifecycle.app","version":"9"},"event":{"count":1,"data":{"created":1550568057179},"id":"ide.close"}}
{"session":"8bd80b8816ee","build":"183.5429.31","bucket":"-1","time":1550568057175,"group":{"id":"lifecycle","version":"9"},"event":{"count":1,"data":{"restart":false,"created":1550568057181},"id":"app.closed"}}
{"session":"8bd80b8816ee","build":"183.5429.31","bucket":"-1","time":1550568057237,"group":{"id":"statistics.lifecycle.project","version":"9"},"event":{"count":1,"data":{"created":1550568057237,"project":"206695144"},"id":"project.closed"}}
{"session":"8bd80b8816ee","build":"183.5429.31","bucket":"-1","time":1550568057495,"group":{"id":"lifecycle","version":"9"},"event":{"count":1,"data":{"created":1550568057512},"id":"project.closed"}}
