[2019-02-20 12:21:36.490] [exthost] [info] extension host started
[2019-02-20 12:21:36.550] [exthost] [info] ExtensionService#_doActivateExtension vscode.debug-auto-launch {"startup":true,"activationEvent":"*"}
[2019-02-20 12:21:36.550] [exthost] [info] ExtensionService#loadCommonJSModule /usr/share/code/resources/app/extensions/debug-auto-launch/dist/extension
[2019-02-20 12:21:36.553] [exthost] [info] ExtensionService#_doActivateExtension vscode.emmet {"startup":true,"activationEvent":"*"}
[2019-02-20 12:21:36.553] [exthost] [info] ExtensionService#loadCommonJSModule /usr/share/code/resources/app/extensions/emmet/dist/extension
[2019-02-20 12:21:36.559] [exthost] [info] ExtensionService#_doActivateExtension vscode.git {"startup":true,"activationEvent":"*"}
[2019-02-20 12:21:36.559] [exthost] [info] ExtensionService#loadCommonJSModule /usr/share/code/resources/app/extensions/git/dist/main
[2019-02-20 12:21:36.603] [exthost] [info] ExtensionService#_doActivateExtension vscode.merge-conflict {"startup":true,"activationEvent":"*"}
[2019-02-20 12:21:36.603] [exthost] [info] ExtensionService#loadCommonJSModule /usr/share/code/resources/app/extensions/merge-conflict/dist/extension
[2019-02-20 12:21:36.607] [exthost] [info] ExtensionService#_doActivateExtension hbenl.vscode-test-explorer {"startup":true,"activationEvent":"*"}
[2019-02-20 12:21:36.607] [exthost] [info] ExtensionService#loadCommonJSModule /home/divum/.vscode/extensions/hbenl.vscode-test-explorer-2.5.0/out/main.js
[2019-02-20 12:21:36.624] [exthost] [info] ExtensionService#_doActivateExtension vscode.python {"startup":false,"activationEvent":"onLanguage:python"}
[2019-02-20 12:21:36.624] [exthost] [info] ExtensionService#loadCommonJSModule /usr/share/code/resources/app/extensions/python/out/pythonMain
[2019-02-20 12:21:36.626] [exthost] [info] ExtensionService#_doActivateExtension batisteo.vscode-django {"startup":false,"activationEvent":"onLanguage:python"}
[2019-02-20 12:21:36.626] [exthost] [info] ExtensionService#loadCommonJSModule /home/divum/.vscode/extensions/batisteo.vscode-django-0.19.0/out/extension
[2019-02-20 12:21:36.638] [exthost] [info] ExtensionService#_doActivateExtension donjayamanne.jupyter {"startup":false,"activationEvent":"onLanguage:python"}
[2019-02-20 12:21:36.638] [exthost] [info] ExtensionService#loadCommonJSModule /home/divum/.vscode/extensions/donjayamanne.jupyter-1.1.4/out/src/extension
[2019-02-20 12:21:37.033] [exthost] [info] ExtensionService#_doActivateExtension fabioz.vscode-pydev {"startup":false,"activationEvent":"onLanguage:python"}
[2019-02-20 12:21:37.033] [exthost] [info] ExtensionService#loadCommonJSModule /home/divum/.vscode/extensions/fabioz.vscode-pydev-0.1.5/out/extension
[2019-02-20 12:21:37.084] [exthost] [info] ExtensionService#_doActivateExtension hyesun.py-paste-indent {"startup":false,"activationEvent":"onLanguage:python"}
[2019-02-20 12:21:37.084] [exthost] [info] ExtensionService#loadCommonJSModule /home/divum/.vscode/extensions/hyesun.py-paste-indent-0.1.1/out/extension.js
[2019-02-20 12:21:37.085] [exthost] [info] ExtensionService#_doActivateExtension ms-python.python {"startup":false,"activationEvent":"onLanguage:python"}
[2019-02-20 12:21:37.085] [exthost] [info] ExtensionService#loadCommonJSModule /home/divum/.vscode/extensions/ms-python.python-2019.1.0/out/client/extension
[2019-02-20 12:21:37.247] [exthost] [info] ExtensionService#_doActivateExtension tht13.python {"startup":false,"activationEvent":"onLanguage:python"}
[2019-02-20 12:21:37.247] [exthost] [info] ExtensionService#loadCommonJSModule /home/divum/.vscode/extensions/tht13.python-0.2.3/out/client/src/pythonMain
[2019-02-20 12:21:37.271] [exthost] [info] ExtensionService#_doActivateExtension VisualStudioExptTeam.vscodeintellicode {"startup":false,"activationEvent":"onLanguage:python"}
[2019-02-20 12:21:37.271] [exthost] [info] ExtensionService#loadCommonJSModule /home/divum/.vscode/extensions/visualstudioexptteam.vscodeintellicode-1.1.3/out/extension
[2019-02-20 12:21:37.619] [exthost] [info] eager extensions activated
