Looking for git in: git
Using git 2.7.4 from git
> git rev-parse --show-toplevel
> git config --get commit.template
Open repository: /home/divum
> git status -z -u
> git show :.local/share/Trash/files/boards/forms.py
> git symbolic-ref --short HEAD
> git rev-parse master
fatal: ambiguous argument 'master': unknown revision or path not in the working tree.
Use '--' to separate paths from revisions, like this:
'git <command> [<revision>...] -- [<file>...]'
> git for-each-ref --format %(refname) %(objectname) --sort -committerdate
> git remote --verbose
> git check-ignore -z --stdin
> git add -A -- .
> git check-ignore -z --stdin
> git add -A -- .
fatal: Unable to create '/home/divum/.git/index.lock': File exists.

If no other git process is currently running, this probably means a
git process crashed in this repository earlier. Make sure no other git
process is running and remove the file manually to continue.
> git add -A -- .
fatal: Unable to create '/home/divum/.git/index.lock': File exists.

If no other git process is currently running, this probably means a
git process crashed in this repository earlier. Make sure no other git
process is running and remove the file manually to continue.
> git add -A -- .
fatal: Unable to create '/home/divum/.git/index.lock': File exists.

If no other git process is currently running, this probably means a
git process crashed in this repository earlier. Make sure no other git
process is running and remove the file manually to continue.
> git add -A -- .
fatal: Unable to create '/home/divum/.git/index.lock': File exists.

If no other git process is currently running, this probably means a
git process crashed in this repository earlier. Make sure no other git
process is running and remove the file manually to continue.
> git add -A -- .
fatal: Unable to create '/home/divum/.git/index.lock': File exists.

If no other git process is currently running, this probably means a
git process crashed in this repository earlier. Make sure no other git
process is running and remove the file manually to continue.
> git add -A -- .
fatal: Unable to create '/home/divum/.git/index.lock': File exists.

If no other git process is currently running, this probably means a
git process crashed in this repository earlier. Make sure no other git
process is running and remove the file manually to continue.
> git add -A -- .
fatal: Unable to create '/home/divum/.git/index.lock': File exists.

If no other git process is currently running, this probably means a
git process crashed in this repository earlier. Make sure no other git
process is running and remove the file manually to continue.
> git check-ignore -z --stdin
> git add -A -- .
fatal: Unable to create '/home/divum/.git/index.lock': File exists.

If no other git process is currently running, this probably means a
git process crashed in this repository earlier. Make sure no other git
process is running and remove the file manually to continue.
> git add -A -- .
fatal: Unable to create '/home/divum/.git/index.lock': File exists.

If no other git process is currently running, this probably means a
git process crashed in this repository earlier. Make sure no other git
process is running and remove the file manually to continue.
> git add -A -- .
fatal: Unable to create '/home/divum/.git/index.lock': File exists.

If no other git process is currently running, this probably means a
git process crashed in this repository earlier. Make sure no other git
process is running and remove the file manually to continue.
> git add -A -- .
fatal: Unable to create '/home/divum/.git/index.lock': File exists.

If no other git process is currently running, this probably means a
git process crashed in this repository earlier. Make sure no other git
process is running and remove the file manually to continue.
> git show :.local/share/Trash/files/boards/forms.py
> git commit --quiet --allow-empty-message --file - --all
> git status -z -u
> git symbolic-ref --short HEAD
> git rev-parse master
> git rev-parse --symbolic-full-name master@{u}
fatal: no upstream configured for branch 'master'
> git for-each-ref --format %(refname) %(objectname) --sort -committerdate
> git remote --verbose
> git check-ignore -z --stdin
> git add -A -- .
> git commit --quiet --allow-empty-message --file - --all
> git status -z -u
> git symbolic-ref --short HEAD
> git rev-parse master
> git rev-parse --symbolic-full-name master@{u}
fatal: no upstream configured for branch 'master'
> git for-each-ref --format %(refname) %(objectname) --sort -committerdate
> git remote --verbose
> git check-ignore -z --stdin
> git show :Development/myproject/myproject/boards/tests/test_view_new_topic.py
> git check-ignore -z --stdin
> git show :.local/share/Trash/files/boards/forms.py
> git show :Development/myproject/myproject/boards/tests/test_view_new_topic.py
> git show :Development/myproject/myproject/boards/tests/test_view_board_topics.py
> git show :Development/myproject/myproject/boards/tests/test_view_new_topic.py
> git show :Development/myproject/myproject/boards/tests/test_view_board_topics.py
> git show :Development/myproject/myproject/boards/views.py
> git status -z -u
> git symbolic-ref --short HEAD
> git rev-parse master
> git rev-parse --symbolic-full-name master@{u}
fatal: no upstream configured for branch 'master'
> git for-each-ref --format %(refname) %(objectname) --sort -committerdate
> git remote --verbose
> git check-ignore -z --stdin
> git add -A -- .
> git commit --quiet --allow-empty-message --file - --all
